<?xml version="1.0" encoding="UTF-8"?>
<!DOCTYPE nmaprun>
<?xml-stylesheet href="file:///usr/bin/../share/nmap/nmap.xsl" type="text/xsl"?>
<!-- Nmap 6.49BETA4 scan initiated Thu Dec 15 00:24:57 2016 as: nmap -T4 -A -oX tmp.xml 172.21.130.21/24 -->
<nmaprun scanner="nmap" args="nmap -T4 -A -oX tmp.xml 172.21.130.21/24" start="1481779497" startstr="Thu Dec 15 00:24:57 2016" version="6.49BETA4" xmloutputversion="1.04">
<scaninfo type="syn" protocol="tcp" numservices="1000" services="1,3-4,6-7,9,13,17,19-26,30,32-33,37,42-43,49,53,70,79-85,88-90,99-100,106,109-111,113,119,125,135,139,143-144,146,161,163,179,199,211-212,222,254-256,259,264,280,301,306,311,340,366,389,406-407,416-417,425,427,443-445,458,464-465,481,497,500,512-515,524,541,543-545,548,554-555,563,587,593,616-617,625,631,636,646,648,666-668,683,687,691,700,705,711,714,720,722,726,749,765,777,783,787,800-801,808,843,873,880,888,898,900-903,911-912,981,987,990,992-993,995,999-1002,1007,1009-1011,1021-1100,1102,1104-1108,1110-1114,1117,1119,1121-1124,1126,1130-1132,1137-1138,1141,1145,1147-1149,1151-1152,1154,1163-1166,1169,1174-1175,1183,1185-1187,1192,1198-1199,1201,1213,1216-1218,1233-1234,1236,1244,1247-1248,1259,1271-1272,1277,1287,1296,1300-1301,1309-1311,1322,1328,1334,1352,1417,1433-1434,1443,1455,1461,1494,1500-1501,1503,1521,1524,1533,1556,1580,1583,1594,1600,1641,1658,1666,1687-1688,1700,1717-1721,1723,1755,1761,1782-1783,1801,1805,1812,1839-1840,1862-1864,1875,1900,1914,1935,1947,1971-1972,1974,1984,1998-2010,2013,2020-2022,2030,2033-2035,2038,2040-2043,2045-2049,2065,2068,2099-2100,2103,2105-2107,2111,2119,2121,2126,2135,2144,2160-2161,2170,2179,2190-2191,2196,2200,2222,2251,2260,2288,2301,2323,2366,2381-2383,2393-2394,2399,2401,2492,2500,2522,2525,2557,2601-2602,2604-2605,2607-2608,2638,2701-2702,2710,2717-2718,2725,2800,2809,2811,2869,2875,2909-2910,2920,2967-2968,2998,3000-3001,3003,3005-3007,3011,3013,3017,3030-3031,3052,3071,3077,3128,3168,3211,3221,3260-3261,3268-3269,3283,3300-3301,3306,3322-3325,3333,3351,3367,3369-3372,3389-3390,3404,3476,3493,3517,3527,3546,3551,3580,3659,3689-3690,3703,3737,3766,3784,3800-3801,3809,3814,3826-3828,3851,3869,3871,3878,3880,3889,3905,3914,3918,3920,3945,3971,3986,3995,3998,4000-4006,4045,4111,4125-4126,4129,4224,4242,4279,4321,4343,4443-4446,4449,4550,4567,4662,4848,4899-4900,4998,5000-5004,5009,5030,5033,5050-5051,5054,5060-5061,5080,5087,5100-5102,5120,5190,5200,5214,5221-5222,5225-5226,5269,5280,5298,5357,5405,5414,5431-5432,5440,5500,5510,5544,5550,5555,5560,5566,5631,5633,5666,5678-5679,5718,5730,5800-5802,5810-5811,5815,5822,5825,5850,5859,5862,5877,5900-5904,5906-5907,5910-5911,5915,5922,5925,5950,5952,5959-5963,5987-5989,5998-6007,6009,6025,6059,6100-6101,6106,6112,6123,6129,6156,6346,6389,6502,6510,6543,6547,6565-6567,6580,6646,6666-6669,6689,6692,6699,6779,6788-6789,6792,6839,6881,6901,6969,7000-7002,7004,7007,7019,7025,7070,7100,7103,7106,7200-7201,7402,7435,7443,7496,7512,7625,7627,7676,7741,7777-7778,7800,7911,7920-7921,7937-7938,7999-8002,8007-8011,8021-8022,8031,8042,8045,8080-8090,8093,8099-8100,8180-8181,8192-8194,8200,8222,8254,8290-8292,8300,8333,8383,8400,8402,8443,8500,8600,8649,8651-8652,8654,8701,8800,8873,8888,8899,8994,9000-9003,9009-9011,9040,9050,9071,9080-9081,9090-9091,9099-9103,9110-9111,9200,9207,9220,9290,9415,9418,9485,9500,9502-9503,9535,9575,9593-9595,9618,9666,9876-9878,9898,9900,9917,9929,9943-9944,9968,9998-10004,10009-10010,10012,10024-10025,10082,10180,10215,10243,10566,10616-10617,10621,10626,10628-10629,10778,11110-11111,11967,12000,12174,12265,12345,13456,13722,13782-13783,14000,14238,14441-14442,15000,15002-15004,15660,15742,16000-16001,16012,16016,16018,16080,16113,16992-16993,17877,17988,18040,18101,18988,19101,19283,19315,19350,19780,19801,19842,20000,20005,20031,20221-20222,20828,21571,22939,23502,24444,24800,25734-25735,26214,27000,27352-27353,27355-27356,27715,28201,30000,30718,30951,31038,31337,32768-32785,33354,33899,34571-34573,35500,38292,40193,40911,41511,42510,44176,44442-44443,44501,45100,48080,49152-49161,49163,49165,49167,49175-49176,49400,49999-50003,50006,50300,50389,50500,50636,50800,51103,51493,52673,52822,52848,52869,54045,54328,55055-55056,55555,55600,56737-56738,57294,57797,58080,60020,60443,61532,61900,62078,63331,64623,64680,65000,65129,65389"/>
<verbose level="0"/>
<debugging level="0"/>
<host starttime="1481779498" endtime="1481780872"><status state="up" reason="reset" reason_ttl="255"/>
<address addr="172.21.130.0" addrtype="ipv4"/>
<hostnames>
<hostname name="localhost" type="PTR"/>
</hostnames>
<ports><extraports state="filtered" count="1000">
<extrareasons reason="no-responses" count="1000"/>
</extraports>
</ports>
<os></os>
<distance value="2"/>
<trace port="80" proto="tcp">
<hop ttl="1" ipaddr="10.0.2.2" rtt="0.34" host="localhost"/>
<hop ttl="2" ipaddr="172.21.130.0" rtt="0.56" host="localhost"/>
</trace>
<times srtt="3619" rttvar="2937" to="100000"/>
</host>
<host starttime="1481779498" endtime="1481780872"><status state="up" reason="reset" reason_ttl="255"/>
<address addr="172.21.130.1" addrtype="ipv4"/>
<hostnames>
<hostname name="localhost" type="PTR"/>
</hostnames>
<ports><extraports state="filtered" count="1000">
<extrareasons reason="no-responses" count="1000"/>
</extraports>
</ports>
<os></os>
<distance value="2"/>
<trace port="80" proto="tcp">
<hop ttl="1" ipaddr="10.0.2.2" rtt="0.34" host="localhost"/>
<hop ttl="2" ipaddr="172.21.130.1" rtt="0.46" host="localhost"/>
</trace>
<times srtt="3215" rttvar="2491" to="100000"/>
</host>
<host starttime="1481779498" endtime="1481780872"><status state="up" reason="reset" reason_ttl="255"/>
<address addr="172.21.130.2" addrtype="ipv4"/>
<hostnames>
<hostname name="localhost" type="PTR"/>
</hostnames>
<ports><extraports state="filtered" count="1000">
<extrareasons reason="no-responses" count="1000"/>
</extraports>
</ports>
<os></os>
<distance value="2"/>
<trace port="80" proto="tcp">
<hop ttl="1" ipaddr="10.0.2.2" rtt="0.34" host="localhost"/>
<hop ttl="2" ipaddr="172.21.130.2" rtt="0.33" host="localhost"/>
</trace>
<times srtt="3365" rttvar="2439" to="100000"/>
</host>
<host starttime="1481779498" endtime="1481780872"><status state="up" reason="reset" reason_ttl="255"/>
<address addr="172.21.130.3" addrtype="ipv4"/>
<hostnames>
<hostname name="localhost" type="PTR"/>
</hostnames>
<ports><extraports state="filtered" count="1000">
<extrareasons reason="no-responses" count="1000"/>
</extraports>
</ports>
<os></os>
<distance value="2"/>
<trace port="80" proto="tcp">
<hop ttl="1" ipaddr="10.0.2.2" rtt="0.34" host="localhost"/>
<hop ttl="2" ipaddr="172.21.130.3" rtt="0.26" host="localhost"/>
</trace>
<times srtt="4832" rttvar="4145" to="100000"/>
</host>
<host starttime="1481779498" endtime="1481780872"><status state="up" reason="reset" reason_ttl="255"/>
<address addr="172.21.130.4" addrtype="ipv4"/>
<hostnames>
<hostname name="localhost" type="PTR"/>
</hostnames>
<ports><extraports state="filtered" count="1000">
<extrareasons reason="no-responses" count="1000"/>
</extraports>
</ports>
<os></os>
<distance value="2"/>
<trace port="80" proto="tcp">
<hop ttl="1" ipaddr="10.0.2.2" rtt="0.34" host="localhost"/>
<hop ttl="2" ipaddr="172.21.130.4" rtt="0.23" host="localhost"/>
</trace>
<times srtt="3865" rttvar="3327" to="100000"/>
</host>
<host starttime="1481779498" endtime="1481780872"><status state="up" reason="reset" reason_ttl="255"/>
<address addr="172.21.130.5" addrtype="ipv4"/>
<hostnames>
<hostname name="localhost" type="PTR"/>
</hostnames>
<ports><extraports state="filtered" count="1000">
<extrareasons reason="no-responses" count="1000"/>
</extraports>
</ports>
<os></os>
<distance value="2"/>
<trace port="80" proto="tcp">
<hop ttl="1" ipaddr="10.0.2.2" rtt="0.34" host="localhost"/>
<hop ttl="2" ipaddr="172.21.130.5" rtt="0.18" host="localhost"/>
</trace>
<times srtt="4255" rttvar="4519" to="100000"/>
</host>
<host starttime="1481779498" endtime="1481780872"><status state="up" reason="reset" reason_ttl="255"/>
<address addr="172.21.130.6" addrtype="ipv4"/>
<hostnames>
<hostname name="localhost" type="PTR"/>
</hostnames>
<ports><extraports state="filtered" count="1000">
<extrareasons reason="no-responses" count="1000"/>
</extraports>
</ports>
<os></os>
<distance value="2"/>
<trace port="80" proto="tcp">
<hop ttl="1" ipaddr="10.0.2.2" rtt="0.34" host="localhost"/>
<hop ttl="2" ipaddr="172.21.130.6" rtt="0.16" host="localhost"/>
</trace>
<times srtt="2790" rttvar="2291" to="100000"/>
</host>
<host starttime="1481779498" endtime="1481780872"><status state="up" reason="reset" reason_ttl="255"/>
<address addr="172.21.130.7" addrtype="ipv4"/>
<hostnames>
<hostname name="localhost" type="PTR"/>
</hostnames>
<ports><extraports state="filtered" count="1000">
<extrareasons reason="no-responses" count="1000"/>
</extraports>
</ports>
<os></os>
<distance value="2"/>
<trace port="80" proto="tcp">
<hop ttl="1" ipaddr="10.0.2.2" rtt="0.34" host="localhost"/>
<hop ttl="2" ipaddr="172.21.130.7" rtt="0.43" host="localhost"/>
</trace>
<times srtt="4592" rttvar="3590" to="100000"/>
</host>
<host starttime="1481779498" endtime="1481780872"><status state="up" reason="reset" reason_ttl="255"/>
<address addr="172.21.130.8" addrtype="ipv4"/>
<hostnames>
<hostname name="localhost" type="PTR"/>
</hostnames>
<ports><extraports state="filtered" count="1000">
<extrareasons reason="no-responses" count="1000"/>
</extraports>
</ports>
<os></os>
<distance value="2"/>
<trace port="80" proto="tcp">
<hop ttl="1" ipaddr="10.0.2.2" rtt="0.34" host="localhost"/>
<hop ttl="2" ipaddr="172.21.130.8" rtt="0.32" host="localhost"/>
</trace>
<times srtt="2830" rttvar="2642" to="100000"/>
</host>
<host starttime="1481779498" endtime="1481780872"><status state="up" reason="reset" reason_ttl="255"/>
<address addr="172.21.130.9" addrtype="ipv4"/>
<hostnames>
<hostname name="localhost" type="PTR"/>
</hostnames>
<ports><extraports state="filtered" count="1000">
<extrareasons reason="no-responses" count="1000"/>
</extraports>
</ports>
<os></os>
<distance value="2"/>
<trace port="80" proto="tcp">
<hop ttl="1" ipaddr="10.0.2.2" rtt="0.34" host="localhost"/>
<hop ttl="2" ipaddr="172.21.130.9" rtt="0.25" host="localhost"/>
</trace>
<times srtt="3559" rttvar="3087" to="100000"/>
</host>
<host starttime="1481779498" endtime="1481780872"><status state="up" reason="reset" reason_ttl="255"/>
<address addr="172.21.130.10" addrtype="ipv4"/>
<hostnames>
<hostname name="localhost" type="PTR"/>
</hostnames>
<ports><extraports state="filtered" count="1000">
<extrareasons reason="no-responses" count="1000"/>
</extraports>
</ports>
<os></os>
<distance value="2"/>
<trace port="80" proto="tcp">
<hop ttl="1" ipaddr="10.0.2.2" rtt="0.34" host="localhost"/>
<hop ttl="2" ipaddr="172.21.130.10" rtt="0.23" host="localhost"/>
</trace>
<times srtt="3312" rttvar="2248" to="100000"/>
</host>
<host starttime="1481779498" endtime="1481780872"><status state="up" reason="reset" reason_ttl="255"/>
<address addr="172.21.130.11" addrtype="ipv4"/>
<hostnames>
<hostname name="localhost" type="PTR"/>
</hostnames>
<ports><extraports state="filtered" count="1000">
<extrareasons reason="no-responses" count="1000"/>
</extraports>
</ports>
<os></os>
<distance value="2"/>
<trace port="80" proto="tcp">
<hop ttl="1" ipaddr="10.0.2.2" rtt="0.34" host="localhost"/>
<hop ttl="2" ipaddr="172.21.130.11" rtt="0.18" host="localhost"/>
</trace>
<times srtt="4169" rttvar="3615" to="100000"/>
</host>
<host starttime="1481779498" endtime="1481780872"><status state="up" reason="reset" reason_ttl="255"/>
<address addr="172.21.130.12" addrtype="ipv4"/>
<hostnames>
<hostname name="localhost" type="PTR"/>
</hostnames>
<ports><extraports state="filtered" count="1000">
<extrareasons reason="no-responses" count="1000"/>
</extraports>
</ports>
<os></os>
<distance value="2"/>
<trace port="80" proto="tcp">
<hop ttl="1" ipaddr="10.0.2.2" rtt="0.34" host="localhost"/>
<hop ttl="2" ipaddr="172.21.130.12" rtt="0.15" host="localhost"/>
</trace>
<times srtt="4856" rttvar="5131" to="100000"/>
</host>
<host starttime="1481779498" endtime="1481780872"><status state="up" reason="reset" reason_ttl="255"/>
<address addr="172.21.130.13" addrtype="ipv4"/>
<hostnames>
<hostname name="localhost" type="PTR"/>
</hostnames>
<ports><extraports state="filtered" count="1000">
<extrareasons reason="no-responses" count="1000"/>
</extraports>
</ports>
<os></os>
<distance value="2"/>
<trace port="80" proto="tcp">
<hop ttl="1" ipaddr="10.0.2.2" rtt="0.34" host="localhost"/>
<hop ttl="2" ipaddr="172.21.130.13" rtt="0.38" host="localhost"/>
</trace>
<times srtt="5216" rttvar="5111" to="100000"/>
</host>
<host starttime="1481779498" endtime="1481780872"><status state="up" reason="reset" reason_ttl="255"/>
<address addr="172.21.130.14" addrtype="ipv4"/>
<hostnames>
<hostname name="localhost" type="PTR"/>
</hostnames>
<ports><extraports state="filtered" count="1000">
<extrareasons reason="no-responses" count="1000"/>
</extraports>
</ports>
<os></os>
<distance value="2"/>
<trace port="80" proto="tcp">
<hop ttl="1" ipaddr="10.0.2.2" rtt="0.34" host="localhost"/>
<hop ttl="2" ipaddr="172.21.130.14" rtt="0.29" host="localhost"/>
</trace>
<times srtt="4563" rttvar="3657" to="100000"/>
</host>
<host starttime="1481779498" endtime="1481780872"><status state="up" reason="reset" reason_ttl="255"/>
<address addr="172.21.130.15" addrtype="ipv4"/>
<hostnames>
<hostname name="localhost" type="PTR"/>
</hostnames>
<ports><extraports state="filtered" count="1000">
<extrareasons reason="no-responses" count="1000"/>
</extraports>
</ports>
<os></os>
<distance value="2"/>
<trace port="80" proto="tcp">
<hop ttl="1" ipaddr="10.0.2.2" rtt="0.34" host="localhost"/>
<hop ttl="2" ipaddr="172.21.130.15" rtt="0.27" host="localhost"/>
</trace>
<times srtt="3451" rttvar="2575" to="100000"/>
</host>
<host starttime="1481779498" endtime="1481780872"><status state="up" reason="reset" reason_ttl="255"/>
<address addr="172.21.130.16" addrtype="ipv4"/>
<hostnames>
<hostname name="localhost" type="PTR"/>
</hostnames>
<ports><extraports state="filtered" count="1000">
<extrareasons reason="no-responses" count="1000"/>
</extraports>
</ports>
<os></os>
<distance value="2"/>
<trace port="80" proto="tcp">
<hop ttl="1" ipaddr="10.0.2.2" rtt="0.34" host="localhost"/>
<hop ttl="2" ipaddr="172.21.130.16" rtt="0.22" host="localhost"/>
</trace>
<times srtt="3115" rttvar="2706" to="100000"/>
</host>
<host starttime="1481779498" endtime="1481780872"><status state="up" reason="reset" reason_ttl="255"/>
<address addr="172.21.130.17" addrtype="ipv4"/>
<hostnames>
<hostname name="localhost" type="PTR"/>
</hostnames>
<ports><extraports state="filtered" count="1000">
<extrareasons reason="no-responses" count="1000"/>
</extraports>
</ports>
<os></os>
<distance value="2"/>
<trace port="80" proto="tcp">
<hop ttl="1" ipaddr="10.0.2.2" rtt="0.34" host="localhost"/>
<hop ttl="2" ipaddr="172.21.130.17" rtt="0.20" host="localhost"/>
</trace>
<times srtt="3372" rttvar="2139" to="100000"/>
</host>
<host starttime="1481779498" endtime="1481780872"><status state="up" reason="reset" reason_ttl="255"/>
<address addr="172.21.130.18" addrtype="ipv4"/>
<hostnames>
<hostname name="localhost" type="PTR"/>
</hostnames>
<ports><extraports state="filtered" count="1000">
<extrareasons reason="no-responses" count="1000"/>
</extraports>
</ports>
<os></os>
<distance value="2"/>
<trace port="80" proto="tcp">
<hop ttl="1" ipaddr="10.0.2.2" rtt="0.34" host="localhost"/>
<hop ttl="2" ipaddr="172.21.130.18" rtt="0.16" host="localhost"/>
</trace>
<times srtt="4269" rttvar="3596" to="100000"/>
</host>
<host starttime="1481779498" endtime="1481780872"><status state="up" reason="reset" reason_ttl="255"/>
<address addr="172.21.130.19" addrtype="ipv4"/>
<hostnames>
<hostname name="localhost" type="PTR"/>
</hostnames>
<ports><extraports state="filtered" count="1000">
<extrareasons reason="no-responses" count="1000"/>
</extraports>
</ports>
<os></os>
<distance value="2"/>
<trace port="80" proto="tcp">
<hop ttl="1" ipaddr="10.0.2.2" rtt="0.34" host="localhost"/>
<hop ttl="2" ipaddr="172.21.130.19" rtt="0.51" host="localhost"/>
</trace>
<times srtt="4398" rttvar="4210" to="100000"/>
</host>
<host starttime="1481779498" endtime="1481780872"><status state="up" reason="reset" reason_ttl="255"/>
<address addr="172.21.130.20" addrtype="ipv4"/>
<hostnames>
<hostname name="localhost" type="PTR"/>
</hostnames>
<ports><extraports state="filtered" count="1000">
<extrareasons reason="no-responses" count="1000"/>
</extraports>
</ports>
<os></os>
<distance value="2"/>
<trace port="80" proto="tcp">
<hop ttl="1" ipaddr="10.0.2.2" rtt="0.34" host="localhost"/>
<hop ttl="2" ipaddr="172.21.130.20" rtt="0.35" host="localhost"/>
</trace>
<times srtt="3741" rttvar="3355" to="100000"/>
</host>
<host starttime="1481779498" endtime="1481781308"><status state="up" reason="echo-reply" reason_ttl="61"/>
<address addr="172.21.130.21" addrtype="ipv4"/>
<hostnames>
<hostname name="localhost" type="PTR"/>
</hostnames>
<ports><extraports state="closed" count="999">
<extrareasons reason="resets" count="999"/>
</extraports>
<port protocol="tcp" portid="80"><state state="open" reason="syn-ack" reason_ttl="64"/><service name="http" product="Apache httpd" version="2.4.7" extrainfo="(Ubuntu)" method="probed" conf="10"><cpe>cpe:/a:apache:http_server:2.4.7</cpe></service><script id="http-methods" output="No Allow or Public header in OPTIONS response (status code 301)"/><script id="http-server-header" output="Apache/2.4.7 (Ubuntu)"><elem>Apache/2.4.7 (Ubuntu)</elem>
</script></port>
</ports>
<os><portused state="open" proto="tcp" portid="80"/>
<portused state="closed" proto="tcp" portid="1"/>
<osmatch name="QEMU user mode network gateway" accuracy="90" line="78447">
<osclass type="general purpose" vendor="QEMU" osfamily="QEMU" accuracy="90"><cpe>cpe:/o:qemu:qemu</cpe></osclass>
</osmatch>
<osmatch name="Cisco CSS 11501 switch" accuracy="86" line="12895">
<osclass type="switch" vendor="Cisco" osfamily="embedded" accuracy="86"><cpe>cpe:/h:cisco:css_11501</cpe></osclass>
</osmatch>
<osmatch name="Bay Networks BayStack 450 switch (software version 3.1.0.22)" accuracy="85" line="8436">
<osclass type="switch" vendor="Bay Networks" osfamily="embedded" accuracy="85"><cpe>cpe:/h:baynetworks:baystack_450</cpe></osclass>
</osmatch>
<osmatch name="Sanyo PLC-XU88 digital video projector" accuracy="85" line="80251">
<osclass type="media device" vendor="Sanyo" osfamily="embedded" accuracy="85"><cpe>cpe:/h:sanyo:plc-xu88</cpe></osclass>
</osmatch>
<osmatch name="Bay Networks BayStack 450 switch (software version 4.2.0.16)" accuracy="85" line="8454">
<osclass type="switch" vendor="Bay Networks" osfamily="embedded" accuracy="85"><cpe>cpe:/h:baynetworks:baystack_450</cpe></osclass>
</osmatch>
<osmatch name="Canon PIXMA MX850 printer" accuracy="85" line="11675">
<osclass type="printer" vendor="Canon" osfamily="embedded" accuracy="85"><cpe>cpe:/h:canon:pixma_mx850</cpe></osclass>
</osmatch>
</os>
<distance value="2"/>
<tcpsequence index="24" difficulty="Good luck!" values="B9E9C01,BA57201,BAD4201,BB51201,BBDDC01,BC4B201"/>
<ipidsequence class="Incremental" values="92B7,92BE,92C6,92CE,92D6,92DD"/>
<tcptssequence class="none returned (unsupported)"/>
<trace port="995" proto="tcp">
<hop ttl="1" ipaddr="10.0.2.2" rtt="0.34" host="localhost"/>
<hop ttl="2" ipaddr="172.21.130.21" rtt="60.38" host="localhost"/>
</trace>
<times srtt="150847" rttvar="225742" to="1053815"/>
</host>
<host starttime="1481779498" endtime="1481781308"><status state="up" reason="echo-reply" reason_ttl="60"/>
<address addr="172.21.130.22" addrtype="ipv4"/>
<hostnames>
<hostname name="localhost" type="PTR"/>
</hostnames>
<ports><extraports state="closed" count="999">
<extrareasons reason="resets" count="999"/>
</extraports>
<port protocol="tcp" portid="22"><state state="open" reason="syn-ack" reason_ttl="64"/><service name="ssh" product="OpenSSH" version="6.6.1" extrainfo="protocol 2.0" method="probed" conf="10"><cpe>cpe:/a:openbsd:openssh:6.6.1</cpe></service></port>
</ports>
<os><portused state="open" proto="tcp" portid="22"/>
<portused state="closed" proto="tcp" portid="1"/>
<osmatch name="QEMU user mode network gateway" accuracy="89" line="78447">
<osclass type="general purpose" vendor="QEMU" osfamily="QEMU" accuracy="89"><cpe>cpe:/o:qemu:qemu</cpe></osclass>
</osmatch>
<osmatch name="Bay Networks BayStack 450 switch (software version 3.1.0.22)" accuracy="86" line="8436">
<osclass type="switch" vendor="Bay Networks" osfamily="embedded" accuracy="86"><cpe>cpe:/h:baynetworks:baystack_450</cpe></osclass>
</osmatch>
<osmatch name="Cisco CSS 11501 switch" accuracy="86" line="12895">
<osclass type="switch" vendor="Cisco" osfamily="embedded" accuracy="86"><cpe>cpe:/h:cisco:css_11501</cpe></osclass>
</osmatch>
</os>
<distance value="2"/>
<tcpsequence index="36" difficulty="Good luck!" values="BA18A01,BA76601,BB31E01,BB9F401,BC2BE01,BCB8801"/>
<ipidsequence class="Busy server or unknown class" values="92BA,92C0,92CC,92D3,92DB,92E4"/>
<tcptssequence class="none returned (unsupported)"/>
<trace port="995" proto="tcp">
<hop ttl="1" ipaddr="10.0.2.2" rtt="0.34" host="localhost"/>
<hop ttl="2" ipaddr="172.21.130.22" rtt="89.20" host="localhost"/>
</trace>
<times srtt="158154" rttvar="217345" to="1027534"/>
</host>
<host starttime="1481779498" endtime="1481781308"><status state="up" reason="echo-reply" reason_ttl="60"/>
<address addr="172.21.130.23" addrtype="ipv4"/>
<hostnames>
<hostname name="localhost" type="PTR"/>
</hostnames>
<ports><extraports state="closed" count="999">
<extrareasons reason="resets" count="999"/>
</extraports>
<port protocol="tcp" portid="22"><state state="open" reason="syn-ack" reason_ttl="64"/><service name="ssh" product="OpenSSH" version="6.6.1" extrainfo="protocol 2.0" method="probed" conf="10"><cpe>cpe:/a:openbsd:openssh:6.6.1</cpe></service></port>
</ports>
<os><portused state="open" proto="tcp" portid="22"/>
<portused state="closed" proto="tcp" portid="1"/>
<osmatch name="QEMU user mode network gateway" accuracy="89" line="78447">
<osclass type="general purpose" vendor="QEMU" osfamily="QEMU" accuracy="89"><cpe>cpe:/o:qemu:qemu</cpe></osclass>
</osmatch>
<osmatch name="Bay Networks BayStack 450 switch (software version 3.1.0.22)" accuracy="86" line="8436">
<osclass type="switch" vendor="Bay Networks" osfamily="embedded" accuracy="86"><cpe>cpe:/h:baynetworks:baystack_450</cpe></osclass>
</osmatch>
<osmatch name="Cisco CSS 11501 switch" accuracy="86" line="12895">
<osclass type="switch" vendor="Cisco" osfamily="embedded" accuracy="86"><cpe>cpe:/h:cisco:css_11501</cpe></osclass>
</osmatch>
</os>
<distance value="2"/>
<tcpsequence index="36" difficulty="Good luck!" values="BA09001,BA66C01,BB22401,BB8FA01,BC1C401,BCA8E01"/>
<ipidsequence class="Busy server or unknown class" values="92B9,92BF,92CB,92D2,92DA,92E3"/>
<tcptssequence class="none returned (unsupported)"/>
<trace port="995" proto="tcp">
<hop ttl="1" ipaddr="10.0.2.2" rtt="0.34" host="localhost"/>
<hop ttl="2" ipaddr="172.21.130.23" rtt="90.04" host="localhost"/>
</trace>
<times srtt="158260" rttvar="217241" to="1027224"/>
</host>
<host starttime="1481779498" endtime="1481781308"><status state="up" reason="echo-reply" reason_ttl="61"/>
<address addr="172.21.130.24" addrtype="ipv4"/>
<hostnames>
<hostname name="localhost" type="PTR"/>
</hostnames>
<ports><extraports state="closed" count="997">
<extrareasons reason="resets" count="997"/>
</extraports>
<port protocol="tcp" portid="22"><state state="open" reason="syn-ack" reason_ttl="64"/><service name="ssh" product="OpenSSH" version="6.6.1p1 Ubuntu 2ubuntu2.7" extrainfo="Ubuntu Linux; protocol 2.0" ostype="Linux" method="probed" conf="10"><cpe>cpe:/a:openbsd:openssh:6.6.1p1</cpe><cpe>cpe:/o:linux:linux_kernel</cpe></service></port>
<port protocol="tcp" portid="80"><state state="open" reason="syn-ack" reason_ttl="64"/><service name="http" product="Apache httpd" version="2.4.7" extrainfo="(Ubuntu)" method="probed" conf="10"><cpe>cpe:/a:apache:http_server:2.4.7</cpe></service><script id="http-server-header" output="Apache/2.4.7 (Ubuntu)"><elem>Apache/2.4.7 (Ubuntu)</elem>
</script></port>
<port protocol="tcp" portid="111"><state state="open" reason="syn-ack" reason_ttl="64"/><service name="rpcbind" method="probed" conf="10"/></port>
</ports>
<os><portused state="open" proto="tcp" portid="22"/>
<portused state="closed" proto="tcp" portid="1"/>
<osmatch name="QEMU user mode network gateway" accuracy="89" line="78447">
<osclass type="general purpose" vendor="QEMU" osfamily="QEMU" accuracy="89"><cpe>cpe:/o:qemu:qemu</cpe></osclass>
</osmatch>
<osmatch name="Cisco CSS 11501 switch" accuracy="86" line="12895">
<osclass type="switch" vendor="Cisco" osfamily="embedded" accuracy="86"><cpe>cpe:/h:cisco:css_11501</cpe></osclass>
</osmatch>
<osmatch name="Bay Networks BayStack 450 switch (software version 3.1.0.22)" accuracy="85" line="8436">
<osclass type="switch" vendor="Bay Networks" osfamily="embedded" accuracy="85"><cpe>cpe:/h:baynetworks:baystack_450</cpe></osclass>
</osmatch>
<osmatch name="Sanyo PLC-XU88 digital video projector" accuracy="85" line="80251">
<osclass type="media device" vendor="Sanyo" osfamily="embedded" accuracy="85"><cpe>cpe:/h:sanyo:plc-xu88</cpe></osclass>
</osmatch>
<osmatch name="Bay Networks BayStack 450 switch (software version 4.2.0.16)" accuracy="85" line="8454">
<osclass type="switch" vendor="Bay Networks" osfamily="embedded" accuracy="85"><cpe>cpe:/h:baynetworks:baystack_450</cpe></osclass>
</osmatch>
<osmatch name="Canon PIXMA MX850 printer" accuracy="85" line="11675">
<osclass type="printer" vendor="Canon" osfamily="embedded" accuracy="85"><cpe>cpe:/h:canon:pixma_mx850</cpe></osclass>
</osmatch>
</os>
<distance value="2"/>
<tcpsequence index="37" difficulty="Good luck!" values="B9DA201,BA95A01,BAE3C01,BB60C01,BBED601,BC6A601"/>
<ipidsequence class="Busy server or unknown class" values="92B6,92C2,92C7,92CF,92D7,92DF"/>
<tcptssequence class="none returned (unsupported)"/>
<trace port="995" proto="tcp">
<hop ttl="1" ipaddr="10.0.2.2" rtt="0.34" host="localhost"/>
<hop ttl="2" ipaddr="172.21.130.24" rtt="62.10" host="localhost"/>
</trace>
<times srtt="153361" rttvar="226749" to="1060357"/>
</host>
<host starttime="1481779498" endtime="1481781308"><status state="up" reason="echo-reply" reason_ttl="124"/>
<address addr="172.21.130.25" addrtype="ipv4"/>
<hostnames>
<hostname name="localhost" type="PTR"/>
</hostnames>
<ports><extraports state="closed" count="987">
<extrareasons reason="resets" count="987"/>
</extraports>
<port protocol="tcp" portid="80"><state state="open" reason="syn-ack" reason_ttl="64"/><service name="http" product="Microsoft IIS httpd" version="7.5" ostype="Windows" method="probed" conf="10"><cpe>cpe:/a:microsoft:iis:7.5</cpe><cpe>cpe:/o:microsoft:windows</cpe></service></port>
<port protocol="tcp" portid="135"><state state="open" reason="syn-ack" reason_ttl="64"/><service name="msrpc" product="Microsoft Windows RPC" ostype="Windows" method="probed" conf="10"><cpe>cpe:/o:microsoft:windows</cpe></service></port>
<port protocol="tcp" portid="139"><state state="open" reason="syn-ack" reason_ttl="64"/><service name="netbios-ssn" product="Microsoft Windows 98 netbios-ssn" ostype="Windows 98" method="probed" conf="10"><cpe>cpe:/o:microsoft:windows_98</cpe></service></port>
<port protocol="tcp" portid="445"><state state="open" reason="syn-ack" reason_ttl="64"/><service name="microsoft-ds" extrainfo="primary domain: WORKGROUP" hostname="KNBJ-PTM-DB-V" servicefp="SF-Port445-TCP:V=6.49BETA4%I=7%D=12/15%Time=58522E3E%P=x86_64-pc-linux-gnu%r(SMBProgNeg,81,&quot;\0\0\0}\xffSMBr\0\0\0\0\x88\x01@\0\0\0\0\0\0\0\0\0\0\0\0\0\0@\x06\0\0\x01\0\x11\x07\0\x032\0\x01\0\x04A\0\0\0\0\x01\0\0\0\0\0\xfc\xe3\x01\0qN\xe1\x98\x96V\xd2\x01\x20\xfe\x088\0!\x86\&quot;\n~\xa7\xe7\xcbW\0O\0R\0K\0G\0R\0O\0U\0P\0\0\0K\0N\0B\0J\0-\0P\0T\0M\0-\0D\0B\0-\0V\0\0\0&quot;);" method="probed" conf="10"/></port>
<port protocol="tcp" portid="1433"><state state="open" reason="syn-ack" reason_ttl="64"/><service name="ms-sql-s" product="Microsoft SQL Server 2012" version="11.00.3128; SP1+" ostype="Windows" method="probed" conf="10"><cpe>cpe:/a:microsoft:sql_server:2012:sp1</cpe><cpe>cpe:/o:microsoft:windows</cpe></service></port>
<port protocol="tcp" portid="2383"><state state="open" reason="syn-ack" reason_ttl="64"/><service name="ms-olap4" method="table" conf="3"/></port>
<port protocol="tcp" portid="3389"><state state="open" reason="syn-ack" reason_ttl="64"/><service name="ms-wbt-server" method="table" conf="3"/></port>
<port protocol="tcp" portid="49152"><state state="open" reason="syn-ack" reason_ttl="64"/><service name="msrpc" product="Microsoft Windows RPC" ostype="Windows" method="probed" conf="10"><cpe>cpe:/o:microsoft:windows</cpe></service></port>
<port protocol="tcp" portid="49153"><state state="open" reason="syn-ack" reason_ttl="64"/><service name="msrpc" product="Microsoft Windows RPC" ostype="Windows" method="probed" conf="10"><cpe>cpe:/o:microsoft:windows</cpe></service></port>
<port protocol="tcp" portid="49154"><state state="open" reason="syn-ack" reason_ttl="64"/><service name="msrpc" product="Microsoft Windows RPC" ostype="Windows" method="probed" conf="10"><cpe>cpe:/o:microsoft:windows</cpe></service></port>
<port protocol="tcp" portid="49155"><state state="open" reason="syn-ack" reason_ttl="64"/><service name="msrpc" product="Microsoft Windows RPC" ostype="Windows" method="probed" conf="10"><cpe>cpe:/o:microsoft:windows</cpe></service></port>
<port protocol="tcp" portid="49156"><state state="open" reason="syn-ack" reason_ttl="64"/><service name="msrpc" product="Microsoft Windows RPC" ostype="Windows" method="probed" conf="10"><cpe>cpe:/o:microsoft:windows</cpe></service></port>
<port protocol="tcp" portid="49157"><state state="open" reason="syn-ack" reason_ttl="64"/><service name="msrpc" product="Microsoft Windows RPC" ostype="Windows" method="probed" conf="10"><cpe>cpe:/o:microsoft:windows</cpe></service></port>
</ports>
<os><portused state="open" proto="tcp" portid="80"/>
<portused state="closed" proto="tcp" portid="1"/>
<osmatch name="QEMU user mode network gateway" accuracy="89" line="78447">
<osclass type="general purpose" vendor="QEMU" osfamily="QEMU" accuracy="89"><cpe>cpe:/o:qemu:qemu</cpe></osclass>
</osmatch>
<osmatch name="Cisco CSS 11501 switch" accuracy="86" line="12895">
<osclass type="switch" vendor="Cisco" osfamily="embedded" accuracy="86"><cpe>cpe:/h:cisco:css_11501</cpe></osclass>
</osmatch>
<osmatch name="Bay Networks BayStack 450 switch (software version 3.1.0.22)" accuracy="85" line="8436">
<osclass type="switch" vendor="Bay Networks" osfamily="embedded" accuracy="85"><cpe>cpe:/h:baynetworks:baystack_450</cpe></osclass>
</osmatch>
<osmatch name="Sanyo PLC-XU88 digital video projector" accuracy="85" line="80251">
<osclass type="media device" vendor="Sanyo" osfamily="embedded" accuracy="85"><cpe>cpe:/h:sanyo:plc-xu88</cpe></osclass>
</osmatch>
</os>
<distance value="2"/>
<tcpsequence index="30" difficulty="Good luck!" values="BA37E01,BAB4E01,BB12A01,BB80001,BC0CA01,BC99401"/>
<ipidsequence class="Incremental" values="92BC,92C4,92CA,92D1,92D9,92E2"/>
<tcptssequence class="none returned (unsupported)"/>
<trace port="995" proto="tcp">
<hop ttl="1" ipaddr="10.0.2.2" rtt="0.34" host="localhost"/>
<hop ttl="2" ipaddr="172.21.130.25" rtt="74.33" host="localhost"/>
</trace>
<times srtt="61633" rttvar="48725" to="256533"/>
</host>
<host starttime="1481779498" endtime="1481781308"><status state="up" reason="reset" reason_ttl="255"/>
<address addr="172.21.130.26" addrtype="ipv4"/>
<hostnames>
<hostname name="localhost" type="PTR"/>
</hostnames>
<ports><extraports state="filtered" count="996">
<extrareasons reason="no-responses" count="996"/>
</extraports>
<port protocol="tcp" portid="135"><state state="open" reason="syn-ack" reason_ttl="64"/><service name="msrpc" product="Microsoft Windows RPC" ostype="Windows" method="probed" conf="10"><cpe>cpe:/o:microsoft:windows</cpe></service></port>
<port protocol="tcp" portid="445"><state state="open" reason="syn-ack" reason_ttl="64"/><service name="microsoft-ds" extrainfo="primary domain: WORKGROUP" hostname="KNBJ-PTM-WEB-V" servicefp="SF-Port445-TCP:V=6.49BETA4%I=7%D=12/15%Time=58522E41%P=x86_64-pc-linux-gnu%r(SMBProgNeg,83,&quot;\0\0\0\x7f\xffSMBr\0\0\0\0\x88\x01@\0\0\0\0\0\0\0\0\0\0\0\0\0\0@\x06\0\0\x01\0\x11\x07\0\x032\0\x01\0\x04A\0\0\0\0\x01\0\0\0\0\0\xfc\xe3\x01\0\xf02\.\x99\x96V\xd2\x01\x20\xfe\x08:\0\x1eE!\x18\xfb&lt;xXW\0O\0R\0K\0G\0R\0O\0U\0P\0\0\0K\0N\0B\0J\0-\0P\0T\0M\0-\0W\0E\0B\0-\0V\0\0\0&quot;);" method="probed" conf="10"/></port>
<port protocol="tcp" portid="3389"><state state="open" reason="syn-ack" reason_ttl="64"/><service name="ms-wbt-server" product="Microsoft Terminal Service" ostype="Windows" method="probed" conf="10"><cpe>cpe:/o:microsoft:windows</cpe></service></port>
<port protocol="tcp" portid="49155"><state state="open" reason="syn-ack" reason_ttl="64"/><service name="msrpc" product="Microsoft Windows RPC" ostype="Windows" method="probed" conf="10"><cpe>cpe:/o:microsoft:windows</cpe></service></port>
</ports>
<os><portused state="open" proto="tcp" portid="135"/>
<osmatch name="QEMU user mode network gateway" accuracy="93" line="78447">
<osclass type="general purpose" vendor="QEMU" osfamily="QEMU" accuracy="93"><cpe>cpe:/o:qemu:qemu</cpe></osclass>
</osmatch>
<osmatch name="Bay Networks BayStack 450 switch (software version 3.1.0.22)" accuracy="88" line="8436">
<osclass type="switch" vendor="Bay Networks" osfamily="embedded" accuracy="88"><cpe>cpe:/h:baynetworks:baystack_450</cpe></osclass>
</osmatch>
<osmatch name="Samsung CLP-315W printer" accuracy="86" line="79889">
<osclass type="printer" vendor="Samsung" osfamily="embedded" accuracy="86"><cpe>cpe:/h:samsung:clp-315w</cpe></osclass>
</osmatch>
<osmatch name="Cisco IP Phone 7912-series" accuracy="86" line="13451">
<osclass type="VoIP phone" vendor="Cisco" osfamily="embedded" accuracy="86"><cpe>cpe:/h:cisco:unified_ip_phone_7912</cpe></osclass>
</osmatch>
<osmatch name="Slingmedia Slingbox AV TV over IP gateway" accuracy="86" line="82008">
<osclass type="media device" vendor="Sling" osfamily="embedded" accuracy="86"><cpe>cpe:/h:slingmedia:slingbox_av</cpe></osclass>
</osmatch>
<osmatch name="Bay Networks BayStack 450 switch (software version 4.2.0.16)" accuracy="85" line="8454">
<osclass type="switch" vendor="Bay Networks" osfamily="embedded" accuracy="85"><cpe>cpe:/h:baynetworks:baystack_450</cpe></osclass>
</osmatch>
<osmatch name="Dell 1815dn printer" accuracy="85" line="19830">
<osclass type="printer" vendor="Dell" osfamily="embedded" accuracy="85"><cpe>cpe:/h:dell:1815dn</cpe></osclass>
</osmatch>
<osmatch name="VxWorks" accuracy="85" line="88502">
<osclass type="general purpose" vendor="Wind River" osfamily="VxWorks" accuracy="85"><cpe>cpe:/o:windriver:vxworks</cpe></osclass>
</osmatch>
<osmatch name="Sanyo PLC-XU88 digital video projector" accuracy="85" line="80251">
<osclass type="media device" vendor="Sanyo" osfamily="embedded" accuracy="85"><cpe>cpe:/h:sanyo:plc-xu88</cpe></osclass>
</osmatch>
<osmatch name="Tyco 24 Port SNMP Managed Switch" accuracy="85" line="86667">
<osclass type="switch" vendor="Tyco" osfamily="embedded" accuracy="85"/>
</osmatch>
</os>
<distance value="2"/>
<tcpsequence index="36" difficulty="Good luck!" values="BA28401,BAA5401,BB03001,BBAEE01,BC3B801,BC89A01"/>
<ipidsequence class="Busy server or unknown class" values="92BB,92C3,92C9,92D4,92DC,92E1"/>
<tcptssequence class="none returned (unsupported)"/>
<trace port="80" proto="tcp">
<hop ttl="1" ipaddr="10.0.2.2" rtt="0.34" host="localhost"/>
<hop ttl="2" ipaddr="172.21.130.26" rtt="0.32" host="localhost"/>
</trace>
<times srtt="13170" rttvar="15623" to="100000"/>
</host>
<host starttime="1481779498" endtime="1481781308"><status state="up" reason="echo-reply" reason_ttl="125"/>
<address addr="172.21.130.27" addrtype="ipv4"/>
<hostnames>
<hostname name="localhost" type="PTR"/>
</hostnames>
<ports><extraports state="closed" count="990">
<extrareasons reason="resets" count="990"/>
</extraports>
<port protocol="tcp" portid="135"><state state="open" reason="syn-ack" reason_ttl="64"/><service name="msrpc" product="Microsoft Windows RPC" ostype="Windows" method="probed" conf="10"><cpe>cpe:/o:microsoft:windows</cpe></service></port>
<port protocol="tcp" portid="139"><state state="open" reason="syn-ack" reason_ttl="64"/><service name="netbios-ssn" product="Microsoft Windows 98 netbios-ssn" ostype="Windows 98" method="probed" conf="10"><cpe>cpe:/o:microsoft:windows_98</cpe></service></port>
<port protocol="tcp" portid="445"><state state="open" reason="syn-ack" reason_ttl="64"/><service name="microsoft-ds" extrainfo="primary domain: WORKGROUP" hostname="KNBJ-PTM-APP-V" servicefp="SF-Port445-TCP:V=6.49BETA4%I=7%D=12/15%Time=58522E41%P=x86_64-pc-linux-gnu%r(SMBProgNeg,83,&quot;\0\0\0\x7f\xffSMBr\0\0\0\0\x88\x01@\0\0\0\0\0\0\0\0\0\0\0\0\0\0@\x06\0\0\x01\0\x11\x07\0\x032\0\x01\0\x04A\0\0\0\0\x01\0\0\0\0\0\xfc\xe3\x01\0\x8f\&quot;\x81\x98\x96V\xd2\x01\x20\xfe\x08:\0\x93\xeeBnP\x1f\xeb\xa9W\0O\0R\0K\0G\0R\0O\0U\0P\0\0\0K\0N\0B\0J\0-\0P\0T\0M\0-\0A\0P\0P\0-\0V\0\0\0&quot;);" method="probed" conf="10"/></port>
<port protocol="tcp" portid="3389"><state state="open" reason="syn-ack" reason_ttl="64"/><service name="ms-wbt-server" product="Microsoft Terminal Service" ostype="Windows" method="probed" conf="10"><cpe>cpe:/o:microsoft:windows</cpe></service></port>
<port protocol="tcp" portid="49152"><state state="open" reason="syn-ack" reason_ttl="64"/><service name="msrpc" product="Microsoft Windows RPC" ostype="Windows" method="probed" conf="10"><cpe>cpe:/o:microsoft:windows</cpe></service></port>
<port protocol="tcp" portid="49153"><state state="open" reason="syn-ack" reason_ttl="64"/><service name="msrpc" product="Microsoft Windows RPC" ostype="Windows" method="probed" conf="10"><cpe>cpe:/o:microsoft:windows</cpe></service></port>
<port protocol="tcp" portid="49154"><state state="open" reason="syn-ack" reason_ttl="64"/><service name="msrpc" product="Microsoft Windows RPC" ostype="Windows" method="probed" conf="10"><cpe>cpe:/o:microsoft:windows</cpe></service></port>
<port protocol="tcp" portid="49155"><state state="open" reason="syn-ack" reason_ttl="64"/><service name="msrpc" product="Microsoft Windows RPC" ostype="Windows" method="probed" conf="10"><cpe>cpe:/o:microsoft:windows</cpe></service></port>
<port protocol="tcp" portid="49156"><state state="open" reason="syn-ack" reason_ttl="64"/><service name="msrpc" product="Microsoft Windows RPC" ostype="Windows" method="probed" conf="10"><cpe>cpe:/o:microsoft:windows</cpe></service></port>
<port protocol="tcp" portid="49157"><state state="open" reason="syn-ack" reason_ttl="64"/><service name="msrpc" product="Microsoft Windows RPC" ostype="Windows" method="probed" conf="10"><cpe>cpe:/o:microsoft:windows</cpe></service></port>
</ports>
<os><portused state="open" proto="tcp" portid="135"/>
<portused state="closed" proto="tcp" portid="1"/>
<osmatch name="QEMU user mode network gateway" accuracy="89" line="78447">
<osclass type="general purpose" vendor="QEMU" osfamily="QEMU" accuracy="89"><cpe>cpe:/o:qemu:qemu</cpe></osclass>
</osmatch>
<osmatch name="Cisco CSS 11501 switch" accuracy="86" line="12895">
<osclass type="switch" vendor="Cisco" osfamily="embedded" accuracy="86"><cpe>cpe:/h:cisco:css_11501</cpe></osclass>
</osmatch>
<osmatch name="Bay Networks BayStack 450 switch (software version 3.1.0.22)" accuracy="85" line="8436">
<osclass type="switch" vendor="Bay Networks" osfamily="embedded" accuracy="85"><cpe>cpe:/h:baynetworks:baystack_450</cpe></osclass>
</osmatch>
<osmatch name="Sanyo PLC-XU88 digital video projector" accuracy="85" line="80251">
<osclass type="media device" vendor="Sanyo" osfamily="embedded" accuracy="85"><cpe>cpe:/h:sanyo:plc-xu88</cpe></osclass>
</osmatch>
</os>
<distance value="2"/>
<tcpsequence index="24" difficulty="Good luck!" values="B9F9601,BA86001,BAF3601,BB70601,BBFD001,BC7A001"/>
<ipidsequence class="Incremental" values="92B8,92C1,92C8,92D0,92D8,92E0"/>
<tcptssequence class="none returned (unsupported)"/>
<trace port="995" proto="tcp">
<hop ttl="1" ipaddr="10.0.2.2" rtt="0.34" host="localhost"/>
<hop ttl="2" ipaddr="172.21.130.27" rtt="63.07" host="localhost"/>
</trace>
<times srtt="57691" rttvar="48837" to="253039"/>
</host>
<host starttime="1481779498" endtime="1481781308"><status state="up" reason="reset" reason_ttl="255"/>
<address addr="172.21.130.28" addrtype="ipv4"/>
<hostnames>
<hostname name="localhost" type="PTR"/>
</hostnames>
<ports><extraports state="filtered" count="996">
<extrareasons reason="no-responses" count="996"/>
</extraports>
<port protocol="tcp" portid="135"><state state="open" reason="syn-ack" reason_ttl="64"/><service name="msrpc" product="Microsoft Windows RPC" ostype="Windows" method="probed" conf="10"><cpe>cpe:/o:microsoft:windows</cpe></service></port>
<port protocol="tcp" portid="445"><state state="open" reason="syn-ack" reason_ttl="64"/><service name="microsoft-ds" extrainfo="primary domain: WORKGROUP" hostname="KNBJ-PTM-INF-V" servicefp="SF-Port445-TCP:V=6.49BETA4%I=7%D=12/15%Time=58522E44%P=x86_64-pc-linux-gnu%r(SMBProgNeg,83,&quot;\0\0\0\x7f\xffSMBr\0\0\0\0\x88\x01@\0\0\0\0\0\0\0\0\0\0\0\0\0\0@\x06\0\0\x01\0\x11\x07\0\x032\0\x01\0\x04A\0\0\0\0\x01\0\0\0\0\0\xfc\xe3\x01\0\+z\x9c\x9a\x96V\xd2\x01\x20\xfe\x08:\0\xd5\xe7\x8c\xc1\xfa\x9aU\x92W\0O\0R\0K\0G\0R\0O\0U\0P\0\0\0K\0N\0B\0J\0-\0P\0T\0M\0-\0I\0N\0F\0-\0V\0\0\0&quot;);" method="probed" conf="10"/></port>
<port protocol="tcp" portid="3389"><state state="open" reason="syn-ack" reason_ttl="64"/><service name="ms-wbt-server" product="Microsoft Terminal Service" ostype="Windows" method="probed" conf="10"><cpe>cpe:/o:microsoft:windows</cpe></service></port>
<port protocol="tcp" portid="49155"><state state="open" reason="syn-ack" reason_ttl="64"/><service name="msrpc" product="Microsoft Windows RPC" ostype="Windows" method="probed" conf="10"><cpe>cpe:/o:microsoft:windows</cpe></service></port>
</ports>
<os><portused state="open" proto="tcp" portid="135"/>
<osmatch name="QEMU user mode network gateway" accuracy="94" line="78447">
<osclass type="general purpose" vendor="QEMU" osfamily="QEMU" accuracy="94"><cpe>cpe:/o:qemu:qemu</cpe></osclass>
</osmatch>
<osmatch name="Samsung CLP-315W printer" accuracy="88" line="79889">
<osclass type="printer" vendor="Samsung" osfamily="embedded" accuracy="88"><cpe>cpe:/h:samsung:clp-315w</cpe></osclass>
</osmatch>
<osmatch name="Slingmedia Slingbox AV TV over IP gateway" accuracy="87" line="82008">
<osclass type="media device" vendor="Sling" osfamily="embedded" accuracy="87"><cpe>cpe:/h:slingmedia:slingbox_av</cpe></osclass>
</osmatch>
<osmatch name="Bay Networks BayStack 450 switch (software version 3.1.0.22)" accuracy="87" line="8436">
<osclass type="switch" vendor="Bay Networks" osfamily="embedded" accuracy="87"><cpe>cpe:/h:baynetworks:baystack_450</cpe></osclass>
</osmatch>
<osmatch name="Dell 1815dn printer" accuracy="87" line="19830">
<osclass type="printer" vendor="Dell" osfamily="embedded" accuracy="87"><cpe>cpe:/h:dell:1815dn</cpe></osclass>
</osmatch>
<osmatch name="VxWorks" accuracy="87" line="88502">
<osclass type="general purpose" vendor="Wind River" osfamily="VxWorks" accuracy="87"><cpe>cpe:/o:windriver:vxworks</cpe></osclass>
</osmatch>
<osmatch name="Tyco 24 Port SNMP Managed Switch" accuracy="87" line="86667">
<osclass type="switch" vendor="Tyco" osfamily="embedded" accuracy="87"/>
</osmatch>
<osmatch name="Xerox WorkCentre 4150 printer" accuracy="87" line="89393">
<osclass type="printer" vendor="Xerox" osfamily="embedded" accuracy="87"><cpe>cpe:/h:xerox:workcentre_4150</cpe></osclass>
</osmatch>
<osmatch name="Bay Networks BayStack 450 switch (software version 4.2.0.16)" accuracy="86" line="8454">
<osclass type="switch" vendor="Bay Networks" osfamily="embedded" accuracy="86"><cpe>cpe:/h:baynetworks:baystack_450</cpe></osclass>
</osmatch>
<osmatch name="Sanyo PLC-XU88 digital video projector" accuracy="86" line="80251">
<osclass type="media device" vendor="Sanyo" osfamily="embedded" accuracy="86"><cpe>cpe:/h:sanyo:plc-xu88</cpe></osclass>
</osmatch>
</os>
<distance value="2"/>
<tcpsequence index="20" difficulty="Good luck!" values="B9CA801,BA47801,BAC4801,BB41801,BBCE201,BC5AC01"/>
<ipidsequence class="Incremental" values="92B5,92BD,92C5,92CD,92D5,92DE"/>
<tcptssequence class="none returned (unsupported)"/>
<trace port="80" proto="tcp">
<hop ttl="1" ipaddr="10.0.2.2" rtt="0.34" host="localhost"/>
<hop ttl="2" ipaddr="172.21.130.28" rtt="0.20" host="localhost"/>
</trace>
<times srtt="10057" rttvar="13286" to="100000"/>
</host>
<host starttime="1481779498" endtime="1481780876"><status state="up" reason="reset" reason_ttl="255"/>
<address addr="172.21.130.29" addrtype="ipv4"/>
<hostnames>
<hostname name="localhost" type="PTR"/>
</hostnames>
<ports><extraports state="filtered" count="1000">
<extrareasons reason="no-responses" count="1000"/>
</extraports>
</ports>
<os></os>
<distance value="2"/>
<trace port="80" proto="tcp">
<hop ttl="1" ipaddr="10.0.2.2" rtt="0.34" host="localhost"/>
<hop ttl="2" ipaddr="172.21.130.29" rtt="0.17" host="localhost"/>
</trace>
<times srtt="3245" rttvar="3378" to="100000"/>
</host>
<host starttime="1481779498" endtime="1481780875"><status state="up" reason="reset" reason_ttl="255"/>
<address addr="172.21.130.30" addrtype="ipv4"/>
<hostnames>
<hostname name="localhost" type="PTR"/>
</hostnames>
<ports><extraports state="filtered" count="1000">
<extrareasons reason="no-responses" count="1000"/>
</extraports>
</ports>
<os></os>
<distance value="2"/>
<trace port="80" proto="tcp">
<hop ttl="1" ipaddr="10.0.2.2" rtt="0.34" host="localhost"/>
<hop ttl="2" ipaddr="172.21.130.30" rtt="1.12" host="localhost"/>
</trace>
<times srtt="3463" rttvar="3439" to="100000"/>
</host>
<host starttime="1481779498" endtime="1481780876"><status state="up" reason="reset" reason_ttl="255"/>
<address addr="172.21.130.31" addrtype="ipv4"/>
<hostnames>
<hostname name="localhost" type="PTR"/>
</hostnames>
<ports><extraports state="filtered" count="1000">
<extrareasons reason="no-responses" count="1000"/>
</extraports>
</ports>
<os></os>
<distance value="2"/>
<trace port="80" proto="tcp">
<hop ttl="1" ipaddr="10.0.2.2" rtt="0.34" host="localhost"/>
<hop ttl="2" ipaddr="172.21.130.31" rtt="0.42" host="localhost"/>
</trace>
<times srtt="2963" rttvar="3395" to="100000"/>
</host>
<host starttime="1481779498" endtime="1481780876"><status state="up" reason="reset" reason_ttl="255"/>
<address addr="172.21.130.32" addrtype="ipv4"/>
<hostnames>
<hostname name="localhost" type="PTR"/>
</hostnames>
<ports><extraports state="filtered" count="1000">
<extrareasons reason="no-responses" count="1000"/>
</extraports>
</ports>
<os></os>
<distance value="2"/>
<trace port="80" proto="tcp">
<hop ttl="1" ipaddr="10.0.2.2" rtt="0.34" host="localhost"/>
<hop ttl="2" ipaddr="172.21.130.32" rtt="0.30" host="localhost"/>
</trace>
<times srtt="4138" rttvar="4235" to="100000"/>
</host>
<host starttime="1481779498" endtime="1481780876"><status state="up" reason="reset" reason_ttl="255"/>
<address addr="172.21.130.33" addrtype="ipv4"/>
<hostnames>
<hostname name="localhost" type="PTR"/>
</hostnames>
<ports><extraports state="filtered" count="1000">
<extrareasons reason="no-responses" count="1000"/>
</extraports>
</ports>
<os></os>
<distance value="2"/>
<trace port="80" proto="tcp">
<hop ttl="1" ipaddr="10.0.2.2" rtt="0.34" host="localhost"/>
<hop ttl="2" ipaddr="172.21.130.33" rtt="0.24" host="localhost"/>
</trace>
<times srtt="4243" rttvar="4700" to="100000"/>
</host>
<host starttime="1481779498" endtime="1481780876"><status state="up" reason="reset" reason_ttl="255"/>
<address addr="172.21.130.34" addrtype="ipv4"/>
<hostnames>
<hostname name="localhost" type="PTR"/>
</hostnames>
<ports><extraports state="filtered" count="1000">
<extrareasons reason="no-responses" count="1000"/>
</extraports>
</ports>
<os></os>
<distance value="2"/>
<trace port="80" proto="tcp">
<hop ttl="1" ipaddr="10.0.2.2" rtt="0.34" host="localhost"/>
<hop ttl="2" ipaddr="172.21.130.34" rtt="0.21" host="localhost"/>
</trace>
<times srtt="3201" rttvar="2933" to="100000"/>
</host>
<host starttime="1481779498" endtime="1481780876"><status state="up" reason="reset" reason_ttl="255"/>
<address addr="172.21.130.35" addrtype="ipv4"/>
<hostnames>
<hostname name="localhost" type="PTR"/>
</hostnames>
<ports><extraports state="filtered" count="1000">
<extrareasons reason="no-responses" count="1000"/>
</extraports>
</ports>
<os></os>
<distance value="2"/>
<trace port="80" proto="tcp">
<hop ttl="1" ipaddr="10.0.2.2" rtt="0.34" host="localhost"/>
<hop ttl="2" ipaddr="172.21.130.35" rtt="0.16" host="localhost"/>
</trace>
<times srtt="3512" rttvar="3825" to="100000"/>
</host>
<host starttime="1481779498" endtime="1481780876"><status state="up" reason="reset" reason_ttl="255"/>
<address addr="172.21.130.36" addrtype="ipv4"/>
<hostnames>
<hostname name="localhost" type="PTR"/>
</hostnames>
<ports><extraports state="filtered" count="1000">
<extrareasons reason="no-responses" count="1000"/>
</extraports>
</ports>
<os></os>
<distance value="2"/>
<trace port="80" proto="tcp">
<hop ttl="1" ipaddr="10.0.2.2" rtt="0.34" host="localhost"/>
<hop ttl="2" ipaddr="172.21.130.36" rtt="0.13" host="localhost"/>
</trace>
<times srtt="3538" rttvar="3559" to="100000"/>
</host>
<host starttime="1481779498" endtime="1481780875"><status state="up" reason="reset" reason_ttl="255"/>
<address addr="172.21.130.37" addrtype="ipv4"/>
<hostnames>
<hostname name="localhost" type="PTR"/>
</hostnames>
<ports><extraports state="filtered" count="1000">
<extrareasons reason="no-responses" count="1000"/>
</extraports>
</ports>
<os></os>
<distance value="2"/>
<trace port="80" proto="tcp">
<hop ttl="1" ipaddr="10.0.2.2" rtt="0.34" host="localhost"/>
<hop ttl="2" ipaddr="172.21.130.37" rtt="0.53" host="localhost"/>
</trace>
<times srtt="3200" rttvar="2823" to="100000"/>
</host>
<host starttime="1481779498" endtime="1481780876"><status state="up" reason="reset" reason_ttl="255"/>
<address addr="172.21.130.38" addrtype="ipv4"/>
<hostnames>
<hostname name="localhost" type="PTR"/>
</hostnames>
<ports><extraports state="filtered" count="1000">
<extrareasons reason="no-responses" count="1000"/>
</extraports>
</ports>
<os></os>
<distance value="2"/>
<trace port="80" proto="tcp">
<hop ttl="1" ipaddr="10.0.2.2" rtt="0.34" host="localhost"/>
<hop ttl="2" ipaddr="172.21.130.38" rtt="0.39" host="localhost"/>
</trace>
<times srtt="4396" rttvar="4056" to="100000"/>
</host>
<host starttime="1481779498" endtime="1481780876"><status state="up" reason="reset" reason_ttl="255"/>
<address addr="172.21.130.39" addrtype="ipv4"/>
<hostnames>
<hostname name="localhost" type="PTR"/>
</hostnames>
<ports><extraports state="filtered" count="1000">
<extrareasons reason="no-responses" count="1000"/>
</extraports>
</ports>
<os></os>
<distance value="2"/>
<trace port="80" proto="tcp">
<hop ttl="1" ipaddr="10.0.2.2" rtt="0.34" host="localhost"/>
<hop ttl="2" ipaddr="172.21.130.39" rtt="0.29" host="localhost"/>
</trace>
<times srtt="4572" rttvar="3825" to="100000"/>
</host>
<host starttime="1481779498" endtime="1481780876"><status state="up" reason="reset" reason_ttl="255"/>
<address addr="172.21.130.40" addrtype="ipv4"/>
<hostnames>
<hostname name="localhost" type="PTR"/>
</hostnames>
<ports><extraports state="filtered" count="1000">
<extrareasons reason="no-responses" count="1000"/>
</extraports>
</ports>
<os></os>
<distance value="2"/>
<trace port="80" proto="tcp">
<hop ttl="1" ipaddr="10.0.2.2" rtt="0.34" host="localhost"/>
<hop ttl="2" ipaddr="172.21.130.40" rtt="0.23" host="localhost"/>
</trace>
<times srtt="3980" rttvar="4586" to="100000"/>
</host>
<host starttime="1481779498" endtime="1481780875"><status state="up" reason="reset" reason_ttl="255"/>
<address addr="172.21.130.41" addrtype="ipv4"/>
<hostnames>
<hostname name="localhost" type="PTR"/>
</hostnames>
<ports><extraports state="filtered" count="1000">
<extrareasons reason="no-responses" count="1000"/>
</extraports>
</ports>
<os></os>
<distance value="2"/>
<trace port="80" proto="tcp">
<hop ttl="1" ipaddr="10.0.2.2" rtt="0.34" host="localhost"/>
<hop ttl="2" ipaddr="172.21.130.41" rtt="0.63" host="localhost"/>
</trace>
<times srtt="4021" rttvar="3305" to="100000"/>
</host>
<host starttime="1481779498" endtime="1481780876"><status state="up" reason="reset" reason_ttl="255"/>
<address addr="172.21.130.42" addrtype="ipv4"/>
<hostnames>
<hostname name="localhost" type="PTR"/>
</hostnames>
<ports><extraports state="filtered" count="1000">
<extrareasons reason="no-responses" count="1000"/>
</extraports>
</ports>
<os></os>
<distance value="2"/>
<trace port="80" proto="tcp">
<hop ttl="1" ipaddr="10.0.2.2" rtt="0.34" host="localhost"/>
<hop ttl="2" ipaddr="172.21.130.42" rtt="0.41" host="localhost"/>
</trace>
<times srtt="4180" rttvar="3877" to="100000"/>
</host>
<host starttime="1481779498" endtime="1481780875"><status state="up" reason="reset" reason_ttl="255"/>
<address addr="172.21.130.43" addrtype="ipv4"/>
<hostnames>
<hostname name="localhost" type="PTR"/>
</hostnames>
<ports><extraports state="filtered" count="1000">
<extrareasons reason="no-responses" count="1000"/>
</extraports>
</ports>
<os></os>
<distance value="2"/>
<trace port="80" proto="tcp">
<hop ttl="1" ipaddr="10.0.2.2" rtt="0.34" host="localhost"/>
<hop ttl="2" ipaddr="172.21.130.43" rtt="0.35" host="localhost"/>
</trace>
<times srtt="3560" rttvar="3463" to="100000"/>
</host>
<host starttime="1481779498" endtime="1481780875"><status state="up" reason="reset" reason_ttl="255"/>
<address addr="172.21.130.44" addrtype="ipv4"/>
<hostnames>
<hostname name="localhost" type="PTR"/>
</hostnames>
<ports><extraports state="filtered" count="1000">
<extrareasons reason="no-responses" count="1000"/>
</extraports>
</ports>
<os></os>
<distance value="2"/>
<trace port="80" proto="tcp">
<hop ttl="1" ipaddr="10.0.2.2" rtt="0.34" host="localhost"/>
<hop ttl="2" ipaddr="172.21.130.44" rtt="1.66" host="localhost"/>
</trace>
<times srtt="4074" rttvar="3421" to="100000"/>
</host>
<host starttime="1481779498" endtime="1481780876"><status state="up" reason="reset" reason_ttl="255"/>
<address addr="172.21.130.45" addrtype="ipv4"/>
<hostnames>
<hostname name="localhost" type="PTR"/>
</hostnames>
<ports><extraports state="filtered" count="1000">
<extrareasons reason="no-responses" count="1000"/>
</extraports>
</ports>
<os></os>
<distance value="2"/>
<trace port="80" proto="tcp">
<hop ttl="1" ipaddr="10.0.2.2" rtt="0.34" host="localhost"/>
<hop ttl="2" ipaddr="172.21.130.45" rtt="1.56" host="localhost"/>
</trace>
<times srtt="3727" rttvar="2699" to="100000"/>
</host>
<host starttime="1481779498" endtime="1481780876"><status state="up" reason="reset" reason_ttl="255"/>
<address addr="172.21.130.46" addrtype="ipv4"/>
<hostnames>
<hostname name="localhost" type="PTR"/>
</hostnames>
<ports><extraports state="filtered" count="1000">
<extrareasons reason="no-responses" count="1000"/>
</extraports>
</ports>
<os></os>
<distance value="2"/>
<trace port="80" proto="tcp">
<hop ttl="1" ipaddr="10.0.2.2" rtt="0.34" host="localhost"/>
<hop ttl="2" ipaddr="172.21.130.46" rtt="1.50" host="localhost"/>
</trace>
<times srtt="4057" rttvar="3294" to="100000"/>
</host>
<host starttime="1481779498" endtime="1481780875"><status state="up" reason="reset" reason_ttl="255"/>
<address addr="172.21.130.47" addrtype="ipv4"/>
<hostnames>
<hostname name="localhost" type="PTR"/>
</hostnames>
<ports><extraports state="filtered" count="1000">
<extrareasons reason="no-responses" count="1000"/>
</extraports>
</ports>
<os></os>
<distance value="2"/>
<trace port="80" proto="tcp">
<hop ttl="1" ipaddr="10.0.2.2" rtt="0.34" host="localhost"/>
<hop ttl="2" ipaddr="172.21.130.47" rtt="1.20" host="localhost"/>
</trace>
<times srtt="4171" rttvar="3416" to="100000"/>
</host>
<host starttime="1481779498" endtime="1481780876"><status state="up" reason="reset" reason_ttl="255"/>
<address addr="172.21.130.48" addrtype="ipv4"/>
<hostnames>
<hostname name="localhost" type="PTR"/>
</hostnames>
<ports><extraports state="filtered" count="1000">
<extrareasons reason="no-responses" count="1000"/>
</extraports>
</ports>
<os></os>
<distance value="2"/>
<trace port="80" proto="tcp">
<hop ttl="1" ipaddr="10.0.2.2" rtt="0.34" host="localhost"/>
<hop ttl="2" ipaddr="172.21.130.48" rtt="1.08" host="localhost"/>
</trace>
<times srtt="3997" rttvar="3965" to="100000"/>
</host>
<host starttime="1481779498" endtime="1481780875"><status state="up" reason="reset" reason_ttl="255"/>
<address addr="172.21.130.49" addrtype="ipv4"/>
<hostnames>
<hostname name="localhost" type="PTR"/>
</hostnames>
<ports><extraports state="filtered" count="1000">
<extrareasons reason="no-responses" count="1000"/>
</extraports>
</ports>
<os></os>
<distance value="2"/>
<trace port="80" proto="tcp">
<hop ttl="1" ipaddr="10.0.2.2" rtt="0.34" host="localhost"/>
<hop ttl="2" ipaddr="172.21.130.49" rtt="0.97" host="localhost"/>
</trace>
<times srtt="4370" rttvar="4432" to="100000"/>
</host>
<host starttime="1481779498" endtime="1481780876"><status state="up" reason="reset" reason_ttl="255"/>
<address addr="172.21.130.50" addrtype="ipv4"/>
<hostnames>
<hostname name="localhost" type="PTR"/>
</hostnames>
<ports><extraports state="filtered" count="1000">
<extrareasons reason="no-responses" count="1000"/>
</extraports>
</ports>
<os></os>
<distance value="2"/>
<trace port="80" proto="tcp">
<hop ttl="1" ipaddr="10.0.2.2" rtt="0.34" host="localhost"/>
<hop ttl="2" ipaddr="172.21.130.50" rtt="0.87" host="localhost"/>
</trace>
<times srtt="3507" rttvar="3495" to="100000"/>
</host>
<host starttime="1481779498" endtime="1481780876"><status state="up" reason="reset" reason_ttl="255"/>
<address addr="172.21.130.51" addrtype="ipv4"/>
<hostnames>
<hostname name="localhost" type="PTR"/>
</hostnames>
<ports><extraports state="filtered" count="1000">
<extrareasons reason="no-responses" count="1000"/>
</extraports>
</ports>
<os></os>
<distance value="2"/>
<trace port="80" proto="tcp">
<hop ttl="1" ipaddr="10.0.2.2" rtt="0.34" host="localhost"/>
<hop ttl="2" ipaddr="172.21.130.51" rtt="0.77" host="localhost"/>
</trace>
<times srtt="4343" rttvar="3594" to="100000"/>
</host>
<host starttime="1481779498" endtime="1481780876"><status state="up" reason="reset" reason_ttl="255"/>
<address addr="172.21.130.52" addrtype="ipv4"/>
<hostnames>
<hostname name="localhost" type="PTR"/>
</hostnames>
<ports><extraports state="filtered" count="1000">
<extrareasons reason="no-responses" count="1000"/>
</extraports>
</ports>
<os></os>
<distance value="2"/>
<trace port="80" proto="tcp">
<hop ttl="1" ipaddr="10.0.2.2" rtt="0.34" host="localhost"/>
<hop ttl="2" ipaddr="172.21.130.52" rtt="0.67" host="localhost"/>
</trace>
<times srtt="4810" rttvar="3593" to="100000"/>
</host>
<host starttime="1481779498" endtime="1481780876"><status state="up" reason="reset" reason_ttl="255"/>
<address addr="172.21.130.53" addrtype="ipv4"/>
<hostnames>
<hostname name="localhost" type="PTR"/>
</hostnames>
<ports><extraports state="filtered" count="1000">
<extrareasons reason="no-responses" count="1000"/>
</extraports>
</ports>
<os></os>
<distance value="2"/>
<trace port="80" proto="tcp">
<hop ttl="1" ipaddr="10.0.2.2" rtt="0.34" host="localhost"/>
<hop ttl="2" ipaddr="172.21.130.53" rtt="0.57" host="localhost"/>
</trace>
<times srtt="3861" rttvar="3601" to="100000"/>
</host>
<host starttime="1481779498" endtime="1481780876"><status state="up" reason="reset" reason_ttl="255"/>
<address addr="172.21.130.54" addrtype="ipv4"/>
<hostnames>
<hostname name="localhost" type="PTR"/>
</hostnames>
<ports><extraports state="filtered" count="1000">
<extrareasons reason="no-responses" count="1000"/>
</extraports>
</ports>
<os></os>
<distance value="2"/>
<trace port="80" proto="tcp">
<hop ttl="1" ipaddr="10.0.2.2" rtt="0.34" host="localhost"/>
<hop ttl="2" ipaddr="172.21.130.54" rtt="0.66" host="localhost"/>
</trace>
<times srtt="3480" rttvar="2215" to="100000"/>
</host>
<host starttime="1481779498" endtime="1481780875"><status state="up" reason="reset" reason_ttl="255"/>
<address addr="172.21.130.55" addrtype="ipv4"/>
<hostnames>
<hostname name="localhost" type="PTR"/>
</hostnames>
<ports><extraports state="filtered" count="1000">
<extrareasons reason="no-responses" count="1000"/>
</extraports>
</ports>
<os></os>
<distance value="2"/>
<trace port="80" proto="tcp">
<hop ttl="1" ipaddr="10.0.2.2" rtt="0.34" host="localhost"/>
<hop ttl="2" ipaddr="172.21.130.55" rtt="0.47" host="localhost"/>
</trace>
<times srtt="3177" rttvar="2929" to="100000"/>
</host>
<host starttime="1481779498" endtime="1481780875"><status state="up" reason="reset" reason_ttl="255"/>
<address addr="172.21.130.56" addrtype="ipv4"/>
<hostnames>
<hostname name="localhost" type="PTR"/>
</hostnames>
<ports><extraports state="filtered" count="1000">
<extrareasons reason="no-responses" count="1000"/>
</extraports>
</ports>
<os></os>
<distance value="2"/>
<trace port="80" proto="tcp">
<hop ttl="1" ipaddr="10.0.2.2" rtt="0.34" host="localhost"/>
<hop ttl="2" ipaddr="172.21.130.56" rtt="0.36" host="localhost"/>
</trace>
<times srtt="3054" rttvar="2554" to="100000"/>
</host>
<host starttime="1481779498" endtime="1481780875"><status state="up" reason="reset" reason_ttl="255"/>
<address addr="172.21.130.57" addrtype="ipv4"/>
<hostnames>
<hostname name="localhost" type="PTR"/>
</hostnames>
<ports><extraports state="filtered" count="1000">
<extrareasons reason="no-responses" count="1000"/>
</extraports>
</ports>
<os></os>
<distance value="2"/>
<trace port="80" proto="tcp">
<hop ttl="1" ipaddr="10.0.2.2" rtt="0.34" host="localhost"/>
<hop ttl="2" ipaddr="172.21.130.57" rtt="0.26" host="localhost"/>
</trace>
<times srtt="3548" rttvar="3011" to="100000"/>
</host>
<host starttime="1481779498" endtime="1481780876"><status state="up" reason="reset" reason_ttl="255"/>
<address addr="172.21.130.58" addrtype="ipv4"/>
<hostnames>
<hostname name="localhost" type="PTR"/>
</hostnames>
<ports><extraports state="filtered" count="1000">
<extrareasons reason="no-responses" count="1000"/>
</extraports>
</ports>
<os></os>
<distance value="2"/>
<trace port="80" proto="tcp">
<hop ttl="1" ipaddr="10.0.2.2" rtt="0.34" host="localhost"/>
<hop ttl="2" ipaddr="172.21.130.58" rtt="0.85" host="localhost"/>
</trace>
<times srtt="4161" rttvar="2650" to="100000"/>
</host>
<host starttime="1481779498" endtime="1481780875"><status state="up" reason="reset" reason_ttl="255"/>
<address addr="172.21.130.59" addrtype="ipv4"/>
<hostnames>
<hostname name="localhost" type="PTR"/>
</hostnames>
<ports><extraports state="filtered" count="1000">
<extrareasons reason="no-responses" count="1000"/>
</extraports>
</ports>
<os></os>
<distance value="2"/>
<trace port="80" proto="tcp">
<hop ttl="1" ipaddr="10.0.2.2" rtt="0.34" host="localhost"/>
<hop ttl="2" ipaddr="172.21.130.59" rtt="0.66" host="localhost"/>
</trace>
<times srtt="3456" rttvar="2477" to="100000"/>
</host>
<host starttime="1481779498" endtime="1481780876"><status state="up" reason="reset" reason_ttl="255"/>
<address addr="172.21.130.60" addrtype="ipv4"/>
<hostnames>
<hostname name="localhost" type="PTR"/>
</hostnames>
<ports><extraports state="filtered" count="1000">
<extrareasons reason="no-responses" count="1000"/>
</extraports>
</ports>
<os></os>
<distance value="2"/>
<trace port="80" proto="tcp">
<hop ttl="1" ipaddr="10.0.2.2" rtt="0.34" host="localhost"/>
<hop ttl="2" ipaddr="172.21.130.60" rtt="0.55" host="localhost"/>
</trace>
<times srtt="3035" rttvar="2884" to="100000"/>
</host>
<host starttime="1481779498" endtime="1481780875"><status state="up" reason="reset" reason_ttl="255"/>
<address addr="172.21.130.61" addrtype="ipv4"/>
<hostnames>
<hostname name="localhost" type="PTR"/>
</hostnames>
<ports><extraports state="filtered" count="1000">
<extrareasons reason="no-responses" count="1000"/>
</extraports>
</ports>
<os></os>
<distance value="2"/>
<trace port="80" proto="tcp">
<hop ttl="1" ipaddr="10.0.2.2" rtt="0.34" host="localhost"/>
<hop ttl="2" ipaddr="172.21.130.61" rtt="0.45" host="localhost"/>
</trace>
<times srtt="2858" rttvar="2470" to="100000"/>
</host>
<host starttime="1481779498" endtime="1481780875"><status state="up" reason="reset" reason_ttl="255"/>
<address addr="172.21.130.62" addrtype="ipv4"/>
<hostnames>
<hostname name="localhost" type="PTR"/>
</hostnames>
<ports><extraports state="filtered" count="1000">
<extrareasons reason="no-responses" count="1000"/>
</extraports>
</ports>
<os></os>
<distance value="2"/>
<trace port="80" proto="tcp">
<hop ttl="1" ipaddr="10.0.2.2" rtt="0.34" host="localhost"/>
<hop ttl="2" ipaddr="172.21.130.62" rtt="0.35" host="localhost"/>
</trace>
<times srtt="3473" rttvar="2800" to="100000"/>
</host>
<host starttime="1481779498" endtime="1481780876"><status state="up" reason="reset" reason_ttl="255"/>
<address addr="172.21.130.63" addrtype="ipv4"/>
<hostnames>
<hostname name="localhost" type="PTR"/>
</hostnames>
<ports><extraports state="filtered" count="1000">
<extrareasons reason="no-responses" count="1000"/>
</extraports>
</ports>
<os></os>
<distance value="2"/>
<trace port="80" proto="tcp">
<hop ttl="1" ipaddr="10.0.2.2" rtt="0.34" host="localhost"/>
<hop ttl="2" ipaddr="172.21.130.63" rtt="0.25" host="localhost"/>
</trace>
<times srtt="2850" rttvar="2432" to="100000"/>
</host>
<host starttime="1481779498" endtime="1481782285"><status state="up" reason="reset" reason_ttl="255"/>
<address addr="172.21.130.64" addrtype="ipv4"/>
<hostnames>
<hostname name="localhost" type="PTR"/>
</hostnames>
<ports><extraports state="filtered" count="1000">
<extrareasons reason="no-responses" count="1000"/>
</extraports>
</ports>
<os></os>
<distance value="2"/>
<trace port="80" proto="tcp">
<hop ttl="1" ipaddr="10.0.2.2" rtt="0.34" host="localhost"/>
<hop ttl="2" ipaddr="172.21.130.64" rtt="0.82" host="localhost"/>
</trace>
<times srtt="10304" rttvar="15470" to="100000"/>
</host>
<host starttime="1481779498" endtime="1481782285"><status state="up" reason="reset" reason_ttl="255"/>
<address addr="172.21.130.65" addrtype="ipv4"/>
<hostnames>
<hostname name="localhost" type="PTR"/>
</hostnames>
<ports><extraports state="filtered" count="1000">
<extrareasons reason="no-responses" count="1000"/>
</extraports>
</ports>
<os></os>
<distance value="2"/>
<trace port="80" proto="tcp">
<hop ttl="1" ipaddr="10.0.2.2" rtt="0.34" host="localhost"/>
<hop ttl="2" ipaddr="172.21.130.65" rtt="0.71" host="localhost"/>
</trace>
<times srtt="12649" rttvar="19606" to="100000"/>
</host>
<host starttime="1481779498" endtime="1481782285"><status state="up" reason="reset" reason_ttl="255"/>
<address addr="172.21.130.66" addrtype="ipv4"/>
<hostnames>
<hostname name="localhost" type="PTR"/>
</hostnames>
<ports><extraports state="filtered" count="1000">
<extrareasons reason="no-responses" count="1000"/>
</extraports>
</ports>
<os></os>
<distance value="2"/>
<trace port="80" proto="tcp">
<hop ttl="1" ipaddr="10.0.2.2" rtt="0.34" host="localhost"/>
<hop ttl="2" ipaddr="172.21.130.66" rtt="0.64" host="localhost"/>
</trace>
<times srtt="23312" rttvar="40428" to="185024"/>
</host>
<host starttime="1481779498" endtime="1481782285"><status state="up" reason="reset" reason_ttl="255"/>
<address addr="172.21.130.67" addrtype="ipv4"/>
<hostnames>
<hostname name="localhost" type="PTR"/>
</hostnames>
<ports><extraports state="filtered" count="1000">
<extrareasons reason="no-responses" count="1000"/>
</extraports>
</ports>
<os></os>
<distance value="2"/>
<trace port="80" proto="tcp">
<hop ttl="1" ipaddr="10.0.2.2" rtt="0.34" host="localhost"/>
<hop ttl="2" ipaddr="172.21.130.67" rtt="0.62" host="localhost"/>
</trace>
<times srtt="10057" rttvar="14847" to="100000"/>
</host>
<host starttime="1481779498" endtime="1481782285"><status state="up" reason="reset" reason_ttl="255"/>
<address addr="172.21.130.68" addrtype="ipv4"/>
<hostnames>
<hostname name="localhost" type="PTR"/>
</hostnames>
<ports><extraports state="filtered" count="1000">
<extrareasons reason="no-responses" count="1000"/>
</extraports>
</ports>
<os></os>
<distance value="2"/>
<trace port="80" proto="tcp">
<hop ttl="1" ipaddr="10.0.2.2" rtt="0.34" host="localhost"/>
<hop ttl="2" ipaddr="172.21.130.68" rtt="0.59" host="localhost"/>
</trace>
<times srtt="7118" rttvar="8509" to="100000"/>
</host>
<host starttime="1481779498" endtime="1481782285"><status state="up" reason="reset" reason_ttl="255"/>
<address addr="172.21.130.69" addrtype="ipv4"/>
<hostnames>
<hostname name="localhost" type="PTR"/>
</hostnames>
<ports><extraports state="filtered" count="1000">
<extrareasons reason="no-responses" count="1000"/>
</extraports>
</ports>
<os></os>
<distance value="2"/>
<trace port="80" proto="tcp">
<hop ttl="1" ipaddr="10.0.2.2" rtt="0.34" host="localhost"/>
<hop ttl="2" ipaddr="172.21.130.69" rtt="0.57" host="localhost"/>
</trace>
<times srtt="9143" rttvar="11318" to="100000"/>
</host>
<host starttime="1481779498" endtime="1481782285"><status state="up" reason="reset" reason_ttl="255"/>
<address addr="172.21.130.70" addrtype="ipv4"/>
<hostnames>
<hostname name="localhost" type="PTR"/>
</hostnames>
<ports><extraports state="filtered" count="1000">
<extrareasons reason="no-responses" count="1000"/>
</extraports>
</ports>
<os></os>
<distance value="2"/>
<trace port="80" proto="tcp">
<hop ttl="1" ipaddr="10.0.2.2" rtt="0.34" host="localhost"/>
<hop ttl="2" ipaddr="172.21.130.70" rtt="0.56" host="localhost"/>
</trace>
<times srtt="11854" rttvar="17102" to="100000"/>
</host>
<host starttime="1481779498" endtime="1481782285"><status state="up" reason="reset" reason_ttl="255"/>
<address addr="172.21.130.71" addrtype="ipv4"/>
<hostnames>
<hostname name="localhost" type="PTR"/>
</hostnames>
<ports><extraports state="filtered" count="1000">
<extrareasons reason="no-responses" count="1000"/>
</extraports>
</ports>
<os></os>
<distance value="2"/>
<trace port="80" proto="tcp">
<hop ttl="1" ipaddr="10.0.2.2" rtt="0.34" host="localhost"/>
<hop ttl="2" ipaddr="172.21.130.71" rtt="0.52" host="localhost"/>
</trace>
<times srtt="11618" rttvar="16776" to="100000"/>
</host>
<host starttime="1481779498" endtime="1481782285"><status state="up" reason="reset" reason_ttl="255"/>
<address addr="172.21.130.72" addrtype="ipv4"/>
<hostnames>
<hostname name="localhost" type="PTR"/>
</hostnames>
<ports><extraports state="filtered" count="1000">
<extrareasons reason="no-responses" count="1000"/>
</extraports>
</ports>
<os></os>
<distance value="2"/>
<trace port="80" proto="tcp">
<hop ttl="1" ipaddr="10.0.2.2" rtt="0.34" host="localhost"/>
<hop ttl="2" ipaddr="172.21.130.72" rtt="0.58" host="localhost"/>
</trace>
<times srtt="12810" rttvar="19371" to="100000"/>
</host>
<host starttime="1481779498" endtime="1481782285"><status state="up" reason="reset" reason_ttl="255"/>
<address addr="172.21.130.73" addrtype="ipv4"/>
<hostnames>
<hostname name="localhost" type="PTR"/>
</hostnames>
<ports><extraports state="filtered" count="1000">
<extrareasons reason="no-responses" count="1000"/>
</extraports>
</ports>
<os></os>
<distance value="2"/>
<trace port="80" proto="tcp">
<hop ttl="1" ipaddr="10.0.2.2" rtt="0.34" host="localhost"/>
<hop ttl="2" ipaddr="172.21.130.73" rtt="0.57" host="localhost"/>
</trace>
<times srtt="17320" rttvar="27612" to="127768"/>
</host>
<host starttime="1481779498" endtime="1481782285"><status state="up" reason="reset" reason_ttl="255"/>
<address addr="172.21.130.74" addrtype="ipv4"/>
<hostnames>
<hostname name="localhost" type="PTR"/>
</hostnames>
<ports><extraports state="filtered" count="1000">
<extrareasons reason="no-responses" count="1000"/>
</extraports>
</ports>
<os></os>
<distance value="2"/>
<trace port="80" proto="tcp">
<hop ttl="1" ipaddr="10.0.2.2" rtt="0.34" host="localhost"/>
<hop ttl="2" ipaddr="172.21.130.74" rtt="0.63" host="localhost"/>
</trace>
<times srtt="5737" rttvar="6224" to="100000"/>
</host>
<host starttime="1481779498" endtime="1481782285"><status state="up" reason="reset" reason_ttl="255"/>
<address addr="172.21.130.75" addrtype="ipv4"/>
<hostnames>
<hostname name="localhost" type="PTR"/>
</hostnames>
<ports><extraports state="filtered" count="1000">
<extrareasons reason="no-responses" count="1000"/>
</extraports>
</ports>
<os></os>
<distance value="2"/>
<trace port="80" proto="tcp">
<hop ttl="1" ipaddr="10.0.2.2" rtt="0.34" host="localhost"/>
<hop ttl="2" ipaddr="172.21.130.75" rtt="0.51" host="localhost"/>
</trace>
<times srtt="13790" rttvar="20694" to="100000"/>
</host>
<host starttime="1481779498" endtime="1481782285"><status state="up" reason="reset" reason_ttl="255"/>
<address addr="172.21.130.76" addrtype="ipv4"/>
<hostnames>
<hostname name="localhost" type="PTR"/>
</hostnames>
<ports><extraports state="filtered" count="1000">
<extrareasons reason="no-responses" count="1000"/>
</extraports>
</ports>
<os></os>
<distance value="2"/>
<trace port="80" proto="tcp">
<hop ttl="1" ipaddr="10.0.2.2" rtt="0.34" host="localhost"/>
<hop ttl="2" ipaddr="172.21.130.76" rtt="0.43" host="localhost"/>
</trace>
<times srtt="42288" rttvar="77531" to="352412"/>
</host>
<host starttime="1481779498" endtime="1481782285"><status state="up" reason="reset" reason_ttl="255"/>
<address addr="172.21.130.77" addrtype="ipv4"/>
<hostnames>
<hostname name="localhost" type="PTR"/>
</hostnames>
<ports><extraports state="filtered" count="1000">
<extrareasons reason="no-responses" count="1000"/>
</extraports>
</ports>
<os></os>
<distance value="2"/>
<trace port="80" proto="tcp">
<hop ttl="1" ipaddr="10.0.2.2" rtt="0.34" host="localhost"/>
<hop ttl="2" ipaddr="172.21.130.77" rtt="0.35" host="localhost"/>
</trace>
<times srtt="21493" rttvar="36280" to="166613"/>
</host>
<host starttime="1481779498" endtime="1481782285"><status state="up" reason="reset" reason_ttl="255"/>
<address addr="172.21.130.78" addrtype="ipv4"/>
<hostnames>
<hostname name="localhost" type="PTR"/>
</hostnames>
<ports><extraports state="filtered" count="1000">
<extrareasons reason="no-responses" count="1000"/>
</extraports>
</ports>
<os></os>
<distance value="2"/>
<trace port="80" proto="tcp">
<hop ttl="1" ipaddr="10.0.2.2" rtt="0.34" host="localhost"/>
<hop ttl="2" ipaddr="172.21.130.78" rtt="0.33" host="localhost"/>
</trace>
<times srtt="21852" rttvar="35865" to="165312"/>
</host>
<host starttime="1481779498" endtime="1481782285"><status state="up" reason="reset" reason_ttl="255"/>
<address addr="172.21.130.79" addrtype="ipv4"/>
<hostnames>
<hostname name="localhost" type="PTR"/>
</hostnames>
<ports><extraports state="filtered" count="1000">
<extrareasons reason="no-responses" count="1000"/>
</extraports>
</ports>
<os></os>
<distance value="2"/>
<trace port="80" proto="tcp">
<hop ttl="1" ipaddr="10.0.2.2" rtt="0.34" host="localhost"/>
<hop ttl="2" ipaddr="172.21.130.79" rtt="0.28" host="localhost"/>
</trace>
<times srtt="29938" rttvar="51200" to="234738"/>
</host>
<host starttime="1481779498" endtime="1481782285"><status state="up" reason="reset" reason_ttl="255"/>
<address addr="172.21.130.80" addrtype="ipv4"/>
<hostnames>
<hostname name="localhost" type="PTR"/>
</hostnames>
<ports><extraports state="filtered" count="1000">
<extrareasons reason="no-responses" count="1000"/>
</extraports>
</ports>
<os></os>
<distance value="2"/>
<trace port="80" proto="tcp">
<hop ttl="1" ipaddr="10.0.2.2" rtt="0.34" host="localhost"/>
<hop ttl="2" ipaddr="172.21.130.80" rtt="0.35" host="localhost"/>
</trace>
<times srtt="16634" rttvar="25646" to="119218"/>
</host>
<host starttime="1481779498" endtime="1481782285"><status state="up" reason="reset" reason_ttl="255"/>
<address addr="172.21.130.81" addrtype="ipv4"/>
<hostnames>
<hostname name="localhost" type="PTR"/>
</hostnames>
<ports><extraports state="filtered" count="1000">
<extrareasons reason="no-responses" count="1000"/>
</extraports>
</ports>
<os></os>
<distance value="2"/>
<trace port="80" proto="tcp">
<hop ttl="1" ipaddr="10.0.2.2" rtt="0.34" host="localhost"/>
<hop ttl="2" ipaddr="172.21.130.81" rtt="0.31" host="localhost"/>
</trace>
<times srtt="19467" rttvar="32253" to="148479"/>
</host>
<host starttime="1481779498" endtime="1481782285"><status state="up" reason="reset" reason_ttl="255"/>
<address addr="172.21.130.82" addrtype="ipv4"/>
<hostnames>
<hostname name="localhost" type="PTR"/>
</hostnames>
<ports><extraports state="filtered" count="1000">
<extrareasons reason="no-responses" count="1000"/>
</extraports>
</ports>
<os></os>
<distance value="2"/>
<trace port="80" proto="tcp">
<hop ttl="1" ipaddr="10.0.2.2" rtt="0.34" host="localhost"/>
<hop ttl="2" ipaddr="172.21.130.82" rtt="0.29" host="localhost"/>
</trace>
<times srtt="6651" rttvar="5408" to="100000"/>
</host>
<host starttime="1481779498" endtime="1481782285"><status state="up" reason="reset" reason_ttl="255"/>
<address addr="172.21.130.83" addrtype="ipv4"/>
<hostnames>
<hostname name="localhost" type="PTR"/>
</hostnames>
<ports><extraports state="filtered" count="1000">
<extrareasons reason="no-responses" count="1000"/>
</extraports>
</ports>
<os></os>
<distance value="2"/>
<trace port="80" proto="tcp">
<hop ttl="1" ipaddr="10.0.2.2" rtt="0.34" host="localhost"/>
<hop ttl="2" ipaddr="172.21.130.83" rtt="0.27" host="localhost"/>
</trace>
<times srtt="12109" rttvar="15968" to="100000"/>
</host>
<host starttime="1481779498" endtime="1481782285"><status state="up" reason="reset" reason_ttl="255"/>
<address addr="172.21.130.84" addrtype="ipv4"/>
<hostnames>
<hostname name="localhost" type="PTR"/>
</hostnames>
<ports><extraports state="filtered" count="1000">
<extrareasons reason="no-responses" count="1000"/>
</extraports>
</ports>
<os></os>
<distance value="2"/>
<trace port="80" proto="tcp">
<hop ttl="1" ipaddr="10.0.2.2" rtt="0.34" host="localhost"/>
<hop ttl="2" ipaddr="172.21.130.84" rtt="0.71" host="localhost"/>
</trace>
<times srtt="20400" rttvar="31833" to="147732"/>
</host>
<host starttime="1481779498" endtime="1481782285"><status state="up" reason="reset" reason_ttl="255"/>
<address addr="172.21.130.85" addrtype="ipv4"/>
<hostnames>
<hostname name="localhost" type="PTR"/>
</hostnames>
<ports><extraports state="filtered" count="1000">
<extrareasons reason="no-responses" count="1000"/>
</extraports>
</ports>
<os></os>
<distance value="2"/>
<trace port="80" proto="tcp">
<hop ttl="1" ipaddr="10.0.2.2" rtt="0.34" host="localhost"/>
<hop ttl="2" ipaddr="172.21.130.85" rtt="0.58" host="localhost"/>
</trace>
<times srtt="5267" rttvar="3246" to="100000"/>
</host>
<host starttime="1481779498" endtime="1481782285"><status state="up" reason="reset" reason_ttl="255"/>
<address addr="172.21.130.86" addrtype="ipv4"/>
<hostnames>
<hostname name="localhost" type="PTR"/>
</hostnames>
<ports><extraports state="filtered" count="1000">
<extrareasons reason="no-responses" count="1000"/>
</extraports>
</ports>
<os></os>
<distance value="2"/>
<trace port="80" proto="tcp">
<hop ttl="1" ipaddr="10.0.2.2" rtt="0.34" host="localhost"/>
<hop ttl="2" ipaddr="172.21.130.86" rtt="0.52" host="localhost"/>
</trace>
<times srtt="41273" rttvar="73845" to="336653"/>
</host>
<host starttime="1481779498" endtime="1481782285"><status state="up" reason="reset" reason_ttl="255"/>
<address addr="172.21.130.87" addrtype="ipv4"/>
<hostnames>
<hostname name="localhost" type="PTR"/>
</hostnames>
<ports><extraports state="filtered" count="1000">
<extrareasons reason="no-responses" count="1000"/>
</extraports>
</ports>
<os></os>
<distance value="2"/>
<trace port="80" proto="tcp">
<hop ttl="1" ipaddr="10.0.2.2" rtt="0.34" host="localhost"/>
<hop ttl="2" ipaddr="172.21.130.87" rtt="0.50" host="localhost"/>
</trace>
<times srtt="54107" rttvar="99812" to="453355"/>
</host>
<host starttime="1481779498" endtime="1481782285"><status state="up" reason="reset" reason_ttl="255"/>
<address addr="172.21.130.88" addrtype="ipv4"/>
<hostnames>
<hostname name="localhost" type="PTR"/>
</hostnames>
<ports><extraports state="filtered" count="1000">
<extrareasons reason="no-responses" count="1000"/>
</extraports>
</ports>
<os></os>
<distance value="2"/>
<trace port="80" proto="tcp">
<hop ttl="1" ipaddr="10.0.2.2" rtt="0.34" host="localhost"/>
<hop ttl="2" ipaddr="172.21.130.88" rtt="0.46" host="localhost"/>
</trace>
<times srtt="13011" rttvar="13845" to="100000"/>
</host>
<host starttime="1481779498" endtime="1481782285"><status state="up" reason="reset" reason_ttl="255"/>
<address addr="172.21.130.89" addrtype="ipv4"/>
<hostnames>
<hostname name="localhost" type="PTR"/>
</hostnames>
<ports><extraports state="filtered" count="1000">
<extrareasons reason="no-responses" count="1000"/>
</extraports>
</ports>
<os></os>
<distance value="2"/>
<trace port="80" proto="tcp">
<hop ttl="1" ipaddr="10.0.2.2" rtt="0.34" host="localhost"/>
<hop ttl="2" ipaddr="172.21.130.89" rtt="0.44" host="localhost"/>
</trace>
<times srtt="58009" rttvar="109126" to="494513"/>
</host>
<host starttime="1481779498" endtime="1481782285"><status state="up" reason="reset" reason_ttl="255"/>
<address addr="172.21.130.90" addrtype="ipv4"/>
<hostnames>
<hostname name="localhost" type="PTR"/>
</hostnames>
<ports><extraports state="filtered" count="1000">
<extrareasons reason="no-responses" count="1000"/>
</extraports>
</ports>
<os></os>
<distance value="2"/>
<trace port="80" proto="tcp">
<hop ttl="1" ipaddr="10.0.2.2" rtt="0.34" host="localhost"/>
<hop ttl="2" ipaddr="172.21.130.90" rtt="0.40" host="localhost"/>
</trace>
<times srtt="19948" rttvar="31515" to="146008"/>
</host>
<host starttime="1481779498" endtime="1481782285"><status state="up" reason="reset" reason_ttl="255"/>
<address addr="172.21.130.91" addrtype="ipv4"/>
<hostnames>
<hostname name="localhost" type="PTR"/>
</hostnames>
<ports><extraports state="filtered" count="1000">
<extrareasons reason="no-responses" count="1000"/>
</extraports>
</ports>
<os></os>
<distance value="2"/>
<trace port="80" proto="tcp">
<hop ttl="1" ipaddr="10.0.2.2" rtt="0.34" host="localhost"/>
<hop ttl="2" ipaddr="172.21.130.91" rtt="0.38" host="localhost"/>
</trace>
<times srtt="10147" rttvar="11872" to="100000"/>
</host>
<host starttime="1481779498" endtime="1481782285"><status state="up" reason="reset" reason_ttl="255"/>
<address addr="172.21.130.92" addrtype="ipv4"/>
<hostnames>
<hostname name="localhost" type="PTR"/>
</hostnames>
<ports><extraports state="filtered" count="1000">
<extrareasons reason="no-responses" count="1000"/>
</extraports>
</ports>
<os></os>
<distance value="2"/>
<trace port="80" proto="tcp">
<hop ttl="1" ipaddr="10.0.2.2" rtt="0.34" host="localhost"/>
<hop ttl="2" ipaddr="172.21.130.92" rtt="0.37" host="localhost"/>
</trace>
<times srtt="72930" rttvar="132657" to="603558"/>
</host>
<host starttime="1481779498" endtime="1481782285"><status state="up" reason="reset" reason_ttl="255"/>
<address addr="172.21.130.93" addrtype="ipv4"/>
<hostnames>
<hostname name="localhost" type="PTR"/>
</hostnames>
<ports><extraports state="filtered" count="1000">
<extrareasons reason="no-responses" count="1000"/>
</extraports>
</ports>
<os></os>
<distance value="2"/>
<trace port="80" proto="tcp">
<hop ttl="1" ipaddr="10.0.2.2" rtt="0.34" host="localhost"/>
<hop ttl="2" ipaddr="172.21.130.93" rtt="0.33" host="localhost"/>
</trace>
<times srtt="16173" rttvar="25900" to="119773"/>
</host>
<host starttime="1481779498" endtime="1481782285"><status state="up" reason="reset" reason_ttl="255"/>
<address addr="172.21.130.94" addrtype="ipv4"/>
<hostnames>
<hostname name="localhost" type="PTR"/>
</hostnames>
<ports><extraports state="filtered" count="1000">
<extrareasons reason="no-responses" count="1000"/>
</extraports>
</ports>
<os></os>
<distance value="2"/>
<trace port="80" proto="tcp">
<hop ttl="1" ipaddr="10.0.2.2" rtt="0.34" host="localhost"/>
<hop ttl="2" ipaddr="172.21.130.94" rtt="0.92" host="localhost"/>
</trace>
<times srtt="7393" rttvar="6224" to="100000"/>
</host>
<host starttime="1481779498" endtime="1481782285"><status state="up" reason="reset" reason_ttl="255"/>
<address addr="172.21.130.95" addrtype="ipv4"/>
<hostnames>
<hostname name="localhost" type="PTR"/>
</hostnames>
<ports><extraports state="filtered" count="1000">
<extrareasons reason="no-responses" count="1000"/>
</extraports>
</ports>
<os></os>
<distance value="2"/>
<trace port="80" proto="tcp">
<hop ttl="1" ipaddr="10.0.2.2" rtt="0.34" host="localhost"/>
<hop ttl="2" ipaddr="172.21.130.95" rtt="0.77" host="localhost"/>
</trace>
<times srtt="6988" rttvar="7092" to="100000"/>
</host>
<host starttime="1481779498" endtime="1481782285"><status state="up" reason="reset" reason_ttl="255"/>
<address addr="172.21.130.96" addrtype="ipv4"/>
<hostnames>
<hostname name="localhost" type="PTR"/>
</hostnames>
<ports><extraports state="filtered" count="1000">
<extrareasons reason="no-responses" count="1000"/>
</extraports>
</ports>
<os></os>
<distance value="2"/>
<trace port="80" proto="tcp">
<hop ttl="1" ipaddr="10.0.2.2" rtt="0.34" host="localhost"/>
<hop ttl="2" ipaddr="172.21.130.96" rtt="0.65" host="localhost"/>
</trace>
<times srtt="7787" rttvar="9112" to="100000"/>
</host>
<host starttime="1481779498" endtime="1481782285"><status state="up" reason="reset" reason_ttl="255"/>
<address addr="172.21.130.97" addrtype="ipv4"/>
<hostnames>
<hostname name="localhost" type="PTR"/>
</hostnames>
<ports><extraports state="filtered" count="1000">
<extrareasons reason="no-responses" count="1000"/>
</extraports>
</ports>
<os></os>
<distance value="2"/>
<trace port="80" proto="tcp">
<hop ttl="1" ipaddr="10.0.2.2" rtt="0.34" host="localhost"/>
<hop ttl="2" ipaddr="172.21.130.97" rtt="0.60" host="localhost"/>
</trace>
<times srtt="17638" rttvar="27645" to="128218"/>
</host>
<host starttime="1481779498" endtime="1481782285"><status state="up" reason="reset" reason_ttl="255"/>
<address addr="172.21.130.98" addrtype="ipv4"/>
<hostnames>
<hostname name="localhost" type="PTR"/>
</hostnames>
<ports><extraports state="filtered" count="1000">
<extrareasons reason="no-responses" count="1000"/>
</extraports>
</ports>
<os></os>
<distance value="2"/>
<trace port="80" proto="tcp">
<hop ttl="1" ipaddr="10.0.2.2" rtt="0.34" host="localhost"/>
<hop ttl="2" ipaddr="172.21.130.98" rtt="0.58" host="localhost"/>
</trace>
<times srtt="35867" rttvar="63672" to="290555"/>
</host>
<host starttime="1481779498" endtime="1481782285"><status state="up" reason="reset" reason_ttl="255"/>
<address addr="172.21.130.99" addrtype="ipv4"/>
<hostnames>
<hostname name="localhost" type="PTR"/>
</hostnames>
<ports><extraports state="filtered" count="1000">
<extrareasons reason="no-responses" count="1000"/>
</extraports>
</ports>
<os></os>
<distance value="2"/>
<trace port="80" proto="tcp">
<hop ttl="1" ipaddr="10.0.2.2" rtt="0.34" host="localhost"/>
<hop ttl="2" ipaddr="172.21.130.99" rtt="0.54" host="localhost"/>
</trace>
<times srtt="4827" rttvar="3088" to="100000"/>
</host>
<host starttime="1481779498" endtime="1481782285"><status state="up" reason="reset" reason_ttl="255"/>
<address addr="172.21.130.100" addrtype="ipv4"/>
<hostnames>
<hostname name="localhost" type="PTR"/>
</hostnames>
<ports><extraports state="filtered" count="1000">
<extrareasons reason="no-responses" count="1000"/>
</extraports>
</ports>
<os></os>
<distance value="2"/>
<trace port="80" proto="tcp">
<hop ttl="1" ipaddr="10.0.2.2" rtt="0.34" host="localhost"/>
<hop ttl="2" ipaddr="172.21.130.100" rtt="0.52" host="localhost"/>
</trace>
<times srtt="12177" rttvar="17013" to="100000"/>
</host>
<host starttime="1481779498" endtime="1481782285"><status state="up" reason="reset" reason_ttl="255"/>
<address addr="172.21.130.101" addrtype="ipv4"/>
<hostnames>
<hostname name="localhost" type="PTR"/>
</hostnames>
<ports><extraports state="filtered" count="1000">
<extrareasons reason="no-responses" count="1000"/>
</extraports>
</ports>
<os></os>
<distance value="2"/>
<trace port="80" proto="tcp">
<hop ttl="1" ipaddr="10.0.2.2" rtt="0.34" host="localhost"/>
<hop ttl="2" ipaddr="172.21.130.101" rtt="0.48" host="localhost"/>
</trace>
<times srtt="63130" rttvar="116476" to="529034"/>
</host>
<host starttime="1481779498" endtime="1481782285"><status state="up" reason="reset" reason_ttl="255"/>
<address addr="172.21.130.102" addrtype="ipv4"/>
<hostnames>
<hostname name="localhost" type="PTR"/>
</hostnames>
<ports><extraports state="filtered" count="1000">
<extrareasons reason="no-responses" count="1000"/>
</extraports>
</ports>
<os></os>
<distance value="2"/>
<trace port="80" proto="tcp">
<hop ttl="1" ipaddr="10.0.2.2" rtt="0.34" host="localhost"/>
<hop ttl="2" ipaddr="172.21.130.102" rtt="0.46" host="localhost"/>
</trace>
<times srtt="9730" rttvar="11149" to="100000"/>
</host>
<host starttime="1481779498" endtime="1481782285"><status state="up" reason="reset" reason_ttl="255"/>
<address addr="172.21.130.103" addrtype="ipv4"/>
<hostnames>
<hostname name="localhost" type="PTR"/>
</hostnames>
<ports><extraports state="filtered" count="1000">
<extrareasons reason="no-responses" count="1000"/>
</extraports>
</ports>
<os></os>
<distance value="2"/>
<trace port="80" proto="tcp">
<hop ttl="1" ipaddr="10.0.2.2" rtt="0.34" host="localhost"/>
<hop ttl="2" ipaddr="172.21.130.103" rtt="0.44" host="localhost"/>
</trace>
<times srtt="5711" rttvar="4265" to="100000"/>
</host>
<host starttime="1481779498" endtime="1481782285"><status state="up" reason="reset" reason_ttl="255"/>
<address addr="172.21.130.104" addrtype="ipv4"/>
<hostnames>
<hostname name="localhost" type="PTR"/>
</hostnames>
<ports><extraports state="filtered" count="1000">
<extrareasons reason="no-responses" count="1000"/>
</extraports>
</ports>
<os></os>
<distance value="2"/>
<trace port="80" proto="tcp">
<hop ttl="1" ipaddr="10.0.2.2" rtt="0.34" host="localhost"/>
<hop ttl="2" ipaddr="172.21.130.104" rtt="0.91" host="localhost"/>
</trace>
<times srtt="13396" rttvar="14419" to="100000"/>
</host>
<host starttime="1481779498" endtime="1481782285"><status state="up" reason="reset" reason_ttl="255"/>
<address addr="172.21.130.105" addrtype="ipv4"/>
<hostnames>
<hostname name="localhost" type="PTR"/>
</hostnames>
<ports><extraports state="filtered" count="1000">
<extrareasons reason="no-responses" count="1000"/>
</extraports>
</ports>
<os></os>
<distance value="2"/>
<trace port="80" proto="tcp">
<hop ttl="1" ipaddr="10.0.2.2" rtt="0.34" host="localhost"/>
<hop ttl="2" ipaddr="172.21.130.105" rtt="0.81" host="localhost"/>
</trace>
<times srtt="23896" rttvar="41554" to="190112"/>
</host>
<host starttime="1481779498" endtime="1481782285"><status state="up" reason="reset" reason_ttl="255"/>
<address addr="172.21.130.106" addrtype="ipv4"/>
<hostnames>
<hostname name="localhost" type="PTR"/>
</hostnames>
<ports><extraports state="filtered" count="1000">
<extrareasons reason="no-responses" count="1000"/>
</extraports>
</ports>
<os></os>
<distance value="2"/>
<trace port="80" proto="tcp">
<hop ttl="1" ipaddr="10.0.2.2" rtt="0.34" host="localhost"/>
<hop ttl="2" ipaddr="172.21.130.106" rtt="0.80" host="localhost"/>
</trace>
<times srtt="7399" rttvar="7724" to="100000"/>
</host>
<host starttime="1481779498" endtime="1481782285"><status state="up" reason="reset" reason_ttl="255"/>
<address addr="172.21.130.107" addrtype="ipv4"/>
<hostnames>
<hostname name="localhost" type="PTR"/>
</hostnames>
<ports><extraports state="filtered" count="1000">
<extrareasons reason="no-responses" count="1000"/>
</extraports>
</ports>
<os></os>
<distance value="2"/>
<trace port="80" proto="tcp">
<hop ttl="1" ipaddr="10.0.2.2" rtt="0.34" host="localhost"/>
<hop ttl="2" ipaddr="172.21.130.107" rtt="0.76" host="localhost"/>
</trace>
<times srtt="11685" rttvar="15976" to="100000"/>
</host>
<host starttime="1481779498" endtime="1481782285"><status state="up" reason="reset" reason_ttl="255"/>
<address addr="172.21.130.108" addrtype="ipv4"/>
<hostnames>
<hostname name="localhost" type="PTR"/>
</hostnames>
<ports><extraports state="filtered" count="1000">
<extrareasons reason="no-responses" count="1000"/>
</extraports>
</ports>
<os></os>
<distance value="2"/>
<trace port="80" proto="tcp">
<hop ttl="1" ipaddr="10.0.2.2" rtt="0.34" host="localhost"/>
<hop ttl="2" ipaddr="172.21.130.108" rtt="0.74" host="localhost"/>
</trace>
<times srtt="17804" rttvar="30174" to="138500"/>
</host>
<host starttime="1481779498" endtime="1481782285"><status state="up" reason="reset" reason_ttl="255"/>
<address addr="172.21.130.109" addrtype="ipv4"/>
<hostnames>
<hostname name="localhost" type="PTR"/>
</hostnames>
<ports><extraports state="filtered" count="1000">
<extrareasons reason="no-responses" count="1000"/>
</extraports>
</ports>
<os></os>
<distance value="2"/>
<trace port="80" proto="tcp">
<hop ttl="1" ipaddr="10.0.2.2" rtt="0.34" host="localhost"/>
<hop ttl="2" ipaddr="172.21.130.109" rtt="0.73" host="localhost"/>
</trace>
<times srtt="22351" rttvar="28486" to="136295"/>
</host>
<host starttime="1481779498" endtime="1481782285"><status state="up" reason="reset" reason_ttl="255"/>
<address addr="172.21.130.110" addrtype="ipv4"/>
<hostnames>
<hostname name="localhost" type="PTR"/>
</hostnames>
<ports><extraports state="filtered" count="1000">
<extrareasons reason="no-responses" count="1000"/>
</extraports>
</ports>
<os></os>
<distance value="2"/>
<trace port="80" proto="tcp">
<hop ttl="1" ipaddr="10.0.2.2" rtt="0.34" host="localhost"/>
<hop ttl="2" ipaddr="172.21.130.110" rtt="0.80" host="localhost"/>
</trace>
<times srtt="18925" rttvar="31423" to="144617"/>
</host>
<host starttime="1481779498" endtime="1481782285"><status state="up" reason="reset" reason_ttl="255"/>
<address addr="172.21.130.111" addrtype="ipv4"/>
<hostnames>
<hostname name="localhost" type="PTR"/>
</hostnames>
<ports><extraports state="filtered" count="1000">
<extrareasons reason="no-responses" count="1000"/>
</extraports>
</ports>
<os></os>
<distance value="2"/>
<trace port="80" proto="tcp">
<hop ttl="1" ipaddr="10.0.2.2" rtt="0.34" host="localhost"/>
<hop ttl="2" ipaddr="172.21.130.111" rtt="0.78" host="localhost"/>
</trace>
<times srtt="8309" rttvar="6842" to="100000"/>
</host>
<host starttime="1481779498" endtime="1481782285"><status state="up" reason="reset" reason_ttl="255"/>
<address addr="172.21.130.112" addrtype="ipv4"/>
<hostnames>
<hostname name="localhost" type="PTR"/>
</hostnames>
<ports><extraports state="filtered" count="1000">
<extrareasons reason="no-responses" count="1000"/>
</extraports>
</ports>
<os></os>
<distance value="2"/>
<trace port="80" proto="tcp">
<hop ttl="1" ipaddr="10.0.2.2" rtt="0.34" host="localhost"/>
<hop ttl="2" ipaddr="172.21.130.112" rtt="0.77" host="localhost"/>
</trace>
<times srtt="21334" rttvar="32596" to="151718"/>
</host>
<host starttime="1481779498" endtime="1481782285"><status state="up" reason="reset" reason_ttl="255"/>
<address addr="172.21.130.113" addrtype="ipv4"/>
<hostnames>
<hostname name="localhost" type="PTR"/>
</hostnames>
<ports><extraports state="filtered" count="1000">
<extrareasons reason="no-responses" count="1000"/>
</extraports>
</ports>
<os></os>
<distance value="2"/>
<trace port="80" proto="tcp">
<hop ttl="1" ipaddr="10.0.2.2" rtt="0.34" host="localhost"/>
<hop ttl="2" ipaddr="172.21.130.113" rtt="0.74" host="localhost"/>
</trace>
<times srtt="14121" rttvar="19579" to="100000"/>
</host>
<host starttime="1481779498" endtime="1481782285"><status state="up" reason="reset" reason_ttl="255"/>
<address addr="172.21.130.114" addrtype="ipv4"/>
<hostnames>
<hostname name="localhost" type="PTR"/>
</hostnames>
<ports><extraports state="filtered" count="1000">
<extrareasons reason="no-responses" count="1000"/>
</extraports>
</ports>
<os></os>
<distance value="2"/>
<trace port="80" proto="tcp">
<hop ttl="1" ipaddr="10.0.2.2" rtt="0.34" host="localhost"/>
<hop ttl="2" ipaddr="172.21.130.114" rtt="0.63" host="localhost"/>
</trace>
<times srtt="11175" rttvar="13519" to="100000"/>
</host>
<host starttime="1481779498" endtime="1481782285"><status state="up" reason="reset" reason_ttl="255"/>
<address addr="172.21.130.115" addrtype="ipv4"/>
<hostnames>
<hostname name="localhost" type="PTR"/>
</hostnames>
<ports><extraports state="filtered" count="1000">
<extrareasons reason="no-responses" count="1000"/>
</extraports>
</ports>
<os></os>
<distance value="2"/>
<trace port="80" proto="tcp">
<hop ttl="1" ipaddr="10.0.2.2" rtt="0.34" host="localhost"/>
<hop ttl="2" ipaddr="172.21.130.115" rtt="0.53" host="localhost"/>
</trace>
<times srtt="20481" rttvar="34943" to="160253"/>
</host>
<host starttime="1481779498" endtime="1481782285"><status state="up" reason="reset" reason_ttl="255"/>
<address addr="172.21.130.116" addrtype="ipv4"/>
<hostnames>
<hostname name="localhost" type="PTR"/>
</hostnames>
<ports><extraports state="filtered" count="1000">
<extrareasons reason="no-responses" count="1000"/>
</extraports>
</ports>
<os></os>
<distance value="2"/>
<trace port="80" proto="tcp">
<hop ttl="1" ipaddr="10.0.2.2" rtt="0.34" host="localhost"/>
<hop ttl="2" ipaddr="172.21.130.116" rtt="0.50" host="localhost"/>
</trace>
<times srtt="9856" rttvar="9689" to="100000"/>
</host>
<host starttime="1481779498" endtime="1481782285"><status state="up" reason="reset" reason_ttl="255"/>
<address addr="172.21.130.117" addrtype="ipv4"/>
<hostnames>
<hostname name="localhost" type="PTR"/>
</hostnames>
<ports><extraports state="filtered" count="1000">
<extrareasons reason="no-responses" count="1000"/>
</extraports>
</ports>
<os></os>
<distance value="2"/>
<trace port="80" proto="tcp">
<hop ttl="1" ipaddr="10.0.2.2" rtt="0.34" host="localhost"/>
<hop ttl="2" ipaddr="172.21.130.117" rtt="0.46" host="localhost"/>
</trace>
<times srtt="19273" rttvar="28729" to="134189"/>
</host>
<host starttime="1481779498" endtime="1481782285"><status state="up" reason="reset" reason_ttl="255"/>
<address addr="172.21.130.118" addrtype="ipv4"/>
<hostnames>
<hostname name="localhost" type="PTR"/>
</hostnames>
<ports><extraports state="filtered" count="1000">
<extrareasons reason="no-responses" count="1000"/>
</extraports>
</ports>
<os></os>
<distance value="2"/>
<trace port="80" proto="tcp">
<hop ttl="1" ipaddr="10.0.2.2" rtt="0.34" host="localhost"/>
<hop ttl="2" ipaddr="172.21.130.118" rtt="0.44" host="localhost"/>
</trace>
<times srtt="7027" rttvar="6605" to="100000"/>
</host>
<host starttime="1481779498" endtime="1481782285"><status state="up" reason="reset" reason_ttl="255"/>
<address addr="172.21.130.119" addrtype="ipv4"/>
<hostnames>
<hostname name="localhost" type="PTR"/>
</hostnames>
<ports><extraports state="filtered" count="1000">
<extrareasons reason="no-responses" count="1000"/>
</extraports>
</ports>
<os></os>
<distance value="2"/>
<trace port="80" proto="tcp">
<hop ttl="1" ipaddr="10.0.2.2" rtt="0.34" host="localhost"/>
<hop ttl="2" ipaddr="172.21.130.119" rtt="0.40" host="localhost"/>
</trace>
<times srtt="12364" rttvar="13546" to="100000"/>
</host>
<host starttime="1481779498" endtime="1481782285"><status state="up" reason="reset" reason_ttl="255"/>
<address addr="172.21.130.120" addrtype="ipv4"/>
<hostnames>
<hostname name="localhost" type="PTR"/>
</hostnames>
<ports><extraports state="filtered" count="1000">
<extrareasons reason="no-responses" count="1000"/>
</extraports>
</ports>
<os></os>
<distance value="2"/>
<trace port="80" proto="tcp">
<hop ttl="1" ipaddr="10.0.2.2" rtt="0.34" host="localhost"/>
<hop ttl="2" ipaddr="172.21.130.120" rtt="0.38" host="localhost"/>
</trace>
<times srtt="28473" rttvar="51785" to="235613"/>
</host>
<host starttime="1481779498" endtime="1481782285"><status state="up" reason="reset" reason_ttl="255"/>
<address addr="172.21.130.121" addrtype="ipv4"/>
<hostnames>
<hostname name="localhost" type="PTR"/>
</hostnames>
<ports><extraports state="filtered" count="1000">
<extrareasons reason="no-responses" count="1000"/>
</extraports>
</ports>
<os></os>
<distance value="2"/>
<trace port="80" proto="tcp">
<hop ttl="1" ipaddr="10.0.2.2" rtt="0.34" host="localhost"/>
<hop ttl="2" ipaddr="172.21.130.121" rtt="0.37" host="localhost"/>
</trace>
<times srtt="11988" rttvar="15174" to="100000"/>
</host>
<host starttime="1481779498" endtime="1481782285"><status state="up" reason="reset" reason_ttl="255"/>
<address addr="172.21.130.122" addrtype="ipv4"/>
<hostnames>
<hostname name="localhost" type="PTR"/>
</hostnames>
<ports><extraports state="filtered" count="1000">
<extrareasons reason="no-responses" count="1000"/>
</extraports>
</ports>
<os></os>
<distance value="2"/>
<trace port="80" proto="tcp">
<hop ttl="1" ipaddr="10.0.2.2" rtt="0.34" host="localhost"/>
<hop ttl="2" ipaddr="172.21.130.122" rtt="0.33" host="localhost"/>
</trace>
<times srtt="4909" rttvar="3959" to="100000"/>
</host>
<host starttime="1481779498" endtime="1481782285"><status state="up" reason="reset" reason_ttl="255"/>
<address addr="172.21.130.123" addrtype="ipv4"/>
<hostnames>
<hostname name="localhost" type="PTR"/>
</hostnames>
<ports><extraports state="filtered" count="1000">
<extrareasons reason="no-responses" count="1000"/>
</extraports>
</ports>
<os></os>
<distance value="2"/>
<trace port="80" proto="tcp">
<hop ttl="1" ipaddr="10.0.2.2" rtt="0.34" host="localhost"/>
<hop ttl="2" ipaddr="172.21.130.123" rtt="0.32" host="localhost"/>
</trace>
<times srtt="7679" rttvar="7345" to="100000"/>
</host>
<host starttime="1481779498" endtime="1481782285"><status state="up" reason="reset" reason_ttl="255"/>
<address addr="172.21.130.124" addrtype="ipv4"/>
<hostnames>
<hostname name="localhost" type="PTR"/>
</hostnames>
<ports><extraports state="filtered" count="1000">
<extrareasons reason="no-responses" count="1000"/>
</extraports>
</ports>
<os></os>
<distance value="2"/>
<trace port="80" proto="tcp">
<hop ttl="1" ipaddr="10.0.2.2" rtt="0.34" host="localhost"/>
<hop ttl="2" ipaddr="172.21.130.124" rtt="8.22" host="localhost"/>
</trace>
<times srtt="12419" rttvar="13528" to="100000"/>
</host>
<host starttime="1481779498" endtime="1481782285"><status state="up" reason="reset" reason_ttl="255"/>
<address addr="172.21.130.125" addrtype="ipv4"/>
<hostnames>
<hostname name="localhost" type="PTR"/>
</hostnames>
<ports><extraports state="filtered" count="1000">
<extrareasons reason="no-responses" count="1000"/>
</extraports>
</ports>
<os></os>
<distance value="2"/>
<trace port="80" proto="tcp">
<hop ttl="1" ipaddr="10.0.2.2" rtt="0.34" host="localhost"/>
<hop ttl="2" ipaddr="172.21.130.125" rtt="7.27" host="localhost"/>
</trace>
<times srtt="29062" rttvar="44716" to="207926"/>
</host>
<host starttime="1481779498" endtime="1481782285"><status state="up" reason="reset" reason_ttl="255"/>
<address addr="172.21.130.126" addrtype="ipv4"/>
<hostnames>
<hostname name="localhost" type="PTR"/>
</hostnames>
<ports><extraports state="filtered" count="1000">
<extrareasons reason="no-responses" count="1000"/>
</extraports>
</ports>
<os></os>
<distance value="2"/>
<trace port="80" proto="tcp">
<hop ttl="1" ipaddr="10.0.2.2" rtt="0.34" host="localhost"/>
<hop ttl="2" ipaddr="172.21.130.126" rtt="6.65" host="localhost"/>
</trace>
<times srtt="10608" rttvar="8800" to="100000"/>
</host>
<host starttime="1481779498" endtime="1481782285"><status state="up" reason="reset" reason_ttl="255"/>
<address addr="172.21.130.127" addrtype="ipv4"/>
<hostnames>
<hostname name="localhost" type="PTR"/>
</hostnames>
<ports><extraports state="filtered" count="1000">
<extrareasons reason="no-responses" count="1000"/>
</extraports>
</ports>
<os></os>
<distance value="2"/>
<trace port="80" proto="tcp">
<hop ttl="1" ipaddr="10.0.2.2" rtt="0.34" host="localhost"/>
<hop ttl="2" ipaddr="172.21.130.127" rtt="5.82" host="localhost"/>
</trace>
<times srtt="8272" rttvar="8345" to="100000"/>
</host>
<host starttime="1481779498" endtime="1481783258"><status state="up" reason="reset" reason_ttl="255"/>
<address addr="172.21.130.128" addrtype="ipv4"/>
<hostnames>
<hostname name="localhost" type="PTR"/>
</hostnames>
<ports><extraports state="filtered" count="1000">
<extrareasons reason="no-responses" count="1000"/>
</extraports>
</ports>
<os></os>
<distance value="2"/>
<trace port="80" proto="tcp">
<hop ttl="1" ipaddr="10.0.2.2" rtt="0.34" host="localhost"/>
<hop ttl="2" ipaddr="172.21.130.128" rtt="2.48" host="localhost"/>
</trace>
<times srtt="12798" rttvar="17326" to="100000"/>
</host>
<host starttime="1481779498" endtime="1481783258"><status state="up" reason="reset" reason_ttl="255"/>
<address addr="172.21.130.129" addrtype="ipv4"/>
<hostnames>
<hostname name="localhost" type="PTR"/>
</hostnames>
<ports><extraports state="filtered" count="1000">
<extrareasons reason="no-responses" count="1000"/>
</extraports>
</ports>
<os></os>
<distance value="2"/>
<trace port="80" proto="tcp">
<hop ttl="1" ipaddr="10.0.2.2" rtt="0.34" host="localhost"/>
<hop ttl="2" ipaddr="172.21.130.129" rtt="2.37" host="localhost"/>
</trace>
<times srtt="15885" rttvar="22419" to="105561"/>
</host>
<host starttime="1481779498" endtime="1481783258"><status state="up" reason="reset" reason_ttl="255"/>
<address addr="172.21.130.130" addrtype="ipv4"/>
<hostnames>
<hostname name="localhost" type="PTR"/>
</hostnames>
<ports><extraports state="filtered" count="1000">
<extrareasons reason="no-responses" count="1000"/>
</extraports>
</ports>
<os></os>
<distance value="2"/>
<trace port="80" proto="tcp">
<hop ttl="1" ipaddr="10.0.2.2" rtt="0.34" host="localhost"/>
<hop ttl="2" ipaddr="172.21.130.130" rtt="2.33" host="localhost"/>
</trace>
<times srtt="16622" rttvar="18926" to="100000"/>
</host>
<host starttime="1481779498" endtime="1481783258"><status state="up" reason="reset" reason_ttl="255"/>
<address addr="172.21.130.131" addrtype="ipv4"/>
<hostnames>
<hostname name="localhost" type="PTR"/>
</hostnames>
<ports><extraports state="filtered" count="1000">
<extrareasons reason="no-responses" count="1000"/>
</extraports>
</ports>
<os></os>
<distance value="2"/>
<trace port="80" proto="tcp">
<hop ttl="1" ipaddr="10.0.2.2" rtt="0.34" host="localhost"/>
<hop ttl="2" ipaddr="172.21.130.131" rtt="2.31" host="localhost"/>
</trace>
<times srtt="32516" rttvar="55371" to="254000"/>
</host>
<host starttime="1481779498" endtime="1481783258"><status state="up" reason="reset" reason_ttl="255"/>
<address addr="172.21.130.132" addrtype="ipv4"/>
<hostnames>
<hostname name="localhost" type="PTR"/>
</hostnames>
<ports><extraports state="filtered" count="1000">
<extrareasons reason="no-responses" count="1000"/>
</extraports>
</ports>
<os></os>
<distance value="2"/>
<trace port="80" proto="tcp">
<hop ttl="1" ipaddr="10.0.2.2" rtt="0.34" host="localhost"/>
<hop ttl="2" ipaddr="172.21.130.132" rtt="2.33" host="localhost"/>
</trace>
<times srtt="17626" rttvar="28794" to="132802"/>
</host>
<host starttime="1481779498" endtime="1481783258"><status state="up" reason="reset" reason_ttl="255"/>
<address addr="172.21.130.133" addrtype="ipv4"/>
<hostnames>
<hostname name="localhost" type="PTR"/>
</hostnames>
<ports><extraports state="filtered" count="1000">
<extrareasons reason="no-responses" count="1000"/>
</extraports>
</ports>
<os></os>
<distance value="2"/>
<trace port="80" proto="tcp">
<hop ttl="1" ipaddr="10.0.2.2" rtt="0.34" host="localhost"/>
<hop ttl="2" ipaddr="172.21.130.133" rtt="2.30" host="localhost"/>
</trace>
<times srtt="9374" rttvar="11580" to="100000"/>
</host>
<host starttime="1481779498" endtime="1481783258"><status state="up" reason="reset" reason_ttl="255"/>
<address addr="172.21.130.134" addrtype="ipv4"/>
<hostnames>
<hostname name="localhost" type="PTR"/>
</hostnames>
<ports><extraports state="filtered" count="1000">
<extrareasons reason="no-responses" count="1000"/>
</extraports>
</ports>
<os></os>
<distance value="2"/>
<trace port="80" proto="tcp">
<hop ttl="1" ipaddr="10.0.2.2" rtt="0.34" host="localhost"/>
<hop ttl="2" ipaddr="172.21.130.134" rtt="2.34" host="localhost"/>
</trace>
<times srtt="11602" rttvar="15676" to="100000"/>
</host>
<host starttime="1481779498" endtime="1481783258"><status state="up" reason="reset" reason_ttl="255"/>
<address addr="172.21.130.135" addrtype="ipv4"/>
<hostnames>
<hostname name="localhost" type="PTR"/>
</hostnames>
<ports><extraports state="filtered" count="1000">
<extrareasons reason="no-responses" count="1000"/>
</extraports>
</ports>
<os></os>
<distance value="2"/>
<trace port="80" proto="tcp">
<hop ttl="1" ipaddr="10.0.2.2" rtt="0.34" host="localhost"/>
<hop ttl="2" ipaddr="172.21.130.135" rtt="2.33" host="localhost"/>
</trace>
<times srtt="7773" rttvar="7812" to="100000"/>
</host>
<host starttime="1481779498" endtime="1481783258"><status state="up" reason="reset" reason_ttl="255"/>
<address addr="172.21.130.136" addrtype="ipv4"/>
<hostnames>
<hostname name="localhost" type="PTR"/>
</hostnames>
<ports><extraports state="filtered" count="1000">
<extrareasons reason="no-responses" count="1000"/>
</extraports>
</ports>
<os></os>
<distance value="2"/>
<trace port="80" proto="tcp">
<hop ttl="1" ipaddr="10.0.2.2" rtt="0.34" host="localhost"/>
<hop ttl="2" ipaddr="172.21.130.136" rtt="2.28" host="localhost"/>
</trace>
<times srtt="7088" rttvar="6604" to="100000"/>
</host>
<host starttime="1481779498" endtime="1481783258"><status state="up" reason="reset" reason_ttl="255"/>
<address addr="172.21.130.137" addrtype="ipv4"/>
<hostnames>
<hostname name="localhost" type="PTR"/>
</hostnames>
<ports><extraports state="filtered" count="1000">
<extrareasons reason="no-responses" count="1000"/>
</extraports>
</ports>
<os></os>
<distance value="2"/>
<trace port="80" proto="tcp">
<hop ttl="1" ipaddr="10.0.2.2" rtt="0.34" host="localhost"/>
<hop ttl="2" ipaddr="172.21.130.137" rtt="2.35" host="localhost"/>
</trace>
<times srtt="17385" rttvar="26431" to="123109"/>
</host>
<host starttime="1481779498" endtime="1481783258"><status state="up" reason="reset" reason_ttl="255"/>
<address addr="172.21.130.138" addrtype="ipv4"/>
<hostnames>
<hostname name="localhost" type="PTR"/>
</hostnames>
<ports><extraports state="filtered" count="1000">
<extrareasons reason="no-responses" count="1000"/>
</extraports>
</ports>
<os></os>
<distance value="2"/>
<trace port="80" proto="tcp">
<hop ttl="1" ipaddr="10.0.2.2" rtt="0.34" host="localhost"/>
<hop ttl="2" ipaddr="172.21.130.138" rtt="0.59" host="localhost"/>
</trace>
<times srtt="23499" rttvar="40529" to="185615"/>
</host>
<host starttime="1481779498" endtime="1481783258"><status state="up" reason="reset" reason_ttl="255"/>
<address addr="172.21.130.139" addrtype="ipv4"/>
<hostnames>
<hostname name="localhost" type="PTR"/>
</hostnames>
<ports><extraports state="filtered" count="1000">
<extrareasons reason="no-responses" count="1000"/>
</extraports>
</ports>
<os></os>
<distance value="2"/>
<trace port="80" proto="tcp">
<hop ttl="1" ipaddr="10.0.2.2" rtt="0.34" host="localhost"/>
<hop ttl="2" ipaddr="172.21.130.139" rtt="0.51" host="localhost"/>
</trace>
<times srtt="18801" rttvar="29679" to="137517"/>
</host>
<host starttime="1481779498" endtime="1481783258"><status state="up" reason="reset" reason_ttl="255"/>
<address addr="172.21.130.140" addrtype="ipv4"/>
<hostnames>
<hostname name="localhost" type="PTR"/>
</hostnames>
<ports><extraports state="filtered" count="1000">
<extrareasons reason="no-responses" count="1000"/>
</extraports>
</ports>
<os></os>
<distance value="2"/>
<trace port="80" proto="tcp">
<hop ttl="1" ipaddr="10.0.2.2" rtt="0.34" host="localhost"/>
<hop ttl="2" ipaddr="172.21.130.140" rtt="0.49" host="localhost"/>
</trace>
<times srtt="21988" rttvar="35683" to="164720"/>
</host>
<host starttime="1481779498" endtime="1481783258"><status state="up" reason="reset" reason_ttl="255"/>
<address addr="172.21.130.141" addrtype="ipv4"/>
<hostnames>
<hostname name="localhost" type="PTR"/>
</hostnames>
<ports><extraports state="filtered" count="1000">
<extrareasons reason="no-responses" count="1000"/>
</extraports>
</ports>
<os></os>
<distance value="2"/>
<trace port="80" proto="tcp">
<hop ttl="1" ipaddr="10.0.2.2" rtt="0.34" host="localhost"/>
<hop ttl="2" ipaddr="172.21.130.141" rtt="0.47" host="localhost"/>
</trace>
<times srtt="10626" rttvar="16051" to="100000"/>
</host>
<host starttime="1481779498" endtime="1481783258"><status state="up" reason="reset" reason_ttl="255"/>
<address addr="172.21.130.142" addrtype="ipv4"/>
<hostnames>
<hostname name="localhost" type="PTR"/>
</hostnames>
<ports><extraports state="filtered" count="1000">
<extrareasons reason="no-responses" count="1000"/>
</extraports>
</ports>
<os></os>
<distance value="2"/>
<trace port="80" proto="tcp">
<hop ttl="1" ipaddr="10.0.2.2" rtt="0.34" host="localhost"/>
<hop ttl="2" ipaddr="172.21.130.142" rtt="0.51" host="localhost"/>
</trace>
<times srtt="6273" rttvar="5949" to="100000"/>
</host>
<host starttime="1481779498" endtime="1481783258"><status state="up" reason="reset" reason_ttl="255"/>
<address addr="172.21.130.143" addrtype="ipv4"/>
<hostnames>
<hostname name="localhost" type="PTR"/>
</hostnames>
<ports><extraports state="filtered" count="1000">
<extrareasons reason="no-responses" count="1000"/>
</extraports>
</ports>
<os></os>
<distance value="2"/>
<trace port="80" proto="tcp">
<hop ttl="1" ipaddr="10.0.2.2" rtt="0.34" host="localhost"/>
<hop ttl="2" ipaddr="172.21.130.143" rtt="0.50" host="localhost"/>
</trace>
<times srtt="6736" rttvar="9014" to="100000"/>
</host>
<host starttime="1481779498" endtime="1481783258"><status state="up" reason="reset" reason_ttl="255"/>
<address addr="172.21.130.144" addrtype="ipv4"/>
<hostnames>
<hostname name="localhost" type="PTR"/>
</hostnames>
<ports><extraports state="filtered" count="1000">
<extrareasons reason="no-responses" count="1000"/>
</extraports>
</ports>
<os></os>
<distance value="2"/>
<trace port="80" proto="tcp">
<hop ttl="1" ipaddr="10.0.2.2" rtt="0.34" host="localhost"/>
<hop ttl="2" ipaddr="172.21.130.144" rtt="0.48" host="localhost"/>
</trace>
<times srtt="10623" rttvar="13560" to="100000"/>
</host>
<host starttime="1481779498" endtime="1481783258"><status state="up" reason="reset" reason_ttl="255"/>
<address addr="172.21.130.145" addrtype="ipv4"/>
<hostnames>
<hostname name="localhost" type="PTR"/>
</hostnames>
<ports><extraports state="filtered" count="1000">
<extrareasons reason="no-responses" count="1000"/>
</extraports>
</ports>
<os></os>
<distance value="2"/>
<trace port="80" proto="tcp">
<hop ttl="1" ipaddr="10.0.2.2" rtt="0.34" host="localhost"/>
<hop ttl="2" ipaddr="172.21.130.145" rtt="0.51" host="localhost"/>
</trace>
<times srtt="4720" rttvar="3899" to="100000"/>
</host>
<host starttime="1481779498" endtime="1481783258"><status state="up" reason="reset" reason_ttl="255"/>
<address addr="172.21.130.146" addrtype="ipv4"/>
<hostnames>
<hostname name="localhost" type="PTR"/>
</hostnames>
<ports><extraports state="filtered" count="1000">
<extrareasons reason="no-responses" count="1000"/>
</extraports>
</ports>
<os></os>
<distance value="2"/>
<trace port="80" proto="tcp">
<hop ttl="1" ipaddr="10.0.2.2" rtt="0.34" host="localhost"/>
<hop ttl="2" ipaddr="172.21.130.146" rtt="0.49" host="localhost"/>
</trace>
<times srtt="8460" rttvar="7755" to="100000"/>
</host>
<host starttime="1481779498" endtime="1481783258"><status state="up" reason="reset" reason_ttl="255"/>
<address addr="172.21.130.147" addrtype="ipv4"/>
<hostnames>
<hostname name="localhost" type="PTR"/>
</hostnames>
<ports><extraports state="filtered" count="1000">
<extrareasons reason="no-responses" count="1000"/>
</extraports>
</ports>
<os><osmatch name="AXIS 2100 Network Camera" accuracy="100" line="8166">
<osclass type="webcam" vendor="AXIS" osfamily="embedded" accuracy="100"><cpe>cpe:/h:axis:2100_network_camera</cpe></osclass>
</osmatch>
<osmatch name="Cisco 3000 switch (IOS 10.3)" accuracy="100" line="13937">
<osclass type="switch" vendor="Cisco" osfamily="IOS" osgen="10.X" accuracy="100"><cpe>cpe:/h:cisco:catalyst_3000</cpe><cpe>cpe:/o:cisco:ios:10.3</cpe></osclass>
</osmatch>
<osmatch name="Cisco 2500 router (IOS 11.1)" accuracy="100" line="13956">
<osclass type="router" vendor="Cisco" osfamily="IOS" osgen="11.X" accuracy="100"><cpe>cpe:/h:cisco:2500_router</cpe><cpe>cpe:/o:cisco:ios:11.1</cpe></osclass>
</osmatch>
<osmatch name="Linux 2.6.18 (CentOS 5, x86_64, SMP)" accuracy="100" line="56634">
<osclass type="general purpose" vendor="Linux" osfamily="Linux" accuracy="100"><cpe>cpe:/o:linux:linux_kernel:2.6.18</cpe></osclass>
</osmatch>
<osmatch name="Netgear RT311 broadband router" accuracy="100" line="73118">
<osclass type="broadband router" vendor="Netgear" osfamily="embedded" accuracy="100"><cpe>cpe:/h:netgear:rt311</cpe></osclass>
</osmatch>
</os>
<distance value="2"/>
<trace port="80" proto="tcp">
<hop ttl="1" ipaddr="10.0.2.2" rtt="0.34" host="localhost"/>
<hop ttl="2" ipaddr="172.21.130.147" rtt="0.48" host="localhost"/>
</trace>
<times srtt="6518" rttvar="7647" to="100000"/>
</host>
<host starttime="1481779498" endtime="1481783258"><status state="up" reason="reset" reason_ttl="255"/>
<address addr="172.21.130.148" addrtype="ipv4"/>
<hostnames>
<hostname name="localhost" type="PTR"/>
</hostnames>
<ports><extraports state="filtered" count="1000">
<extrareasons reason="no-responses" count="1000"/>
</extraports>
</ports>
<os><osmatch name="AXIS 2100 Network Camera" accuracy="100" line="8166">
<osclass type="webcam" vendor="AXIS" osfamily="embedded" accuracy="100"><cpe>cpe:/h:axis:2100_network_camera</cpe></osclass>
</osmatch>
<osmatch name="Cisco 3000 switch (IOS 10.3)" accuracy="100" line="13937">
<osclass type="switch" vendor="Cisco" osfamily="IOS" osgen="10.X" accuracy="100"><cpe>cpe:/h:cisco:catalyst_3000</cpe><cpe>cpe:/o:cisco:ios:10.3</cpe></osclass>
</osmatch>
<osmatch name="Cisco 2500 router (IOS 11.1)" accuracy="100" line="13956">
<osclass type="router" vendor="Cisco" osfamily="IOS" osgen="11.X" accuracy="100"><cpe>cpe:/h:cisco:2500_router</cpe><cpe>cpe:/o:cisco:ios:11.1</cpe></osclass>
</osmatch>
<osmatch name="Linux 2.6.18 (CentOS 5, x86_64, SMP)" accuracy="100" line="56634">
<osclass type="general purpose" vendor="Linux" osfamily="Linux" accuracy="100"><cpe>cpe:/o:linux:linux_kernel:2.6.18</cpe></osclass>
</osmatch>
<osmatch name="Netgear RT311 broadband router" accuracy="100" line="73118">
<osclass type="broadband router" vendor="Netgear" osfamily="embedded" accuracy="100"><cpe>cpe:/h:netgear:rt311</cpe></osclass>
</osmatch>
</os>
<distance value="2"/>
<trace port="80" proto="tcp">
<hop ttl="1" ipaddr="10.0.2.2" rtt="0.34" host="localhost"/>
<hop ttl="2" ipaddr="172.21.130.148" rtt="3.58" host="localhost"/>
</trace>
<times srtt="5790" rttvar="3628" to="100000"/>
</host>
<host starttime="1481779498" endtime="1481783258"><status state="up" reason="reset" reason_ttl="255"/>
<address addr="172.21.130.149" addrtype="ipv4"/>
<hostnames>
<hostname name="localhost" type="PTR"/>
</hostnames>
<ports><extraports state="filtered" count="1000">
<extrareasons reason="no-responses" count="1000"/>
</extraports>
</ports>
<os></os>
<distance value="2"/>
<trace port="80" proto="tcp">
<hop ttl="1" ipaddr="10.0.2.2" rtt="0.34" host="localhost"/>
<hop ttl="2" ipaddr="172.21.130.149" rtt="3.48" host="localhost"/>
</trace>
<times srtt="16728" rttvar="23289" to="109884"/>
</host>
<host starttime="1481779498" endtime="1481783258"><status state="up" reason="reset" reason_ttl="255"/>
<address addr="172.21.130.150" addrtype="ipv4"/>
<hostnames>
<hostname name="localhost" type="PTR"/>
</hostnames>
<ports><extraports state="filtered" count="1000">
<extrareasons reason="no-responses" count="1000"/>
</extraports>
</ports>
<os><osmatch name="AXIS 2100 Network Camera" accuracy="100" line="8166">
<osclass type="webcam" vendor="AXIS" osfamily="embedded" accuracy="100"><cpe>cpe:/h:axis:2100_network_camera</cpe></osclass>
</osmatch>
<osmatch name="Cisco 3000 switch (IOS 10.3)" accuracy="100" line="13937">
<osclass type="switch" vendor="Cisco" osfamily="IOS" osgen="10.X" accuracy="100"><cpe>cpe:/h:cisco:catalyst_3000</cpe><cpe>cpe:/o:cisco:ios:10.3</cpe></osclass>
</osmatch>
<osmatch name="Cisco 2500 router (IOS 11.1)" accuracy="100" line="13956">
<osclass type="router" vendor="Cisco" osfamily="IOS" osgen="11.X" accuracy="100"><cpe>cpe:/h:cisco:2500_router</cpe><cpe>cpe:/o:cisco:ios:11.1</cpe></osclass>
</osmatch>
<osmatch name="Linux 2.6.18 (CentOS 5, x86_64, SMP)" accuracy="100" line="56634">
<osclass type="general purpose" vendor="Linux" osfamily="Linux" accuracy="100"><cpe>cpe:/o:linux:linux_kernel:2.6.18</cpe></osclass>
</osmatch>
<osmatch name="Netgear RT311 broadband router" accuracy="100" line="73118">
<osclass type="broadband router" vendor="Netgear" osfamily="embedded" accuracy="100"><cpe>cpe:/h:netgear:rt311</cpe></osclass>
</osmatch>
</os>
<distance value="2"/>
<trace port="80" proto="tcp">
<hop ttl="1" ipaddr="10.0.2.2" rtt="0.34" host="localhost"/>
<hop ttl="2" ipaddr="172.21.130.150" rtt="3.46" host="localhost"/>
</trace>
<times srtt="6967" rttvar="6552" to="100000"/>
</host>
<host starttime="1481779498" endtime="1481783258"><status state="up" reason="reset" reason_ttl="255"/>
<address addr="172.21.130.151" addrtype="ipv4"/>
<hostnames>
<hostname name="localhost" type="PTR"/>
</hostnames>
<ports><extraports state="filtered" count="1000">
<extrareasons reason="no-responses" count="1000"/>
</extraports>
</ports>
<os><osmatch name="AXIS 2100 Network Camera" accuracy="100" line="8166">
<osclass type="webcam" vendor="AXIS" osfamily="embedded" accuracy="100"><cpe>cpe:/h:axis:2100_network_camera</cpe></osclass>
</osmatch>
<osmatch name="Cisco 3000 switch (IOS 10.3)" accuracy="100" line="13937">
<osclass type="switch" vendor="Cisco" osfamily="IOS" osgen="10.X" accuracy="100"><cpe>cpe:/h:cisco:catalyst_3000</cpe><cpe>cpe:/o:cisco:ios:10.3</cpe></osclass>
</osmatch>
<osmatch name="Cisco 2500 router (IOS 11.1)" accuracy="100" line="13956">
<osclass type="router" vendor="Cisco" osfamily="IOS" osgen="11.X" accuracy="100"><cpe>cpe:/h:cisco:2500_router</cpe><cpe>cpe:/o:cisco:ios:11.1</cpe></osclass>
</osmatch>
<osmatch name="Linux 2.6.18 (CentOS 5, x86_64, SMP)" accuracy="100" line="56634">
<osclass type="general purpose" vendor="Linux" osfamily="Linux" accuracy="100"><cpe>cpe:/o:linux:linux_kernel:2.6.18</cpe></osclass>
</osmatch>
<osmatch name="Netgear RT311 broadband router" accuracy="100" line="73118">
<osclass type="broadband router" vendor="Netgear" osfamily="embedded" accuracy="100"><cpe>cpe:/h:netgear:rt311</cpe></osclass>
</osmatch>
</os>
<distance value="2"/>
<trace port="80" proto="tcp">
<hop ttl="1" ipaddr="10.0.2.2" rtt="0.34" host="localhost"/>
<hop ttl="2" ipaddr="172.21.130.151" rtt="3.43"/>
</trace>
<times srtt="14467" rttvar="17313" to="100000"/>
</host>
<host starttime="1481779498" endtime="1481783258"><status state="up" reason="reset" reason_ttl="255"/>
<address addr="172.21.130.152" addrtype="ipv4"/>
<hostnames>
<hostname name="localhost" type="PTR"/>
</hostnames>
<ports><extraports state="filtered" count="1000">
<extrareasons reason="no-responses" count="1000"/>
</extraports>
</ports>
<os><osmatch name="AXIS 2100 Network Camera" accuracy="100" line="8166">
<osclass type="webcam" vendor="AXIS" osfamily="embedded" accuracy="100"><cpe>cpe:/h:axis:2100_network_camera</cpe></osclass>
</osmatch>
<osmatch name="Cisco 3000 switch (IOS 10.3)" accuracy="100" line="13937">
<osclass type="switch" vendor="Cisco" osfamily="IOS" osgen="10.X" accuracy="100"><cpe>cpe:/h:cisco:catalyst_3000</cpe><cpe>cpe:/o:cisco:ios:10.3</cpe></osclass>
</osmatch>
<osmatch name="Cisco 2500 router (IOS 11.1)" accuracy="100" line="13956">
<osclass type="router" vendor="Cisco" osfamily="IOS" osgen="11.X" accuracy="100"><cpe>cpe:/h:cisco:2500_router</cpe><cpe>cpe:/o:cisco:ios:11.1</cpe></osclass>
</osmatch>
<osmatch name="Linux 2.6.18 (CentOS 5, x86_64, SMP)" accuracy="100" line="56634">
<osclass type="general purpose" vendor="Linux" osfamily="Linux" accuracy="100"><cpe>cpe:/o:linux:linux_kernel:2.6.18</cpe></osclass>
</osmatch>
<osmatch name="Netgear RT311 broadband router" accuracy="100" line="73118">
<osclass type="broadband router" vendor="Netgear" osfamily="embedded" accuracy="100"><cpe>cpe:/h:netgear:rt311</cpe></osclass>
</osmatch>
</os>
<distance value="2"/>
<trace port="80" proto="tcp">
<hop ttl="1" ipaddr="10.0.2.2" rtt="0.34" host="localhost"/>
<hop ttl="2" ipaddr="172.21.130.152" rtt="3.41" host="localhost"/>
</trace>
<times srtt="13142" rttvar="17973" to="100000"/>
</host>
<host starttime="1481779498" endtime="1481783258"><status state="up" reason="reset" reason_ttl="255"/>
<address addr="172.21.130.153" addrtype="ipv4"/>
<hostnames>
<hostname name="localhost" type="PTR"/>
</hostnames>
<ports><extraports state="filtered" count="1000">
<extrareasons reason="no-responses" count="1000"/>
</extraports>
</ports>
<os></os>
<distance value="2"/>
<trace port="80" proto="tcp">
<hop ttl="1" ipaddr="10.0.2.2" rtt="0.34" host="localhost"/>
<hop ttl="2" ipaddr="172.21.130.153" rtt="3.43"/>
</trace>
<times srtt="10752" rttvar="13140" to="100000"/>
</host>
<host starttime="1481779498" endtime="1481783258"><status state="up" reason="reset" reason_ttl="255"/>
<address addr="172.21.130.154" addrtype="ipv4"/>
<hostnames>
<hostname name="localhost" type="PTR"/>
</hostnames>
<ports><extraports state="filtered" count="1000">
<extrareasons reason="no-responses" count="1000"/>
</extraports>
</ports>
<os><osmatch name="AXIS 2100 Network Camera" accuracy="100" line="8166">
<osclass type="webcam" vendor="AXIS" osfamily="embedded" accuracy="100"><cpe>cpe:/h:axis:2100_network_camera</cpe></osclass>
</osmatch>
<osmatch name="Cisco 3000 switch (IOS 10.3)" accuracy="100" line="13937">
<osclass type="switch" vendor="Cisco" osfamily="IOS" osgen="10.X" accuracy="100"><cpe>cpe:/h:cisco:catalyst_3000</cpe><cpe>cpe:/o:cisco:ios:10.3</cpe></osclass>
</osmatch>
<osmatch name="Cisco 2500 router (IOS 11.1)" accuracy="100" line="13956">
<osclass type="router" vendor="Cisco" osfamily="IOS" osgen="11.X" accuracy="100"><cpe>cpe:/h:cisco:2500_router</cpe><cpe>cpe:/o:cisco:ios:11.1</cpe></osclass>
</osmatch>
<osmatch name="Linux 2.6.18 (CentOS 5, x86_64, SMP)" accuracy="100" line="56634">
<osclass type="general purpose" vendor="Linux" osfamily="Linux" accuracy="100"><cpe>cpe:/o:linux:linux_kernel:2.6.18</cpe></osclass>
</osmatch>
<osmatch name="Netgear RT311 broadband router" accuracy="100" line="73118">
<osclass type="broadband router" vendor="Netgear" osfamily="embedded" accuracy="100"><cpe>cpe:/h:netgear:rt311</cpe></osclass>
</osmatch>
</os>
<distance value="2"/>
<trace port="80" proto="tcp">
<hop ttl="1" ipaddr="10.0.2.2" rtt="0.34" host="localhost"/>
<hop ttl="2" ipaddr="172.21.130.154" rtt="3.40" host="localhost"/>
</trace>
<times srtt="11161" rttvar="15310" to="100000"/>
</host>
<host starttime="1481779498" endtime="1481783258"><status state="up" reason="reset" reason_ttl="255"/>
<address addr="172.21.130.155" addrtype="ipv4"/>
<hostnames>
<hostname name="localhost" type="PTR"/>
</hostnames>
<ports><extraports state="filtered" count="1000">
<extrareasons reason="no-responses" count="1000"/>
</extraports>
</ports>
<os></os>
<distance value="2"/>
<trace port="80" proto="tcp">
<hop ttl="1" ipaddr="10.0.2.2" rtt="0.34" host="localhost"/>
<hop ttl="2" ipaddr="172.21.130.155" rtt="3.45"/>
</trace>
<times srtt="12261" rttvar="17974" to="100000"/>
</host>
<host starttime="1481779498" endtime="1481783258"><status state="up" reason="reset" reason_ttl="255"/>
<address addr="172.21.130.156" addrtype="ipv4"/>
<hostnames>
<hostname name="localhost" type="PTR"/>
</hostnames>
<ports><extraports state="filtered" count="1000">
<extrareasons reason="no-responses" count="1000"/>
</extraports>
</ports>
<os></os>
<distance value="2"/>
<trace port="80" proto="tcp">
<hop ttl="1" ipaddr="10.0.2.2" rtt="0.34" host="localhost"/>
<hop ttl="2" ipaddr="172.21.130.156" rtt="3.44" host="localhost"/>
</trace>
<times srtt="24620" rttvar="40624" to="187116"/>
</host>
<host starttime="1481779498" endtime="1481783258"><status state="up" reason="reset" reason_ttl="255"/>
<address addr="172.21.130.157" addrtype="ipv4"/>
<hostnames>
<hostname name="localhost" type="PTR"/>
</hostnames>
<ports><extraports state="filtered" count="1000">
<extrareasons reason="no-responses" count="1000"/>
</extraports>
</ports>
<os><osmatch name="AXIS 2100 Network Camera" accuracy="100" line="8166">
<osclass type="webcam" vendor="AXIS" osfamily="embedded" accuracy="100"><cpe>cpe:/h:axis:2100_network_camera</cpe></osclass>
</osmatch>
<osmatch name="Cisco 3000 switch (IOS 10.3)" accuracy="100" line="13937">
<osclass type="switch" vendor="Cisco" osfamily="IOS" osgen="10.X" accuracy="100"><cpe>cpe:/h:cisco:catalyst_3000</cpe><cpe>cpe:/o:cisco:ios:10.3</cpe></osclass>
</osmatch>
<osmatch name="Cisco 2500 router (IOS 11.1)" accuracy="100" line="13956">
<osclass type="router" vendor="Cisco" osfamily="IOS" osgen="11.X" accuracy="100"><cpe>cpe:/h:cisco:2500_router</cpe><cpe>cpe:/o:cisco:ios:11.1</cpe></osclass>
</osmatch>
<osmatch name="Linux 2.6.18 (CentOS 5, x86_64, SMP)" accuracy="100" line="56634">
<osclass type="general purpose" vendor="Linux" osfamily="Linux" accuracy="100"><cpe>cpe:/o:linux:linux_kernel:2.6.18</cpe></osclass>
</osmatch>
<osmatch name="Netgear RT311 broadband router" accuracy="100" line="73118">
<osclass type="broadband router" vendor="Netgear" osfamily="embedded" accuracy="100"><cpe>cpe:/h:netgear:rt311</cpe></osclass>
</osmatch>
</os>
<distance value="2"/>
<trace port="80" proto="tcp">
<hop ttl="1" ipaddr="10.0.2.2" rtt="0.34" host="localhost"/>
<hop ttl="2" ipaddr="172.21.130.157" rtt="3.40"/>
</trace>
<times srtt="12930" rttvar="16694" to="100000"/>
</host>
<host starttime="1481779498" endtime="1481783258"><status state="up" reason="reset" reason_ttl="255"/>
<address addr="172.21.130.158" addrtype="ipv4"/>
<hostnames>
<hostname name="localhost" type="PTR"/>
</hostnames>
<ports><extraports state="filtered" count="1000">
<extrareasons reason="no-responses" count="1000"/>
</extraports>
</ports>
<os><osmatch name="AXIS 2100 Network Camera" accuracy="100" line="8166">
<osclass type="webcam" vendor="AXIS" osfamily="embedded" accuracy="100"><cpe>cpe:/h:axis:2100_network_camera</cpe></osclass>
</osmatch>
<osmatch name="Cisco 3000 switch (IOS 10.3)" accuracy="100" line="13937">
<osclass type="switch" vendor="Cisco" osfamily="IOS" osgen="10.X" accuracy="100"><cpe>cpe:/h:cisco:catalyst_3000</cpe><cpe>cpe:/o:cisco:ios:10.3</cpe></osclass>
</osmatch>
<osmatch name="Cisco 2500 router (IOS 11.1)" accuracy="100" line="13956">
<osclass type="router" vendor="Cisco" osfamily="IOS" osgen="11.X" accuracy="100"><cpe>cpe:/h:cisco:2500_router</cpe><cpe>cpe:/o:cisco:ios:11.1</cpe></osclass>
</osmatch>
<osmatch name="Linux 2.6.18 (CentOS 5, x86_64, SMP)" accuracy="100" line="56634">
<osclass type="general purpose" vendor="Linux" osfamily="Linux" accuracy="100"><cpe>cpe:/o:linux:linux_kernel:2.6.18</cpe></osclass>
</osmatch>
<osmatch name="Netgear RT311 broadband router" accuracy="100" line="73118">
<osclass type="broadband router" vendor="Netgear" osfamily="embedded" accuracy="100"><cpe>cpe:/h:netgear:rt311</cpe></osclass>
</osmatch>
</os>
<distance value="2"/>
<trace port="80" proto="tcp">
<hop ttl="1" ipaddr="10.0.2.2" rtt="0.34" host="localhost"/>
<hop ttl="2" ipaddr="172.21.130.158" rtt="2.26" host="localhost"/>
</trace>
<times srtt="11481" rttvar="13876" to="100000"/>
</host>
<host starttime="1481779498" endtime="1481783258"><status state="up" reason="reset" reason_ttl="255"/>
<address addr="172.21.130.159" addrtype="ipv4"/>
<hostnames>
<hostname name="localhost" type="PTR"/>
</hostnames>
<ports><extraports state="filtered" count="1000">
<extrareasons reason="no-responses" count="1000"/>
</extraports>
</ports>
<os></os>
<distance value="2"/>
<trace port="80" proto="tcp">
<hop ttl="1" ipaddr="10.0.2.2" rtt="0.34" host="localhost"/>
<hop ttl="2" ipaddr="172.21.130.159" rtt="2.14"/>
</trace>
<times srtt="8228" rttvar="8966" to="100000"/>
</host>
<host starttime="1481779498" endtime="1481783258"><status state="up" reason="reset" reason_ttl="255"/>
<address addr="172.21.130.160" addrtype="ipv4"/>
<hostnames>
<hostname name="localhost" type="PTR"/>
</hostnames>
<ports><extraports state="filtered" count="1000">
<extrareasons reason="no-responses" count="1000"/>
</extraports>
</ports>
<os><osmatch name="AXIS 2100 Network Camera" accuracy="100" line="8166">
<osclass type="webcam" vendor="AXIS" osfamily="embedded" accuracy="100"><cpe>cpe:/h:axis:2100_network_camera</cpe></osclass>
</osmatch>
<osmatch name="Cisco 3000 switch (IOS 10.3)" accuracy="100" line="13937">
<osclass type="switch" vendor="Cisco" osfamily="IOS" osgen="10.X" accuracy="100"><cpe>cpe:/h:cisco:catalyst_3000</cpe><cpe>cpe:/o:cisco:ios:10.3</cpe></osclass>
</osmatch>
<osmatch name="Cisco 2500 router (IOS 11.1)" accuracy="100" line="13956">
<osclass type="router" vendor="Cisco" osfamily="IOS" osgen="11.X" accuracy="100"><cpe>cpe:/h:cisco:2500_router</cpe><cpe>cpe:/o:cisco:ios:11.1</cpe></osclass>
</osmatch>
<osmatch name="Linux 2.6.18 (CentOS 5, x86_64, SMP)" accuracy="100" line="56634">
<osclass type="general purpose" vendor="Linux" osfamily="Linux" accuracy="100"><cpe>cpe:/o:linux:linux_kernel:2.6.18</cpe></osclass>
</osmatch>
<osmatch name="Netgear RT311 broadband router" accuracy="100" line="73118">
<osclass type="broadband router" vendor="Netgear" osfamily="embedded" accuracy="100"><cpe>cpe:/h:netgear:rt311</cpe></osclass>
</osmatch>
</os>
<distance value="2"/>
<trace port="80" proto="tcp">
<hop ttl="1" ipaddr="10.0.2.2" rtt="0.34" host="localhost"/>
<hop ttl="2" ipaddr="172.21.130.160" rtt="2.09" host="localhost"/>
</trace>
<times srtt="6341" rttvar="6920" to="100000"/>
</host>
<host starttime="1481779498" endtime="1481783258"><status state="up" reason="reset" reason_ttl="255"/>
<address addr="172.21.130.161" addrtype="ipv4"/>
<hostnames>
<hostname name="localhost" type="PTR"/>
</hostnames>
<ports><extraports state="filtered" count="1000">
<extrareasons reason="no-responses" count="1000"/>
</extraports>
</ports>
<os></os>
<distance value="2"/>
<trace port="80" proto="tcp">
<hop ttl="1" ipaddr="10.0.2.2" rtt="0.34" host="localhost"/>
<hop ttl="2" ipaddr="172.21.130.161" rtt="2.13"/>
</trace>
<times srtt="14543" rttvar="20261" to="100000"/>
</host>
<host starttime="1481779498" endtime="1481783258"><status state="up" reason="reset" reason_ttl="255"/>
<address addr="172.21.130.162" addrtype="ipv4"/>
<hostnames>
<hostname name="localhost" type="PTR"/>
</hostnames>
<ports><extraports state="filtered" count="1000">
<extrareasons reason="no-responses" count="1000"/>
</extraports>
</ports>
<os><osmatch name="AXIS 2100 Network Camera" accuracy="100" line="8166">
<osclass type="webcam" vendor="AXIS" osfamily="embedded" accuracy="100"><cpe>cpe:/h:axis:2100_network_camera</cpe></osclass>
</osmatch>
<osmatch name="Cisco 3000 switch (IOS 10.3)" accuracy="100" line="13937">
<osclass type="switch" vendor="Cisco" osfamily="IOS" osgen="10.X" accuracy="100"><cpe>cpe:/h:cisco:catalyst_3000</cpe><cpe>cpe:/o:cisco:ios:10.3</cpe></osclass>
</osmatch>
<osmatch name="Cisco 2500 router (IOS 11.1)" accuracy="100" line="13956">
<osclass type="router" vendor="Cisco" osfamily="IOS" osgen="11.X" accuracy="100"><cpe>cpe:/h:cisco:2500_router</cpe><cpe>cpe:/o:cisco:ios:11.1</cpe></osclass>
</osmatch>
<osmatch name="Linux 2.6.18 (CentOS 5, x86_64, SMP)" accuracy="100" line="56634">
<osclass type="general purpose" vendor="Linux" osfamily="Linux" accuracy="100"><cpe>cpe:/o:linux:linux_kernel:2.6.18</cpe></osclass>
</osmatch>
<osmatch name="Netgear RT311 broadband router" accuracy="100" line="73118">
<osclass type="broadband router" vendor="Netgear" osfamily="embedded" accuracy="100"><cpe>cpe:/h:netgear:rt311</cpe></osclass>
</osmatch>
</os>
<distance value="2"/>
<trace port="80" proto="tcp">
<hop ttl="1" ipaddr="10.0.2.2" rtt="0.34" host="localhost"/>
<hop ttl="2" ipaddr="172.21.130.162" rtt="2.07" host="localhost"/>
</trace>
<times srtt="13081" rttvar="17717" to="100000"/>
</host>
<host starttime="1481779498" endtime="1481783258"><status state="up" reason="reset" reason_ttl="255"/>
<address addr="172.21.130.163" addrtype="ipv4"/>
<hostnames>
<hostname name="localhost" type="PTR"/>
</hostnames>
<ports><extraports state="filtered" count="1000">
<extrareasons reason="no-responses" count="1000"/>
</extraports>
</ports>
<os><osmatch name="AXIS 2100 Network Camera" accuracy="100" line="8166">
<osclass type="webcam" vendor="AXIS" osfamily="embedded" accuracy="100"><cpe>cpe:/h:axis:2100_network_camera</cpe></osclass>
</osmatch>
<osmatch name="Cisco 3000 switch (IOS 10.3)" accuracy="100" line="13937">
<osclass type="switch" vendor="Cisco" osfamily="IOS" osgen="10.X" accuracy="100"><cpe>cpe:/h:cisco:catalyst_3000</cpe><cpe>cpe:/o:cisco:ios:10.3</cpe></osclass>
</osmatch>
<osmatch name="Cisco 2500 router (IOS 11.1)" accuracy="100" line="13956">
<osclass type="router" vendor="Cisco" osfamily="IOS" osgen="11.X" accuracy="100"><cpe>cpe:/h:cisco:2500_router</cpe><cpe>cpe:/o:cisco:ios:11.1</cpe></osclass>
</osmatch>
<osmatch name="Linux 2.6.18 (CentOS 5, x86_64, SMP)" accuracy="100" line="56634">
<osclass type="general purpose" vendor="Linux" osfamily="Linux" accuracy="100"><cpe>cpe:/o:linux:linux_kernel:2.6.18</cpe></osclass>
</osmatch>
<osmatch name="Netgear RT311 broadband router" accuracy="100" line="73118">
<osclass type="broadband router" vendor="Netgear" osfamily="embedded" accuracy="100"><cpe>cpe:/h:netgear:rt311</cpe></osclass>
</osmatch>
</os>
<distance value="2"/>
<trace port="80" proto="tcp">
<hop ttl="1" ipaddr="10.0.2.2" rtt="0.34" host="localhost"/>
<hop ttl="2" ipaddr="172.21.130.163" rtt="2.05"/>
</trace>
<times srtt="4114" rttvar="2444" to="100000"/>
</host>
<host starttime="1481779498" endtime="1481783258"><status state="up" reason="reset" reason_ttl="255"/>
<address addr="172.21.130.164" addrtype="ipv4"/>
<hostnames>
<hostname name="localhost" type="PTR"/>
</hostnames>
<ports><extraports state="filtered" count="1000">
<extrareasons reason="no-responses" count="1000"/>
</extraports>
</ports>
<os></os>
<distance value="2"/>
<trace port="80" proto="tcp">
<hop ttl="1" ipaddr="10.0.2.2" rtt="0.34" host="localhost"/>
<hop ttl="2" ipaddr="172.21.130.164" rtt="2.09" host="localhost"/>
</trace>
<times srtt="19926" rttvar="33571" to="154210"/>
</host>
<host starttime="1481779498" endtime="1481783258"><status state="up" reason="reset" reason_ttl="255"/>
<address addr="172.21.130.165" addrtype="ipv4"/>
<hostnames>
<hostname name="localhost" type="PTR"/>
</hostnames>
<ports><extraports state="filtered" count="1000">
<extrareasons reason="no-responses" count="1000"/>
</extraports>
</ports>
<os></os>
<distance value="2"/>
<trace port="80" proto="tcp">
<hop ttl="1" ipaddr="10.0.2.2" rtt="0.34" host="localhost"/>
<hop ttl="2" ipaddr="172.21.130.165" rtt="2.07"/>
</trace>
<times srtt="20334" rttvar="31309" to="145570"/>
</host>
<host starttime="1481779498" endtime="1481783258"><status state="up" reason="reset" reason_ttl="255"/>
<address addr="172.21.130.166" addrtype="ipv4"/>
<hostnames>
<hostname name="localhost" type="PTR"/>
</hostnames>
<ports><extraports state="filtered" count="1000">
<extrareasons reason="no-responses" count="1000"/>
</extraports>
</ports>
<os></os>
<distance value="2"/>
<trace port="80" proto="tcp">
<hop ttl="1" ipaddr="10.0.2.2" rtt="0.34" host="localhost"/>
<hop ttl="2" ipaddr="172.21.130.166" rtt="2.06" host="localhost"/>
</trace>
<times srtt="16236" rttvar="25378" to="117748"/>
</host>
<host starttime="1481779498" endtime="1481783258"><status state="up" reason="reset" reason_ttl="255"/>
<address addr="172.21.130.167" addrtype="ipv4"/>
<hostnames>
<hostname name="localhost" type="PTR"/>
</hostnames>
<ports><extraports state="filtered" count="1000">
<extrareasons reason="no-responses" count="1000"/>
</extraports>
</ports>
<os><osmatch name="AXIS 2100 Network Camera" accuracy="100" line="8166">
<osclass type="webcam" vendor="AXIS" osfamily="embedded" accuracy="100"><cpe>cpe:/h:axis:2100_network_camera</cpe></osclass>
</osmatch>
<osmatch name="Cisco 3000 switch (IOS 10.3)" accuracy="100" line="13937">
<osclass type="switch" vendor="Cisco" osfamily="IOS" osgen="10.X" accuracy="100"><cpe>cpe:/h:cisco:catalyst_3000</cpe><cpe>cpe:/o:cisco:ios:10.3</cpe></osclass>
</osmatch>
<osmatch name="Cisco 2500 router (IOS 11.1)" accuracy="100" line="13956">
<osclass type="router" vendor="Cisco" osfamily="IOS" osgen="11.X" accuracy="100"><cpe>cpe:/h:cisco:2500_router</cpe><cpe>cpe:/o:cisco:ios:11.1</cpe></osclass>
</osmatch>
<osmatch name="Linux 2.6.18 (CentOS 5, x86_64, SMP)" accuracy="100" line="56634">
<osclass type="general purpose" vendor="Linux" osfamily="Linux" accuracy="100"><cpe>cpe:/o:linux:linux_kernel:2.6.18</cpe></osclass>
</osmatch>
<osmatch name="Netgear RT311 broadband router" accuracy="100" line="73118">
<osclass type="broadband router" vendor="Netgear" osfamily="embedded" accuracy="100"><cpe>cpe:/h:netgear:rt311</cpe></osclass>
</osmatch>
</os>
<distance value="2"/>
<trace port="80" proto="tcp">
<hop ttl="1" ipaddr="10.0.2.2" rtt="0.34" host="localhost"/>
<hop ttl="2" ipaddr="172.21.130.167" rtt="2.02"/>
</trace>
<times srtt="9898" rttvar="12242" to="100000"/>
</host>
<host starttime="1481779498" endtime="1481783258"><status state="up" reason="reset" reason_ttl="255"/>
<address addr="172.21.130.168" addrtype="ipv4"/>
<hostnames>
<hostname name="localhost" type="PTR"/>
</hostnames>
<ports><extraports state="filtered" count="1000">
<extrareasons reason="no-responses" count="1000"/>
</extraports>
</ports>
<os><osmatch name="AXIS 2100 Network Camera" accuracy="100" line="8166">
<osclass type="webcam" vendor="AXIS" osfamily="embedded" accuracy="100"><cpe>cpe:/h:axis:2100_network_camera</cpe></osclass>
</osmatch>
<osmatch name="Cisco 3000 switch (IOS 10.3)" accuracy="100" line="13937">
<osclass type="switch" vendor="Cisco" osfamily="IOS" osgen="10.X" accuracy="100"><cpe>cpe:/h:cisco:catalyst_3000</cpe><cpe>cpe:/o:cisco:ios:10.3</cpe></osclass>
</osmatch>
<osmatch name="Cisco 2500 router (IOS 11.1)" accuracy="100" line="13956">
<osclass type="router" vendor="Cisco" osfamily="IOS" osgen="11.X" accuracy="100"><cpe>cpe:/h:cisco:2500_router</cpe><cpe>cpe:/o:cisco:ios:11.1</cpe></osclass>
</osmatch>
<osmatch name="Linux 2.6.18 (CentOS 5, x86_64, SMP)" accuracy="100" line="56634">
<osclass type="general purpose" vendor="Linux" osfamily="Linux" accuracy="100"><cpe>cpe:/o:linux:linux_kernel:2.6.18</cpe></osclass>
</osmatch>
<osmatch name="Netgear RT311 broadband router" accuracy="100" line="73118">
<osclass type="broadband router" vendor="Netgear" osfamily="embedded" accuracy="100"><cpe>cpe:/h:netgear:rt311</cpe></osclass>
</osmatch>
</os>
<distance value="2"/>
<trace port="80" proto="tcp">
<hop ttl="1" ipaddr="10.0.2.2" rtt="0.34" host="localhost"/>
<hop ttl="2" ipaddr="172.21.130.168" rtt="2.24" host="localhost"/>
</trace>
<times srtt="15382" rttvar="22388" to="104934"/>
</host>
<host starttime="1481779498" endtime="1481783258"><status state="up" reason="reset" reason_ttl="255"/>
<address addr="172.21.130.169" addrtype="ipv4"/>
<hostnames>
<hostname name="localhost" type="PTR"/>
</hostnames>
<ports><extraports state="filtered" count="1000">
<extrareasons reason="no-responses" count="1000"/>
</extraports>
</ports>
<os><osmatch name="AXIS 2100 Network Camera" accuracy="100" line="8166">
<osclass type="webcam" vendor="AXIS" osfamily="embedded" accuracy="100"><cpe>cpe:/h:axis:2100_network_camera</cpe></osclass>
</osmatch>
<osmatch name="Cisco 3000 switch (IOS 10.3)" accuracy="100" line="13937">
<osclass type="switch" vendor="Cisco" osfamily="IOS" osgen="10.X" accuracy="100"><cpe>cpe:/h:cisco:catalyst_3000</cpe><cpe>cpe:/o:cisco:ios:10.3</cpe></osclass>
</osmatch>
<osmatch name="Cisco 2500 router (IOS 11.1)" accuracy="100" line="13956">
<osclass type="router" vendor="Cisco" osfamily="IOS" osgen="11.X" accuracy="100"><cpe>cpe:/h:cisco:2500_router</cpe><cpe>cpe:/o:cisco:ios:11.1</cpe></osclass>
</osmatch>
<osmatch name="Linux 2.6.18 (CentOS 5, x86_64, SMP)" accuracy="100" line="56634">
<osclass type="general purpose" vendor="Linux" osfamily="Linux" accuracy="100"><cpe>cpe:/o:linux:linux_kernel:2.6.18</cpe></osclass>
</osmatch>
<osmatch name="Netgear RT311 broadband router" accuracy="100" line="73118">
<osclass type="broadband router" vendor="Netgear" osfamily="embedded" accuracy="100"><cpe>cpe:/h:netgear:rt311</cpe></osclass>
</osmatch>
</os>
<distance value="2"/>
<trace port="80" proto="tcp">
<hop ttl="1" ipaddr="10.0.2.2" rtt="0.34" host="localhost"/>
<hop ttl="2" ipaddr="172.21.130.169" rtt="2.13"/>
</trace>
<times srtt="8853" rttvar="10243" to="100000"/>
</host>
<host starttime="1481779498" endtime="1481783258"><status state="up" reason="reset" reason_ttl="255"/>
<address addr="172.21.130.170" addrtype="ipv4"/>
<hostnames>
<hostname name="localhost" type="PTR"/>
</hostnames>
<ports><extraports state="filtered" count="1000">
<extrareasons reason="no-responses" count="1000"/>
</extraports>
</ports>
<os></os>
<distance value="2"/>
<trace port="80" proto="tcp">
<hop ttl="1" ipaddr="10.0.2.2" rtt="0.34" host="localhost"/>
<hop ttl="2" ipaddr="172.21.130.170" rtt="2.10" host="localhost"/>
</trace>
<times srtt="21620" rttvar="35877" to="165128"/>
</host>
<host starttime="1481779498" endtime="1481783258"><status state="up" reason="reset" reason_ttl="255"/>
<address addr="172.21.130.171" addrtype="ipv4"/>
<hostnames>
<hostname name="localhost" type="PTR"/>
</hostnames>
<ports><extraports state="filtered" count="1000">
<extrareasons reason="no-responses" count="1000"/>
</extraports>
</ports>
<os><osmatch name="AXIS 2100 Network Camera" accuracy="100" line="8166">
<osclass type="webcam" vendor="AXIS" osfamily="embedded" accuracy="100"><cpe>cpe:/h:axis:2100_network_camera</cpe></osclass>
</osmatch>
<osmatch name="Cisco 3000 switch (IOS 10.3)" accuracy="100" line="13937">
<osclass type="switch" vendor="Cisco" osfamily="IOS" osgen="10.X" accuracy="100"><cpe>cpe:/h:cisco:catalyst_3000</cpe><cpe>cpe:/o:cisco:ios:10.3</cpe></osclass>
</osmatch>
<osmatch name="Cisco 2500 router (IOS 11.1)" accuracy="100" line="13956">
<osclass type="router" vendor="Cisco" osfamily="IOS" osgen="11.X" accuracy="100"><cpe>cpe:/h:cisco:2500_router</cpe><cpe>cpe:/o:cisco:ios:11.1</cpe></osclass>
</osmatch>
<osmatch name="Linux 2.6.18 (CentOS 5, x86_64, SMP)" accuracy="100" line="56634">
<osclass type="general purpose" vendor="Linux" osfamily="Linux" accuracy="100"><cpe>cpe:/o:linux:linux_kernel:2.6.18</cpe></osclass>
</osmatch>
<osmatch name="Netgear RT311 broadband router" accuracy="100" line="73118">
<osclass type="broadband router" vendor="Netgear" osfamily="embedded" accuracy="100"><cpe>cpe:/h:netgear:rt311</cpe></osclass>
</osmatch>
</os>
<distance value="2"/>
<trace port="80" proto="tcp">
<hop ttl="1" ipaddr="10.0.2.2" rtt="0.34" host="localhost"/>
<hop ttl="2" ipaddr="172.21.130.171" rtt="2.05"/>
</trace>
<times srtt="9661" rttvar="13876" to="100000"/>
</host>
<host starttime="1481779498" endtime="1481783258"><status state="up" reason="reset" reason_ttl="255"/>
<address addr="172.21.130.172" addrtype="ipv4"/>
<hostnames>
<hostname name="localhost" type="PTR"/>
</hostnames>
<ports><extraports state="filtered" count="1000">
<extrareasons reason="no-responses" count="1000"/>
</extraports>
</ports>
<os><osmatch name="AXIS 2100 Network Camera" accuracy="100" line="8166">
<osclass type="webcam" vendor="AXIS" osfamily="embedded" accuracy="100"><cpe>cpe:/h:axis:2100_network_camera</cpe></osclass>
</osmatch>
<osmatch name="Cisco 3000 switch (IOS 10.3)" accuracy="100" line="13937">
<osclass type="switch" vendor="Cisco" osfamily="IOS" osgen="10.X" accuracy="100"><cpe>cpe:/h:cisco:catalyst_3000</cpe><cpe>cpe:/o:cisco:ios:10.3</cpe></osclass>
</osmatch>
<osmatch name="Cisco 2500 router (IOS 11.1)" accuracy="100" line="13956">
<osclass type="router" vendor="Cisco" osfamily="IOS" osgen="11.X" accuracy="100"><cpe>cpe:/h:cisco:2500_router</cpe><cpe>cpe:/o:cisco:ios:11.1</cpe></osclass>
</osmatch>
<osmatch name="Linux 2.6.18 (CentOS 5, x86_64, SMP)" accuracy="100" line="56634">
<osclass type="general purpose" vendor="Linux" osfamily="Linux" accuracy="100"><cpe>cpe:/o:linux:linux_kernel:2.6.18</cpe></osclass>
</osmatch>
<osmatch name="Netgear RT311 broadband router" accuracy="100" line="73118">
<osclass type="broadband router" vendor="Netgear" osfamily="embedded" accuracy="100"><cpe>cpe:/h:netgear:rt311</cpe></osclass>
</osmatch>
</os>
<distance value="2"/>
<trace port="80" proto="tcp">
<hop ttl="1" ipaddr="10.0.2.2" rtt="0.34" host="localhost"/>
<hop ttl="2" ipaddr="172.21.130.172" rtt="2.04" host="localhost"/>
</trace>
<times srtt="10367" rttvar="14126" to="100000"/>
</host>
<host starttime="1481779498" endtime="1481783258"><status state="up" reason="reset" reason_ttl="255"/>
<address addr="172.21.130.173" addrtype="ipv4"/>
<hostnames>
<hostname name="localhost" type="PTR"/>
</hostnames>
<ports><extraports state="filtered" count="1000">
<extrareasons reason="no-responses" count="1000"/>
</extraports>
</ports>
<os></os>
<distance value="2"/>
<trace port="80" proto="tcp">
<hop ttl="1" ipaddr="10.0.2.2" rtt="0.34" host="localhost"/>
<hop ttl="2" ipaddr="172.21.130.173" rtt="2.03"/>
</trace>
<times srtt="24273" rttvar="37729" to="175189"/>
</host>
<host starttime="1481779498" endtime="1481783258"><status state="up" reason="reset" reason_ttl="255"/>
<address addr="172.21.130.174" addrtype="ipv4"/>
<hostnames>
<hostname name="localhost" type="PTR"/>
</hostnames>
<ports><extraports state="filtered" count="1000">
<extrareasons reason="no-responses" count="1000"/>
</extraports>
</ports>
<os><osmatch name="AXIS 2100 Network Camera" accuracy="100" line="8166">
<osclass type="webcam" vendor="AXIS" osfamily="embedded" accuracy="100"><cpe>cpe:/h:axis:2100_network_camera</cpe></osclass>
</osmatch>
<osmatch name="Cisco 3000 switch (IOS 10.3)" accuracy="100" line="13937">
<osclass type="switch" vendor="Cisco" osfamily="IOS" osgen="10.X" accuracy="100"><cpe>cpe:/h:cisco:catalyst_3000</cpe><cpe>cpe:/o:cisco:ios:10.3</cpe></osclass>
</osmatch>
<osmatch name="Cisco 2500 router (IOS 11.1)" accuracy="100" line="13956">
<osclass type="router" vendor="Cisco" osfamily="IOS" osgen="11.X" accuracy="100"><cpe>cpe:/h:cisco:2500_router</cpe><cpe>cpe:/o:cisco:ios:11.1</cpe></osclass>
</osmatch>
<osmatch name="Linux 2.6.18 (CentOS 5, x86_64, SMP)" accuracy="100" line="56634">
<osclass type="general purpose" vendor="Linux" osfamily="Linux" accuracy="100"><cpe>cpe:/o:linux:linux_kernel:2.6.18</cpe></osclass>
</osmatch>
<osmatch name="Netgear RT311 broadband router" accuracy="100" line="73118">
<osclass type="broadband router" vendor="Netgear" osfamily="embedded" accuracy="100"><cpe>cpe:/h:netgear:rt311</cpe></osclass>
</osmatch>
</os>
<distance value="2"/>
<trace port="80" proto="tcp">
<hop ttl="1" ipaddr="10.0.2.2" rtt="0.34" host="localhost"/>
<hop ttl="2" ipaddr="172.21.130.174" rtt="2.09" host="localhost"/>
</trace>
<times srtt="12924" rttvar="19165" to="100000"/>
</host>
<host starttime="1481779498" endtime="1481783258"><status state="up" reason="reset" reason_ttl="255"/>
<address addr="172.21.130.175" addrtype="ipv4"/>
<hostnames>
<hostname name="localhost" type="PTR"/>
</hostnames>
<ports><extraports state="filtered" count="1000">
<extrareasons reason="no-responses" count="1000"/>
</extraports>
</ports>
<os><osmatch name="AXIS 2100 Network Camera" accuracy="100" line="8166">
<osclass type="webcam" vendor="AXIS" osfamily="embedded" accuracy="100"><cpe>cpe:/h:axis:2100_network_camera</cpe></osclass>
</osmatch>
<osmatch name="Cisco 3000 switch (IOS 10.3)" accuracy="100" line="13937">
<osclass type="switch" vendor="Cisco" osfamily="IOS" osgen="10.X" accuracy="100"><cpe>cpe:/h:cisco:catalyst_3000</cpe><cpe>cpe:/o:cisco:ios:10.3</cpe></osclass>
</osmatch>
<osmatch name="Cisco 2500 router (IOS 11.1)" accuracy="100" line="13956">
<osclass type="router" vendor="Cisco" osfamily="IOS" osgen="11.X" accuracy="100"><cpe>cpe:/h:cisco:2500_router</cpe><cpe>cpe:/o:cisco:ios:11.1</cpe></osclass>
</osmatch>
<osmatch name="Linux 2.6.18 (CentOS 5, x86_64, SMP)" accuracy="100" line="56634">
<osclass type="general purpose" vendor="Linux" osfamily="Linux" accuracy="100"><cpe>cpe:/o:linux:linux_kernel:2.6.18</cpe></osclass>
</osmatch>
<osmatch name="Netgear RT311 broadband router" accuracy="100" line="73118">
<osclass type="broadband router" vendor="Netgear" osfamily="embedded" accuracy="100"><cpe>cpe:/h:netgear:rt311</cpe></osclass>
</osmatch>
</os>
<distance value="2"/>
<trace port="80" proto="tcp">
<hop ttl="1" ipaddr="10.0.2.2" rtt="0.34" host="localhost"/>
<hop ttl="2" ipaddr="172.21.130.175" rtt="2.05"/>
</trace>
<times srtt="9042" rttvar="10494" to="100000"/>
</host>
<host starttime="1481779498" endtime="1481783258"><status state="up" reason="reset" reason_ttl="255"/>
<address addr="172.21.130.176" addrtype="ipv4"/>
<hostnames>
<hostname name="localhost" type="PTR"/>
</hostnames>
<ports><extraports state="filtered" count="1000">
<extrareasons reason="no-responses" count="1000"/>
</extraports>
</ports>
<os><osmatch name="AXIS 2100 Network Camera" accuracy="100" line="8166">
<osclass type="webcam" vendor="AXIS" osfamily="embedded" accuracy="100"><cpe>cpe:/h:axis:2100_network_camera</cpe></osclass>
</osmatch>
<osmatch name="Cisco 3000 switch (IOS 10.3)" accuracy="100" line="13937">
<osclass type="switch" vendor="Cisco" osfamily="IOS" osgen="10.X" accuracy="100"><cpe>cpe:/h:cisco:catalyst_3000</cpe><cpe>cpe:/o:cisco:ios:10.3</cpe></osclass>
</osmatch>
<osmatch name="Cisco 2500 router (IOS 11.1)" accuracy="100" line="13956">
<osclass type="router" vendor="Cisco" osfamily="IOS" osgen="11.X" accuracy="100"><cpe>cpe:/h:cisco:2500_router</cpe><cpe>cpe:/o:cisco:ios:11.1</cpe></osclass>
</osmatch>
<osmatch name="Linux 2.6.18 (CentOS 5, x86_64, SMP)" accuracy="100" line="56634">
<osclass type="general purpose" vendor="Linux" osfamily="Linux" accuracy="100"><cpe>cpe:/o:linux:linux_kernel:2.6.18</cpe></osclass>
</osmatch>
<osmatch name="Netgear RT311 broadband router" accuracy="100" line="73118">
<osclass type="broadband router" vendor="Netgear" osfamily="embedded" accuracy="100"><cpe>cpe:/h:netgear:rt311</cpe></osclass>
</osmatch>
</os>
<distance value="2"/>
<trace port="80" proto="tcp">
<hop ttl="1" ipaddr="10.0.2.2" rtt="0.34" host="localhost"/>
<hop ttl="2" ipaddr="172.21.130.176" rtt="2.03" host="localhost"/>
</trace>
<times srtt="4013" rttvar="2859" to="100000"/>
</host>
<host starttime="1481779498" endtime="1481783258"><status state="up" reason="reset" reason_ttl="255"/>
<address addr="172.21.130.177" addrtype="ipv4"/>
<hostnames>
<hostname name="localhost" type="PTR"/>
</hostnames>
<ports><extraports state="filtered" count="1000">
<extrareasons reason="no-responses" count="1000"/>
</extraports>
</ports>
<os><osmatch name="AXIS 2100 Network Camera" accuracy="100" line="8166">
<osclass type="webcam" vendor="AXIS" osfamily="embedded" accuracy="100"><cpe>cpe:/h:axis:2100_network_camera</cpe></osclass>
</osmatch>
<osmatch name="Cisco 3000 switch (IOS 10.3)" accuracy="100" line="13937">
<osclass type="switch" vendor="Cisco" osfamily="IOS" osgen="10.X" accuracy="100"><cpe>cpe:/h:cisco:catalyst_3000</cpe><cpe>cpe:/o:cisco:ios:10.3</cpe></osclass>
</osmatch>
<osmatch name="Cisco 2500 router (IOS 11.1)" accuracy="100" line="13956">
<osclass type="router" vendor="Cisco" osfamily="IOS" osgen="11.X" accuracy="100"><cpe>cpe:/h:cisco:2500_router</cpe><cpe>cpe:/o:cisco:ios:11.1</cpe></osclass>
</osmatch>
<osmatch name="Linux 2.6.18 (CentOS 5, x86_64, SMP)" accuracy="100" line="56634">
<osclass type="general purpose" vendor="Linux" osfamily="Linux" accuracy="100"><cpe>cpe:/o:linux:linux_kernel:2.6.18</cpe></osclass>
</osmatch>
<osmatch name="Netgear RT311 broadband router" accuracy="100" line="73118">
<osclass type="broadband router" vendor="Netgear" osfamily="embedded" accuracy="100"><cpe>cpe:/h:netgear:rt311</cpe></osclass>
</osmatch>
</os>
<distance value="2"/>
<trace port="80" proto="tcp">
<hop ttl="1" ipaddr="10.0.2.2" rtt="0.34" host="localhost"/>
<hop ttl="2" ipaddr="172.21.130.177" rtt="2.02"/>
</trace>
<times srtt="7098" rttvar="7318" to="100000"/>
</host>
<host starttime="1481779498" endtime="1481783258"><status state="up" reason="reset" reason_ttl="255"/>
<address addr="172.21.130.178" addrtype="ipv4"/>
<hostnames>
<hostname name="localhost" type="PTR"/>
</hostnames>
<ports><extraports state="filtered" count="1000">
<extrareasons reason="no-responses" count="1000"/>
</extraports>
</ports>
<os><osmatch name="AXIS 2100 Network Camera" accuracy="100" line="8166">
<osclass type="webcam" vendor="AXIS" osfamily="embedded" accuracy="100"><cpe>cpe:/h:axis:2100_network_camera</cpe></osclass>
</osmatch>
<osmatch name="Cisco 3000 switch (IOS 10.3)" accuracy="100" line="13937">
<osclass type="switch" vendor="Cisco" osfamily="IOS" osgen="10.X" accuracy="100"><cpe>cpe:/h:cisco:catalyst_3000</cpe><cpe>cpe:/o:cisco:ios:10.3</cpe></osclass>
</osmatch>
<osmatch name="Cisco 2500 router (IOS 11.1)" accuracy="100" line="13956">
<osclass type="router" vendor="Cisco" osfamily="IOS" osgen="11.X" accuracy="100"><cpe>cpe:/h:cisco:2500_router</cpe><cpe>cpe:/o:cisco:ios:11.1</cpe></osclass>
</osmatch>
<osmatch name="Linux 2.6.18 (CentOS 5, x86_64, SMP)" accuracy="100" line="56634">
<osclass type="general purpose" vendor="Linux" osfamily="Linux" accuracy="100"><cpe>cpe:/o:linux:linux_kernel:2.6.18</cpe></osclass>
</osmatch>
<osmatch name="Netgear RT311 broadband router" accuracy="100" line="73118">
<osclass type="broadband router" vendor="Netgear" osfamily="embedded" accuracy="100"><cpe>cpe:/h:netgear:rt311</cpe></osclass>
</osmatch>
</os>
<distance value="2"/>
<trace port="80" proto="tcp">
<hop ttl="1" ipaddr="10.0.2.2" rtt="0.34" host="localhost"/>
<hop ttl="2" ipaddr="172.21.130.178" rtt="1.65" host="localhost"/>
</trace>
<times srtt="7068" rttvar="8981" to="100000"/>
</host>
<host starttime="1481779498" endtime="1481783258"><status state="up" reason="reset" reason_ttl="255"/>
<address addr="172.21.130.179" addrtype="ipv4"/>
<hostnames>
<hostname name="localhost" type="PTR"/>
</hostnames>
<ports><extraports state="filtered" count="1000">
<extrareasons reason="no-responses" count="1000"/>
</extraports>
</ports>
<os><osmatch name="AXIS 2100 Network Camera" accuracy="100" line="8166">
<osclass type="webcam" vendor="AXIS" osfamily="embedded" accuracy="100"><cpe>cpe:/h:axis:2100_network_camera</cpe></osclass>
</osmatch>
<osmatch name="Cisco 3000 switch (IOS 10.3)" accuracy="100" line="13937">
<osclass type="switch" vendor="Cisco" osfamily="IOS" osgen="10.X" accuracy="100"><cpe>cpe:/h:cisco:catalyst_3000</cpe><cpe>cpe:/o:cisco:ios:10.3</cpe></osclass>
</osmatch>
<osmatch name="Cisco 2500 router (IOS 11.1)" accuracy="100" line="13956">
<osclass type="router" vendor="Cisco" osfamily="IOS" osgen="11.X" accuracy="100"><cpe>cpe:/h:cisco:2500_router</cpe><cpe>cpe:/o:cisco:ios:11.1</cpe></osclass>
</osmatch>
<osmatch name="Linux 2.6.18 (CentOS 5, x86_64, SMP)" accuracy="100" line="56634">
<osclass type="general purpose" vendor="Linux" osfamily="Linux" accuracy="100"><cpe>cpe:/o:linux:linux_kernel:2.6.18</cpe></osclass>
</osmatch>
<osmatch name="Netgear RT311 broadband router" accuracy="100" line="73118">
<osclass type="broadband router" vendor="Netgear" osfamily="embedded" accuracy="100"><cpe>cpe:/h:netgear:rt311</cpe></osclass>
</osmatch>
</os>
<distance value="2"/>
<trace port="80" proto="tcp">
<hop ttl="1" ipaddr="10.0.2.2" rtt="0.34" host="localhost"/>
<hop ttl="2" ipaddr="172.21.130.179" rtt="1.55"/>
</trace>
<times srtt="6271" rttvar="7590" to="100000"/>
</host>
<host starttime="1481779498" endtime="1481783258"><status state="up" reason="reset" reason_ttl="255"/>
<address addr="172.21.130.180" addrtype="ipv4"/>
<hostnames>
<hostname name="localhost" type="PTR"/>
</hostnames>
<ports><extraports state="filtered" count="1000">
<extrareasons reason="no-responses" count="1000"/>
</extraports>
</ports>
<os><osmatch name="AXIS 2100 Network Camera" accuracy="100" line="8166">
<osclass type="webcam" vendor="AXIS" osfamily="embedded" accuracy="100"><cpe>cpe:/h:axis:2100_network_camera</cpe></osclass>
</osmatch>
<osmatch name="Cisco 3000 switch (IOS 10.3)" accuracy="100" line="13937">
<osclass type="switch" vendor="Cisco" osfamily="IOS" osgen="10.X" accuracy="100"><cpe>cpe:/h:cisco:catalyst_3000</cpe><cpe>cpe:/o:cisco:ios:10.3</cpe></osclass>
</osmatch>
<osmatch name="Cisco 2500 router (IOS 11.1)" accuracy="100" line="13956">
<osclass type="router" vendor="Cisco" osfamily="IOS" osgen="11.X" accuracy="100"><cpe>cpe:/h:cisco:2500_router</cpe><cpe>cpe:/o:cisco:ios:11.1</cpe></osclass>
</osmatch>
<osmatch name="Linux 2.6.18 (CentOS 5, x86_64, SMP)" accuracy="100" line="56634">
<osclass type="general purpose" vendor="Linux" osfamily="Linux" accuracy="100"><cpe>cpe:/o:linux:linux_kernel:2.6.18</cpe></osclass>
</osmatch>
<osmatch name="Netgear RT311 broadband router" accuracy="100" line="73118">
<osclass type="broadband router" vendor="Netgear" osfamily="embedded" accuracy="100"><cpe>cpe:/h:netgear:rt311</cpe></osclass>
</osmatch>
</os>
<distance value="2"/>
<trace port="80" proto="tcp">
<hop ttl="1" ipaddr="10.0.2.2" rtt="0.34" host="localhost"/>
<hop ttl="2" ipaddr="172.21.130.180" rtt="1.53" host="localhost"/>
</trace>
<times srtt="4640" rttvar="2388" to="100000"/>
</host>
<host starttime="1481779498" endtime="1481783258"><status state="up" reason="reset" reason_ttl="255"/>
<address addr="172.21.130.181" addrtype="ipv4"/>
<hostnames>
<hostname name="localhost" type="PTR"/>
</hostnames>
<ports><extraports state="filtered" count="1000">
<extrareasons reason="no-responses" count="1000"/>
</extraports>
</ports>
<os></os>
<distance value="2"/>
<trace port="80" proto="tcp">
<hop ttl="1" ipaddr="10.0.2.2" rtt="0.34" host="localhost"/>
<hop ttl="2" ipaddr="172.21.130.181" rtt="1.55"/>
</trace>
<times srtt="6612" rttvar="6934" to="100000"/>
</host>
<host starttime="1481779498" endtime="1481783258"><status state="up" reason="reset" reason_ttl="255"/>
<address addr="172.21.130.182" addrtype="ipv4"/>
<hostnames>
<hostname name="localhost" type="PTR"/>
</hostnames>
<ports><extraports state="filtered" count="1000">
<extrareasons reason="no-responses" count="1000"/>
</extraports>
</ports>
<os></os>
<distance value="2"/>
<trace port="80" proto="tcp">
<hop ttl="1" ipaddr="10.0.2.2" rtt="0.34" host="localhost"/>
<hop ttl="2" ipaddr="172.21.130.182" rtt="1.54" host="localhost"/>
</trace>
<times srtt="5247" rttvar="3421" to="100000"/>
</host>
<host starttime="1481779498" endtime="1481783258"><status state="up" reason="reset" reason_ttl="255"/>
<address addr="172.21.130.183" addrtype="ipv4"/>
<hostnames>
<hostname name="localhost" type="PTR"/>
</hostnames>
<ports><extraports state="filtered" count="1000">
<extrareasons reason="no-responses" count="1000"/>
</extraports>
</ports>
<os><osmatch name="AXIS 2100 Network Camera" accuracy="100" line="8166">
<osclass type="webcam" vendor="AXIS" osfamily="embedded" accuracy="100"><cpe>cpe:/h:axis:2100_network_camera</cpe></osclass>
</osmatch>
<osmatch name="Cisco 3000 switch (IOS 10.3)" accuracy="100" line="13937">
<osclass type="switch" vendor="Cisco" osfamily="IOS" osgen="10.X" accuracy="100"><cpe>cpe:/h:cisco:catalyst_3000</cpe><cpe>cpe:/o:cisco:ios:10.3</cpe></osclass>
</osmatch>
<osmatch name="Cisco 2500 router (IOS 11.1)" accuracy="100" line="13956">
<osclass type="router" vendor="Cisco" osfamily="IOS" osgen="11.X" accuracy="100"><cpe>cpe:/h:cisco:2500_router</cpe><cpe>cpe:/o:cisco:ios:11.1</cpe></osclass>
</osmatch>
<osmatch name="Linux 2.6.18 (CentOS 5, x86_64, SMP)" accuracy="100" line="56634">
<osclass type="general purpose" vendor="Linux" osfamily="Linux" accuracy="100"><cpe>cpe:/o:linux:linux_kernel:2.6.18</cpe></osclass>
</osmatch>
<osmatch name="Netgear RT311 broadband router" accuracy="100" line="73118">
<osclass type="broadband router" vendor="Netgear" osfamily="embedded" accuracy="100"><cpe>cpe:/h:netgear:rt311</cpe></osclass>
</osmatch>
</os>
<distance value="2"/>
<trace port="80" proto="tcp">
<hop ttl="1" ipaddr="10.0.2.2" rtt="0.34" host="localhost"/>
<hop ttl="2" ipaddr="172.21.130.183" rtt="1.52"/>
</trace>
<times srtt="12023" rttvar="19500" to="100000"/>
</host>
<host starttime="1481779498" endtime="1481783258"><status state="up" reason="reset" reason_ttl="255"/>
<address addr="172.21.130.184" addrtype="ipv4"/>
<hostnames>
<hostname name="localhost" type="PTR"/>
</hostnames>
<ports><extraports state="filtered" count="1000">
<extrareasons reason="no-responses" count="1000"/>
</extraports>
</ports>
<os><osmatch name="AXIS 2100 Network Camera" accuracy="100" line="8166">
<osclass type="webcam" vendor="AXIS" osfamily="embedded" accuracy="100"><cpe>cpe:/h:axis:2100_network_camera</cpe></osclass>
</osmatch>
<osmatch name="Cisco 3000 switch (IOS 10.3)" accuracy="100" line="13937">
<osclass type="switch" vendor="Cisco" osfamily="IOS" osgen="10.X" accuracy="100"><cpe>cpe:/h:cisco:catalyst_3000</cpe><cpe>cpe:/o:cisco:ios:10.3</cpe></osclass>
</osmatch>
<osmatch name="Cisco 2500 router (IOS 11.1)" accuracy="100" line="13956">
<osclass type="router" vendor="Cisco" osfamily="IOS" osgen="11.X" accuracy="100"><cpe>cpe:/h:cisco:2500_router</cpe><cpe>cpe:/o:cisco:ios:11.1</cpe></osclass>
</osmatch>
<osmatch name="Linux 2.6.18 (CentOS 5, x86_64, SMP)" accuracy="100" line="56634">
<osclass type="general purpose" vendor="Linux" osfamily="Linux" accuracy="100"><cpe>cpe:/o:linux:linux_kernel:2.6.18</cpe></osclass>
</osmatch>
<osmatch name="Netgear RT311 broadband router" accuracy="100" line="73118">
<osclass type="broadband router" vendor="Netgear" osfamily="embedded" accuracy="100"><cpe>cpe:/h:netgear:rt311</cpe></osclass>
</osmatch>
</os>
<distance value="2"/>
<trace port="80" proto="tcp">
<hop ttl="1" ipaddr="10.0.2.2" rtt="0.34" host="localhost"/>
<hop ttl="2" ipaddr="172.21.130.184" rtt="1.49" host="localhost"/>
</trace>
<times srtt="6737" rttvar="7234" to="100000"/>
</host>
<host starttime="1481779498" endtime="1481783258"><status state="up" reason="reset" reason_ttl="255"/>
<address addr="172.21.130.185" addrtype="ipv4"/>
<hostnames>
<hostname name="localhost" type="PTR"/>
</hostnames>
<ports><extraports state="filtered" count="1000">
<extrareasons reason="no-responses" count="1000"/>
</extraports>
</ports>
<os><osmatch name="AXIS 2100 Network Camera" accuracy="100" line="8166">
<osclass type="webcam" vendor="AXIS" osfamily="embedded" accuracy="100"><cpe>cpe:/h:axis:2100_network_camera</cpe></osclass>
</osmatch>
<osmatch name="Cisco 3000 switch (IOS 10.3)" accuracy="100" line="13937">
<osclass type="switch" vendor="Cisco" osfamily="IOS" osgen="10.X" accuracy="100"><cpe>cpe:/h:cisco:catalyst_3000</cpe><cpe>cpe:/o:cisco:ios:10.3</cpe></osclass>
</osmatch>
<osmatch name="Cisco 2500 router (IOS 11.1)" accuracy="100" line="13956">
<osclass type="router" vendor="Cisco" osfamily="IOS" osgen="11.X" accuracy="100"><cpe>cpe:/h:cisco:2500_router</cpe><cpe>cpe:/o:cisco:ios:11.1</cpe></osclass>
</osmatch>
<osmatch name="Linux 2.6.18 (CentOS 5, x86_64, SMP)" accuracy="100" line="56634">
<osclass type="general purpose" vendor="Linux" osfamily="Linux" accuracy="100"><cpe>cpe:/o:linux:linux_kernel:2.6.18</cpe></osclass>
</osmatch>
<osmatch name="Netgear RT311 broadband router" accuracy="100" line="73118">
<osclass type="broadband router" vendor="Netgear" osfamily="embedded" accuracy="100"><cpe>cpe:/h:netgear:rt311</cpe></osclass>
</osmatch>
</os>
<distance value="2"/>
<trace port="80" proto="tcp">
<hop ttl="1" ipaddr="10.0.2.2" rtt="0.34" host="localhost"/>
<hop ttl="2" ipaddr="172.21.130.185" rtt="1.56"/>
</trace>
<times srtt="11311" rttvar="16041" to="100000"/>
</host>
<host starttime="1481779498" endtime="1481783258"><status state="up" reason="reset" reason_ttl="255"/>
<address addr="172.21.130.186" addrtype="ipv4"/>
<hostnames>
<hostname name="localhost" type="PTR"/>
</hostnames>
<ports><extraports state="filtered" count="1000">
<extrareasons reason="no-responses" count="1000"/>
</extraports>
</ports>
<os><osmatch name="AXIS 2100 Network Camera" accuracy="100" line="8166">
<osclass type="webcam" vendor="AXIS" osfamily="embedded" accuracy="100"><cpe>cpe:/h:axis:2100_network_camera</cpe></osclass>
</osmatch>
<osmatch name="Cisco 3000 switch (IOS 10.3)" accuracy="100" line="13937">
<osclass type="switch" vendor="Cisco" osfamily="IOS" osgen="10.X" accuracy="100"><cpe>cpe:/h:cisco:catalyst_3000</cpe><cpe>cpe:/o:cisco:ios:10.3</cpe></osclass>
</osmatch>
<osmatch name="Cisco 2500 router (IOS 11.1)" accuracy="100" line="13956">
<osclass type="router" vendor="Cisco" osfamily="IOS" osgen="11.X" accuracy="100"><cpe>cpe:/h:cisco:2500_router</cpe><cpe>cpe:/o:cisco:ios:11.1</cpe></osclass>
</osmatch>
<osmatch name="Linux 2.6.18 (CentOS 5, x86_64, SMP)" accuracy="100" line="56634">
<osclass type="general purpose" vendor="Linux" osfamily="Linux" accuracy="100"><cpe>cpe:/o:linux:linux_kernel:2.6.18</cpe></osclass>
</osmatch>
<osmatch name="Netgear RT311 broadband router" accuracy="100" line="73118">
<osclass type="broadband router" vendor="Netgear" osfamily="embedded" accuracy="100"><cpe>cpe:/h:netgear:rt311</cpe></osclass>
</osmatch>
</os>
<distance value="2"/>
<trace port="80" proto="tcp">
<hop ttl="1" ipaddr="10.0.2.2" rtt="0.34" host="localhost"/>
<hop ttl="2" ipaddr="172.21.130.186" rtt="1.54" host="localhost"/>
</trace>
<times srtt="9261" rttvar="12301" to="100000"/>
</host>
<host starttime="1481779498" endtime="1481783258"><status state="up" reason="reset" reason_ttl="255"/>
<address addr="172.21.130.187" addrtype="ipv4"/>
<hostnames>
<hostname name="localhost" type="PTR"/>
</hostnames>
<ports><extraports state="filtered" count="1000">
<extrareasons reason="no-responses" count="1000"/>
</extraports>
</ports>
<os></os>
<distance value="2"/>
<trace port="80" proto="tcp">
<hop ttl="1" ipaddr="10.0.2.2" rtt="0.34" host="localhost"/>
<hop ttl="2" ipaddr="172.21.130.187" rtt="1.51"/>
</trace>
<times srtt="25719" rttvar="45430" to="207439"/>
</host>
<host starttime="1481779498" endtime="1481783258"><status state="up" reason="reset" reason_ttl="255"/>
<address addr="172.21.130.188" addrtype="ipv4"/>
<hostnames>
<hostname name="localhost" type="PTR"/>
</hostnames>
<ports><extraports state="filtered" count="1000">
<extrareasons reason="no-responses" count="1000"/>
</extraports>
</ports>
<os><osmatch name="AXIS 2100 Network Camera" accuracy="100" line="8166">
<osclass type="webcam" vendor="AXIS" osfamily="embedded" accuracy="100"><cpe>cpe:/h:axis:2100_network_camera</cpe></osclass>
</osmatch>
<osmatch name="Cisco 3000 switch (IOS 10.3)" accuracy="100" line="13937">
<osclass type="switch" vendor="Cisco" osfamily="IOS" osgen="10.X" accuracy="100"><cpe>cpe:/h:cisco:catalyst_3000</cpe><cpe>cpe:/o:cisco:ios:10.3</cpe></osclass>
</osmatch>
<osmatch name="Cisco 2500 router (IOS 11.1)" accuracy="100" line="13956">
<osclass type="router" vendor="Cisco" osfamily="IOS" osgen="11.X" accuracy="100"><cpe>cpe:/h:cisco:2500_router</cpe><cpe>cpe:/o:cisco:ios:11.1</cpe></osclass>
</osmatch>
<osmatch name="Linux 2.6.18 (CentOS 5, x86_64, SMP)" accuracy="100" line="56634">
<osclass type="general purpose" vendor="Linux" osfamily="Linux" accuracy="100"><cpe>cpe:/o:linux:linux_kernel:2.6.18</cpe></osclass>
</osmatch>
<osmatch name="Netgear RT311 broadband router" accuracy="100" line="73118">
<osclass type="broadband router" vendor="Netgear" osfamily="embedded" accuracy="100"><cpe>cpe:/h:netgear:rt311</cpe></osclass>
</osmatch>
</os>
<distance value="2"/>
<trace port="80" proto="tcp">
<hop ttl="1" ipaddr="10.0.2.2" rtt="0.34" host="localhost"/>
<hop ttl="2" ipaddr="172.21.130.188" rtt="2.02" host="localhost"/>
</trace>
<times srtt="12712" rttvar="16452" to="100000"/>
</host>
<host starttime="1481779498" endtime="1481783258"><status state="up" reason="reset" reason_ttl="255"/>
<address addr="172.21.130.189" addrtype="ipv4"/>
<hostnames>
<hostname name="localhost" type="PTR"/>
</hostnames>
<ports><extraports state="filtered" count="1000">
<extrareasons reason="no-responses" count="1000"/>
</extraports>
</ports>
<os></os>
<distance value="2"/>
<trace port="80" proto="tcp">
<hop ttl="1" ipaddr="10.0.2.2" rtt="0.34" host="localhost"/>
<hop ttl="2" ipaddr="172.21.130.189" rtt="1.56" host="localhost"/>
</trace>
<times srtt="23878" rttvar="40003" to="183890"/>
</host>
<host starttime="1481779498" endtime="1481783258"><status state="up" reason="reset" reason_ttl="255"/>
<address addr="172.21.130.190" addrtype="ipv4"/>
<hostnames>
<hostname name="localhost" type="PTR"/>
</hostnames>
<ports><extraports state="filtered" count="1000">
<extrareasons reason="no-responses" count="1000"/>
</extraports>
</ports>
<os><osmatch name="AXIS 2100 Network Camera" accuracy="100" line="8166">
<osclass type="webcam" vendor="AXIS" osfamily="embedded" accuracy="100"><cpe>cpe:/h:axis:2100_network_camera</cpe></osclass>
</osmatch>
<osmatch name="Cisco 3000 switch (IOS 10.3)" accuracy="100" line="13937">
<osclass type="switch" vendor="Cisco" osfamily="IOS" osgen="10.X" accuracy="100"><cpe>cpe:/h:cisco:catalyst_3000</cpe><cpe>cpe:/o:cisco:ios:10.3</cpe></osclass>
</osmatch>
<osmatch name="Cisco 2500 router (IOS 11.1)" accuracy="100" line="13956">
<osclass type="router" vendor="Cisco" osfamily="IOS" osgen="11.X" accuracy="100"><cpe>cpe:/h:cisco:2500_router</cpe><cpe>cpe:/o:cisco:ios:11.1</cpe></osclass>
</osmatch>
<osmatch name="Linux 2.6.18 (CentOS 5, x86_64, SMP)" accuracy="100" line="56634">
<osclass type="general purpose" vendor="Linux" osfamily="Linux" accuracy="100"><cpe>cpe:/o:linux:linux_kernel:2.6.18</cpe></osclass>
</osmatch>
<osmatch name="Netgear RT311 broadband router" accuracy="100" line="73118">
<osclass type="broadband router" vendor="Netgear" osfamily="embedded" accuracy="100"><cpe>cpe:/h:netgear:rt311</cpe></osclass>
</osmatch>
</os>
<distance value="2"/>
<trace port="80" proto="tcp">
<hop ttl="1" ipaddr="10.0.2.2" rtt="0.34" host="localhost"/>
<hop ttl="2" ipaddr="172.21.130.190" rtt="1.54" host="localhost"/>
</trace>
<times srtt="15568" rttvar="18707" to="100000"/>
</host>
<host starttime="1481779498" endtime="1481783258"><status state="up" reason="reset" reason_ttl="255"/>
<address addr="172.21.130.191" addrtype="ipv4"/>
<hostnames>
<hostname name="localhost" type="PTR"/>
</hostnames>
<ports><extraports state="filtered" count="1000">
<extrareasons reason="no-responses" count="1000"/>
</extraports>
</ports>
<os><osmatch name="AXIS 2100 Network Camera" accuracy="100" line="8166">
<osclass type="webcam" vendor="AXIS" osfamily="embedded" accuracy="100"><cpe>cpe:/h:axis:2100_network_camera</cpe></osclass>
</osmatch>
<osmatch name="Cisco 3000 switch (IOS 10.3)" accuracy="100" line="13937">
<osclass type="switch" vendor="Cisco" osfamily="IOS" osgen="10.X" accuracy="100"><cpe>cpe:/h:cisco:catalyst_3000</cpe><cpe>cpe:/o:cisco:ios:10.3</cpe></osclass>
</osmatch>
<osmatch name="Cisco 2500 router (IOS 11.1)" accuracy="100" line="13956">
<osclass type="router" vendor="Cisco" osfamily="IOS" osgen="11.X" accuracy="100"><cpe>cpe:/h:cisco:2500_router</cpe><cpe>cpe:/o:cisco:ios:11.1</cpe></osclass>
</osmatch>
<osmatch name="Linux 2.6.18 (CentOS 5, x86_64, SMP)" accuracy="100" line="56634">
<osclass type="general purpose" vendor="Linux" osfamily="Linux" accuracy="100"><cpe>cpe:/o:linux:linux_kernel:2.6.18</cpe></osclass>
</osmatch>
<osmatch name="Netgear RT311 broadband router" accuracy="100" line="73118">
<osclass type="broadband router" vendor="Netgear" osfamily="embedded" accuracy="100"><cpe>cpe:/h:netgear:rt311</cpe></osclass>
</osmatch>
</os>
<distance value="2"/>
<trace port="80" proto="tcp">
<hop ttl="1" ipaddr="10.0.2.2" rtt="0.34" host="localhost"/>
<hop ttl="2" ipaddr="172.21.130.191" rtt="1.55" host="localhost"/>
</trace>
<times srtt="3772" rttvar="1988" to="100000"/>
</host>
<host starttime="1481779498" endtime="1481784218"><status state="up" reason="reset" reason_ttl="255"/>
<address addr="172.21.130.192" addrtype="ipv4"/>
<hostnames>
<hostname name="localhost" type="PTR"/>
</hostnames>
<ports><extraports state="filtered" count="1000">
<extrareasons reason="no-responses" count="1000"/>
</extraports>
</ports>
<os></os>
<distance value="2"/>
<trace port="80" proto="tcp">
<hop ttl="1" ipaddr="10.0.2.2" rtt="0.34" host="localhost"/>
<hop ttl="2" ipaddr="172.21.130.192" rtt="2.39" host="localhost"/>
</trace>
<times srtt="24323" rttvar="40843" to="187695"/>
</host>
<host starttime="1481779498" endtime="1481784218"><status state="up" reason="reset" reason_ttl="255"/>
<address addr="172.21.130.193" addrtype="ipv4"/>
<hostnames>
<hostname name="localhost" type="PTR"/>
</hostnames>
<ports><extraports state="filtered" count="1000">
<extrareasons reason="no-responses" count="1000"/>
</extraports>
</ports>
<os></os>
<distance value="2"/>
<trace port="80" proto="tcp">
<hop ttl="1" ipaddr="10.0.2.2" rtt="0.34" host="localhost"/>
<hop ttl="2" ipaddr="172.21.130.193" rtt="2.26" host="localhost"/>
</trace>
<times srtt="22011" rttvar="36510" to="168051"/>
</host>
<host starttime="1481779498" endtime="1481784218"><status state="up" reason="reset" reason_ttl="255"/>
<address addr="172.21.130.194" addrtype="ipv4"/>
<hostnames>
<hostname name="localhost" type="PTR"/>
</hostnames>
<ports><extraports state="filtered" count="1000">
<extrareasons reason="no-responses" count="1000"/>
</extraports>
</ports>
<os></os>
<distance value="2"/>
<trace port="80" proto="tcp">
<hop ttl="1" ipaddr="10.0.2.2" rtt="0.34" host="localhost"/>
<hop ttl="2" ipaddr="172.21.130.194" rtt="2.24" host="localhost"/>
</trace>
<times srtt="23755" rttvar="38268" to="176827"/>
</host>
<host starttime="1481779498" endtime="1481784218"><status state="up" reason="reset" reason_ttl="255"/>
<address addr="172.21.130.195" addrtype="ipv4"/>
<hostnames>
<hostname name="localhost" type="PTR"/>
</hostnames>
<ports><extraports state="filtered" count="1000">
<extrareasons reason="no-responses" count="1000"/>
</extraports>
</ports>
<os></os>
<distance value="2"/>
<trace port="80" proto="tcp">
<hop ttl="1" ipaddr="10.0.2.2" rtt="0.34" host="localhost"/>
<hop ttl="2" ipaddr="172.21.130.195" rtt="2.23" host="localhost"/>
</trace>
<times srtt="15935" rttvar="21326" to="101239"/>
</host>
<host starttime="1481779498" endtime="1481784218"><status state="up" reason="reset" reason_ttl="255"/>
<address addr="172.21.130.196" addrtype="ipv4"/>
<hostnames>
<hostname name="localhost" type="PTR"/>
</hostnames>
<ports><extraports state="filtered" count="1000">
<extrareasons reason="no-responses" count="1000"/>
</extraports>
</ports>
<os></os>
<distance value="2"/>
<trace port="80" proto="tcp">
<hop ttl="1" ipaddr="10.0.2.2" rtt="0.34" host="localhost"/>
<hop ttl="2" ipaddr="172.21.130.196" rtt="2.29" host="localhost"/>
</trace>
<times srtt="19234" rttvar="29307" to="136462"/>
</host>
<host starttime="1481779498" endtime="1481784218"><status state="up" reason="reset" reason_ttl="255"/>
<address addr="172.21.130.197" addrtype="ipv4"/>
<hostnames>
<hostname name="localhost" type="PTR"/>
</hostnames>
<ports><extraports state="filtered" count="1000">
<extrareasons reason="no-responses" count="1000"/>
</extraports>
</ports>
<os></os>
<distance value="2"/>
<trace port="80" proto="tcp">
<hop ttl="1" ipaddr="10.0.2.2" rtt="0.34" host="localhost"/>
<hop ttl="2" ipaddr="172.21.130.197" rtt="2.27" host="localhost"/>
</trace>
<times srtt="18792" rttvar="30010" to="138832"/>
</host>
<host starttime="1481779498" endtime="1481784218"><status state="up" reason="reset" reason_ttl="255"/>
<address addr="172.21.130.198" addrtype="ipv4"/>
<hostnames>
<hostname name="localhost" type="PTR"/>
</hostnames>
<ports><extraports state="filtered" count="1000">
<extrareasons reason="no-responses" count="1000"/>
</extraports>
</ports>
<os></os>
<distance value="2"/>
<trace port="80" proto="tcp">
<hop ttl="1" ipaddr="10.0.2.2" rtt="0.34" host="localhost"/>
<hop ttl="2" ipaddr="172.21.130.198" rtt="2.31" host="localhost"/>
</trace>
<times srtt="15700" rttvar="23054" to="107916"/>
</host>
<host starttime="1481779498" endtime="1481784218"><status state="up" reason="reset" reason_ttl="255"/>
<address addr="172.21.130.199" addrtype="ipv4"/>
<hostnames>
<hostname name="localhost" type="PTR"/>
</hostnames>
<ports><extraports state="filtered" count="1000">
<extrareasons reason="no-responses" count="1000"/>
</extraports>
</ports>
<os></os>
<distance value="2"/>
<trace port="80" proto="tcp">
<hop ttl="1" ipaddr="10.0.2.2" rtt="0.34" host="localhost"/>
<hop ttl="2" ipaddr="172.21.130.199" rtt="2.28" host="localhost"/>
</trace>
<times srtt="17505" rttvar="28260" to="130545"/>
</host>
<host starttime="1481779498" endtime="1481784218"><status state="up" reason="reset" reason_ttl="255"/>
<address addr="172.21.130.200" addrtype="ipv4"/>
<hostnames>
<hostname name="localhost" type="PTR"/>
</hostnames>
<ports><extraports state="filtered" count="1000">
<extrareasons reason="no-responses" count="1000"/>
</extraports>
</ports>
<os></os>
<distance value="2"/>
<trace port="80" proto="tcp">
<hop ttl="1" ipaddr="10.0.2.2" rtt="0.34" host="localhost"/>
<hop ttl="2" ipaddr="172.21.130.200" rtt="2.33" host="localhost"/>
</trace>
<times srtt="18124" rttvar="27861" to="129568"/>
</host>
<host starttime="1481779498" endtime="1481784218"><status state="up" reason="reset" reason_ttl="255"/>
<address addr="172.21.130.201" addrtype="ipv4"/>
<hostnames>
<hostname name="localhost" type="PTR"/>
</hostnames>
<ports><extraports state="filtered" count="1000">
<extrareasons reason="no-responses" count="1000"/>
</extraports>
</ports>
<os></os>
<distance value="2"/>
<trace port="80" proto="tcp">
<hop ttl="1" ipaddr="10.0.2.2" rtt="0.34" host="localhost"/>
<hop ttl="2" ipaddr="172.21.130.201" rtt="2.32" host="localhost"/>
</trace>
<times srtt="14826" rttvar="23035" to="106966"/>
</host>
<host starttime="1481779498" endtime="1481784218"><status state="up" reason="reset" reason_ttl="255"/>
<address addr="172.21.130.202" addrtype="ipv4"/>
<hostnames>
<hostname name="localhost" type="PTR"/>
</hostnames>
<ports><extraports state="filtered" count="1000">
<extrareasons reason="no-responses" count="1000"/>
</extraports>
</ports>
<os></os>
<distance value="2"/>
<trace port="80" proto="tcp">
<hop ttl="1" ipaddr="10.0.2.2" rtt="0.34" host="localhost"/>
<hop ttl="2" ipaddr="172.21.130.202" rtt="2.24" host="localhost"/>
</trace>
<times srtt="13629" rttvar="21093" to="100000"/>
</host>
<host starttime="1481779498" endtime="1481784218"><status state="up" reason="reset" reason_ttl="255"/>
<address addr="172.21.130.203" addrtype="ipv4"/>
<hostnames>
<hostname name="localhost" type="PTR"/>
</hostnames>
<ports><extraports state="filtered" count="1000">
<extrareasons reason="no-responses" count="1000"/>
</extraports>
</ports>
<os></os>
<distance value="2"/>
<trace port="80" proto="tcp">
<hop ttl="1" ipaddr="10.0.2.2" rtt="0.34" host="localhost"/>
<hop ttl="2" ipaddr="172.21.130.203" rtt="2.12" host="localhost"/>
</trace>
<times srtt="3706" rttvar="2198" to="100000"/>
</host>
<host starttime="1481779498" endtime="1481784218"><status state="up" reason="reset" reason_ttl="255"/>
<address addr="172.21.130.204" addrtype="ipv4"/>
<hostnames>
<hostname name="localhost" type="PTR"/>
</hostnames>
<ports><extraports state="filtered" count="1000">
<extrareasons reason="no-responses" count="1000"/>
</extraports>
</ports>
<os></os>
<distance value="2"/>
<trace port="80" proto="tcp">
<hop ttl="1" ipaddr="10.0.2.2" rtt="0.34" host="localhost"/>
<hop ttl="2" ipaddr="172.21.130.204" rtt="2.06" host="localhost"/>
</trace>
<times srtt="13754" rttvar="19740" to="100000"/>
</host>
<host starttime="1481779498" endtime="1481784218"><status state="up" reason="reset" reason_ttl="255"/>
<address addr="172.21.130.205" addrtype="ipv4"/>
<hostnames>
<hostname name="localhost" type="PTR"/>
</hostnames>
<ports><extraports state="filtered" count="1000">
<extrareasons reason="no-responses" count="1000"/>
</extraports>
</ports>
<os></os>
<distance value="2"/>
<trace port="80" proto="tcp">
<hop ttl="1" ipaddr="10.0.2.2" rtt="0.34" host="localhost"/>
<hop ttl="2" ipaddr="172.21.130.205" rtt="2.03" host="localhost"/>
</trace>
<times srtt="4959" rttvar="4081" to="100000"/>
</host>
<host starttime="1481779498" endtime="1481784218"><status state="up" reason="reset" reason_ttl="255"/>
<address addr="172.21.130.206" addrtype="ipv4"/>
<hostnames>
<hostname name="localhost" type="PTR"/>
</hostnames>
<ports><extraports state="filtered" count="1000">
<extrareasons reason="no-responses" count="1000"/>
</extraports>
</ports>
<os></os>
<distance value="2"/>
<trace port="80" proto="tcp">
<hop ttl="1" ipaddr="10.0.2.2" rtt="0.34" host="localhost"/>
<hop ttl="2" ipaddr="172.21.130.206" rtt="1.99" host="localhost"/>
</trace>
<times srtt="15851" rttvar="21062" to="100099"/>
</host>
<host starttime="1481779498" endtime="1481784218"><status state="up" reason="reset" reason_ttl="255"/>
<address addr="172.21.130.207" addrtype="ipv4"/>
<hostnames>
<hostname name="localhost" type="PTR"/>
</hostnames>
<ports><extraports state="filtered" count="1000">
<extrareasons reason="no-responses" count="1000"/>
</extraports>
</ports>
<os></os>
<distance value="2"/>
<trace port="80" proto="tcp">
<hop ttl="1" ipaddr="10.0.2.2" rtt="0.34" host="localhost"/>
<hop ttl="2" ipaddr="172.21.130.207" rtt="2.03" host="localhost"/>
</trace>
<times srtt="13864" rttvar="20128" to="100000"/>
</host>
<host starttime="1481779498" endtime="1481784218"><status state="up" reason="reset" reason_ttl="255"/>
<address addr="172.21.130.208" addrtype="ipv4"/>
<hostnames>
<hostname name="localhost" type="PTR"/>
</hostnames>
<ports><extraports state="filtered" count="1000">
<extrareasons reason="no-responses" count="1000"/>
</extraports>
</ports>
<os></os>
<distance value="2"/>
<trace port="80" proto="tcp">
<hop ttl="1" ipaddr="10.0.2.2" rtt="0.34" host="localhost"/>
<hop ttl="2" ipaddr="172.21.130.208" rtt="1.99" host="localhost"/>
</trace>
<times srtt="9337" rttvar="12845" to="100000"/>
</host>
<host starttime="1481779498" endtime="1481784218"><status state="up" reason="reset" reason_ttl="255"/>
<address addr="172.21.130.209" addrtype="ipv4"/>
<hostnames>
<hostname name="localhost" type="PTR"/>
</hostnames>
<ports><extraports state="filtered" count="1000">
<extrareasons reason="no-responses" count="1000"/>
</extraports>
</ports>
<os></os>
<distance value="2"/>
<trace port="80" proto="tcp">
<hop ttl="1" ipaddr="10.0.2.2" rtt="0.34" host="localhost"/>
<hop ttl="2" ipaddr="172.21.130.209" rtt="1.97" host="localhost"/>
</trace>
<times srtt="11810" rttvar="16138" to="100000"/>
</host>
<host starttime="1481779498" endtime="1481784218"><status state="up" reason="reset" reason_ttl="255"/>
<address addr="172.21.130.210" addrtype="ipv4"/>
<hostnames>
<hostname name="localhost" type="PTR"/>
</hostnames>
<ports><extraports state="filtered" count="1000">
<extrareasons reason="no-responses" count="1000"/>
</extraports>
</ports>
<os></os>
<distance value="2"/>
<trace port="80" proto="tcp">
<hop ttl="1" ipaddr="10.0.2.2" rtt="0.34" host="localhost"/>
<hop ttl="2" ipaddr="172.21.130.210" rtt="2.04" host="localhost"/>
</trace>
<times srtt="3854" rttvar="2591" to="100000"/>
</host>
<host starttime="1481779498" endtime="1481784218"><status state="up" reason="reset" reason_ttl="255"/>
<address addr="172.21.130.211" addrtype="ipv4"/>
<hostnames>
<hostname name="localhost" type="PTR"/>
</hostnames>
<ports><extraports state="filtered" count="1000">
<extrareasons reason="no-responses" count="1000"/>
</extraports>
</ports>
<os></os>
<distance value="2"/>
<trace port="80" proto="tcp">
<hop ttl="1" ipaddr="10.0.2.2" rtt="0.34" host="localhost"/>
<hop ttl="2" ipaddr="172.21.130.211" rtt="2.00" host="localhost"/>
</trace>
<times srtt="18895" rttvar="28703" to="133707"/>
</host>
<host starttime="1481779498" endtime="1481784218"><status state="up" reason="reset" reason_ttl="255"/>
<address addr="172.21.130.212" addrtype="ipv4"/>
<hostnames>
<hostname name="localhost" type="PTR"/>
</hostnames>
<ports><extraports state="filtered" count="1000">
<extrareasons reason="no-responses" count="1000"/>
</extraports>
</ports>
<os></os>
<distance value="2"/>
<trace port="80" proto="tcp">
<hop ttl="1" ipaddr="10.0.2.2" rtt="0.34" host="localhost"/>
<hop ttl="2" ipaddr="172.21.130.212" rtt="2.25" host="localhost"/>
</trace>
<times srtt="14698" rttvar="21250" to="100000"/>
</host>
<host starttime="1481779498" endtime="1481784218"><status state="up" reason="reset" reason_ttl="255"/>
<address addr="172.21.130.213" addrtype="ipv4"/>
<hostnames>
<hostname name="localhost" type="PTR"/>
</hostnames>
<ports><extraports state="filtered" count="1000">
<extrareasons reason="no-responses" count="1000"/>
</extraports>
</ports>
<os></os>
<distance value="2"/>
<trace port="80" proto="tcp">
<hop ttl="1" ipaddr="10.0.2.2" rtt="0.34" host="localhost"/>
<hop ttl="2" ipaddr="172.21.130.213" rtt="2.14" host="localhost"/>
</trace>
<times srtt="17550" rttvar="25863" to="121002"/>
</host>
<host starttime="1481779498" endtime="1481784218"><status state="up" reason="reset" reason_ttl="255"/>
<address addr="172.21.130.214" addrtype="ipv4"/>
<hostnames>
<hostname name="localhost" type="PTR"/>
</hostnames>
<ports><extraports state="filtered" count="1000">
<extrareasons reason="no-responses" count="1000"/>
</extraports>
</ports>
<os></os>
<distance value="2"/>
<trace port="80" proto="tcp">
<hop ttl="1" ipaddr="10.0.2.2" rtt="0.34" host="localhost"/>
<hop ttl="2" ipaddr="172.21.130.214" rtt="2.07" host="localhost"/>
</trace>
<times srtt="19582" rttvar="31555" to="145802"/>
</host>
<host starttime="1481779498" endtime="1481784218"><status state="up" reason="reset" reason_ttl="255"/>
<address addr="172.21.130.215" addrtype="ipv4"/>
<hostnames>
<hostname name="localhost" type="PTR"/>
</hostnames>
<ports><extraports state="filtered" count="1000">
<extrareasons reason="no-responses" count="1000"/>
</extraports>
</ports>
<os></os>
<distance value="2"/>
<trace port="80" proto="tcp">
<hop ttl="1" ipaddr="10.0.2.2" rtt="0.34" host="localhost"/>
<hop ttl="2" ipaddr="172.21.130.215" rtt="2.04" host="localhost"/>
</trace>
<times srtt="10983" rttvar="16139" to="100000"/>
</host>
<host starttime="1481779498" endtime="1481784218"><status state="up" reason="reset" reason_ttl="255"/>
<address addr="172.21.130.216" addrtype="ipv4"/>
<hostnames>
<hostname name="localhost" type="PTR"/>
</hostnames>
<ports><extraports state="filtered" count="1000">
<extrareasons reason="no-responses" count="1000"/>
</extraports>
</ports>
<os></os>
<distance value="2"/>
<trace port="80" proto="tcp">
<hop ttl="1" ipaddr="10.0.2.2" rtt="0.34" host="localhost"/>
<hop ttl="2" ipaddr="172.21.130.216" rtt="2.00" host="localhost"/>
</trace>
<times srtt="12260" rttvar="16567" to="100000"/>
</host>
<host starttime="1481779498" endtime="1481784218"><status state="up" reason="reset" reason_ttl="255"/>
<address addr="172.21.130.217" addrtype="ipv4"/>
<hostnames>
<hostname name="localhost" type="PTR"/>
</hostnames>
<ports><extraports state="filtered" count="1000">
<extrareasons reason="no-responses" count="1000"/>
</extraports>
</ports>
<os></os>
<distance value="2"/>
<trace port="80" proto="tcp">
<hop ttl="1" ipaddr="10.0.2.2" rtt="0.34" host="localhost"/>
<hop ttl="2" ipaddr="172.21.130.217" rtt="1.98" host="localhost"/>
</trace>
<times srtt="8344" rttvar="8339" to="100000"/>
</host>
<host starttime="1481779498" endtime="1481784218"><status state="up" reason="reset" reason_ttl="255"/>
<address addr="172.21.130.218" addrtype="ipv4"/>
<hostnames>
<hostname name="localhost" type="PTR"/>
</hostnames>
<ports><extraports state="filtered" count="1000">
<extrareasons reason="no-responses" count="1000"/>
</extraports>
</ports>
<os></os>
<distance value="2"/>
<trace port="80" proto="tcp">
<hop ttl="1" ipaddr="10.0.2.2" rtt="0.34" host="localhost"/>
<hop ttl="2" ipaddr="172.21.130.218" rtt="1.93" host="localhost"/>
</trace>
<times srtt="20898" rttvar="35002" to="160906"/>
</host>
<host starttime="1481779498" endtime="1481784218"><status state="up" reason="reset" reason_ttl="255"/>
<address addr="172.21.130.219" addrtype="ipv4"/>
<hostnames>
<hostname name="localhost" type="PTR"/>
</hostnames>
<ports><extraports state="filtered" count="1000">
<extrareasons reason="no-responses" count="1000"/>
</extraports>
</ports>
<os></os>
<distance value="2"/>
<trace port="80" proto="tcp">
<hop ttl="1" ipaddr="10.0.2.2" rtt="0.34" host="localhost"/>
<hop ttl="2" ipaddr="172.21.130.219" rtt="1.96" host="localhost"/>
</trace>
<times srtt="22742" rttvar="33175" to="155442"/>
</host>
<host starttime="1481779498" endtime="1481784218"><status state="up" reason="reset" reason_ttl="255"/>
<address addr="172.21.130.220" addrtype="ipv4"/>
<hostnames>
<hostname name="localhost" type="PTR"/>
</hostnames>
<ports><extraports state="filtered" count="1000">
<extrareasons reason="no-responses" count="1000"/>
</extraports>
</ports>
<os></os>
<distance value="2"/>
<trace port="80" proto="tcp">
<hop ttl="1" ipaddr="10.0.2.2" rtt="0.34" host="localhost"/>
<hop ttl="2" ipaddr="172.21.130.220" rtt="1.92" host="localhost"/>
</trace>
<times srtt="13813" rttvar="21220" to="100000"/>
</host>
<host starttime="1481779498" endtime="1481784218"><status state="up" reason="reset" reason_ttl="255"/>
<address addr="172.21.130.221" addrtype="ipv4"/>
<hostnames>
<hostname name="localhost" type="PTR"/>
</hostnames>
<ports><extraports state="filtered" count="1000">
<extrareasons reason="no-responses" count="1000"/>
</extraports>
</ports>
<os></os>
<distance value="2"/>
<trace port="80" proto="tcp">
<hop ttl="1" ipaddr="10.0.2.2" rtt="0.34" host="localhost"/>
<hop ttl="2" ipaddr="172.21.130.221" rtt="2.00" host="localhost"/>
</trace>
<times srtt="13972" rttvar="18357" to="100000"/>
</host>
<host starttime="1481779498" endtime="1481784218"><status state="up" reason="reset" reason_ttl="255"/>
<address addr="172.21.130.222" addrtype="ipv4"/>
<hostnames>
<hostname name="localhost" type="PTR"/>
</hostnames>
<ports><extraports state="filtered" count="1000">
<extrareasons reason="no-responses" count="1000"/>
</extraports>
</ports>
<os></os>
<distance value="2"/>
<trace port="80" proto="tcp">
<hop ttl="1" ipaddr="10.0.2.2" rtt="0.34" host="localhost"/>
<hop ttl="2" ipaddr="172.21.130.222" rtt="2.31" host="localhost"/>
</trace>
<times srtt="9011" rttvar="8391" to="100000"/>
</host>
<host starttime="1481779498" endtime="1481784218"><status state="up" reason="reset" reason_ttl="255"/>
<address addr="172.21.130.223" addrtype="ipv4"/>
<hostnames>
<hostname name="localhost" type="PTR"/>
</hostnames>
<ports><extraports state="filtered" count="1000">
<extrareasons reason="no-responses" count="1000"/>
</extraports>
</ports>
<os></os>
<distance value="2"/>
<trace port="80" proto="tcp">
<hop ttl="1" ipaddr="10.0.2.2" rtt="0.34" host="localhost"/>
<hop ttl="2" ipaddr="172.21.130.223" rtt="2.17" host="localhost"/>
</trace>
<times srtt="22004" rttvar="35749" to="165000"/>
</host>
<host starttime="1481779498" endtime="1481784218"><status state="up" reason="reset" reason_ttl="255"/>
<address addr="172.21.130.224" addrtype="ipv4"/>
<hostnames>
<hostname name="localhost" type="PTR"/>
</hostnames>
<ports><extraports state="filtered" count="1000">
<extrareasons reason="no-responses" count="1000"/>
</extraports>
</ports>
<os></os>
<distance value="2"/>
<trace port="80" proto="tcp">
<hop ttl="1" ipaddr="10.0.2.2" rtt="0.34" host="localhost"/>
<hop ttl="2" ipaddr="172.21.130.224" rtt="2.11" host="localhost"/>
</trace>
<times srtt="23240" rttvar="35946" to="167024"/>
</host>
<host starttime="1481779498" endtime="1481784218"><status state="up" reason="reset" reason_ttl="255"/>
<address addr="172.21.130.225" addrtype="ipv4"/>
<hostnames>
<hostname name="localhost" type="PTR"/>
</hostnames>
<ports><extraports state="filtered" count="1000">
<extrareasons reason="no-responses" count="1000"/>
</extraports>
</ports>
<os></os>
<distance value="2"/>
<trace port="80" proto="tcp">
<hop ttl="1" ipaddr="10.0.2.2" rtt="0.34" host="localhost"/>
<hop ttl="2" ipaddr="172.21.130.225" rtt="2.09" host="localhost"/>
</trace>
<times srtt="22528" rttvar="36082" to="166856"/>
</host>
<host starttime="1481779498" endtime="1481784218"><status state="up" reason="reset" reason_ttl="255"/>
<address addr="172.21.130.226" addrtype="ipv4"/>
<hostnames>
<hostname name="localhost" type="PTR"/>
</hostnames>
<ports><extraports state="filtered" count="1000">
<extrareasons reason="no-responses" count="1000"/>
</extraports>
</ports>
<os></os>
<distance value="2"/>
<trace port="80" proto="tcp">
<hop ttl="1" ipaddr="10.0.2.2" rtt="0.34" host="localhost"/>
<hop ttl="2" ipaddr="172.21.130.226" rtt="2.05" host="localhost"/>
</trace>
<times srtt="14067" rttvar="22525" to="104167"/>
</host>
<host starttime="1481779498" endtime="1481784218"><status state="up" reason="reset" reason_ttl="255"/>
<address addr="172.21.130.227" addrtype="ipv4"/>
<hostnames>
<hostname name="localhost" type="PTR"/>
</hostnames>
<ports><extraports state="filtered" count="1000">
<extrareasons reason="no-responses" count="1000"/>
</extraports>
</ports>
<os></os>
<distance value="2"/>
<trace port="80" proto="tcp">
<hop ttl="1" ipaddr="10.0.2.2" rtt="0.34" host="localhost"/>
<hop ttl="2" ipaddr="172.21.130.227" rtt="2.03" host="localhost"/>
</trace>
<times srtt="32830" rttvar="49454" to="230646"/>
</host>
<host starttime="1481779498" endtime="1481784218"><status state="up" reason="reset" reason_ttl="255"/>
<address addr="172.21.130.228" addrtype="ipv4"/>
<hostnames>
<hostname name="localhost" type="PTR"/>
</hostnames>
<ports><extraports state="filtered" count="1000">
<extrareasons reason="no-responses" count="1000"/>
</extraports>
</ports>
<os></os>
<distance value="2"/>
<trace port="80" proto="tcp">
<hop ttl="1" ipaddr="10.0.2.2" rtt="0.34" host="localhost"/>
<hop ttl="2" ipaddr="172.21.130.228" rtt="2.03" host="localhost"/>
</trace>
<times srtt="19385" rttvar="29628" to="137897"/>
</host>
<host starttime="1481779498" endtime="1481784218"><status state="up" reason="reset" reason_ttl="255"/>
<address addr="172.21.130.229" addrtype="ipv4"/>
<hostnames>
<hostname name="localhost" type="PTR"/>
</hostnames>
<ports><extraports state="filtered" count="1000">
<extrareasons reason="no-responses" count="1000"/>
</extraports>
</ports>
<os></os>
<distance value="2"/>
<trace port="80" proto="tcp">
<hop ttl="1" ipaddr="10.0.2.2" rtt="0.34" host="localhost"/>
<hop ttl="2" ipaddr="172.21.130.229" rtt="2.08" host="localhost"/>
</trace>
<times srtt="15970" rttvar="24526" to="114074"/>
</host>
<host starttime="1481779498" endtime="1481784218"><status state="up" reason="reset" reason_ttl="255"/>
<address addr="172.21.130.230" addrtype="ipv4"/>
<hostnames>
<hostname name="localhost" type="PTR"/>
</hostnames>
<ports><extraports state="filtered" count="1000">
<extrareasons reason="no-responses" count="1000"/>
</extraports>
</ports>
<os></os>
<distance value="2"/>
<trace port="80" proto="tcp">
<hop ttl="1" ipaddr="10.0.2.2" rtt="0.34" host="localhost"/>
<hop ttl="2" ipaddr="172.21.130.230" rtt="2.07" host="localhost"/>
</trace>
<times srtt="15674" rttvar="21825" to="102974"/>
</host>
<host starttime="1481779498" endtime="1481784218"><status state="up" reason="reset" reason_ttl="255"/>
<address addr="172.21.130.231" addrtype="ipv4"/>
<hostnames>
<hostname name="localhost" type="PTR"/>
</hostnames>
<ports><extraports state="filtered" count="1000">
<extrareasons reason="no-responses" count="1000"/>
</extraports>
</ports>
<os></os>
<distance value="2"/>
<trace port="80" proto="tcp">
<hop ttl="1" ipaddr="10.0.2.2" rtt="0.34" host="localhost"/>
<hop ttl="2" ipaddr="172.21.130.231" rtt="2.10" host="localhost"/>
</trace>
<times srtt="14816" rttvar="18260" to="100000"/>
</host>
<host starttime="1481779498" endtime="1481784218"><status state="up" reason="reset" reason_ttl="255"/>
<address addr="172.21.130.232" addrtype="ipv4"/>
<hostnames>
<hostname name="localhost" type="PTR"/>
</hostnames>
<ports><extraports state="filtered" count="1000">
<extrareasons reason="no-responses" count="1000"/>
</extraports>
</ports>
<os></os>
<distance value="2"/>
<trace port="80" proto="tcp">
<hop ttl="1" ipaddr="10.0.2.2" rtt="0.34" host="localhost"/>
<hop ttl="2" ipaddr="172.21.130.232" rtt="2.40" host="localhost"/>
</trace>
<times srtt="15900" rttvar="23236" to="108844"/>
</host>
<host starttime="1481779498" endtime="1481784218"><status state="up" reason="reset" reason_ttl="255"/>
<address addr="172.21.130.233" addrtype="ipv4"/>
<hostnames>
<hostname name="localhost" type="PTR"/>
</hostnames>
<ports><extraports state="filtered" count="1000">
<extrareasons reason="no-responses" count="1000"/>
</extraports>
</ports>
<os></os>
<distance value="2"/>
<trace port="80" proto="tcp">
<hop ttl="1" ipaddr="10.0.2.2" rtt="0.34" host="localhost"/>
<hop ttl="2" ipaddr="172.21.130.233" rtt="2.29" host="localhost"/>
</trace>
<times srtt="13935" rttvar="18105" to="100000"/>
</host>
<host starttime="1481779498" endtime="1481784218"><status state="up" reason="reset" reason_ttl="255"/>
<address addr="172.21.130.234" addrtype="ipv4"/>
<hostnames>
<hostname name="localhost" type="PTR"/>
</hostnames>
<ports><extraports state="filtered" count="1000">
<extrareasons reason="no-responses" count="1000"/>
</extraports>
</ports>
<os></os>
<distance value="2"/>
<trace port="80" proto="tcp">
<hop ttl="1" ipaddr="10.0.2.2" rtt="0.34" host="localhost"/>
<hop ttl="2" ipaddr="172.21.130.234" rtt="2.23" host="localhost"/>
</trace>
<times srtt="18145" rttvar="26447" to="123933"/>
</host>
<host starttime="1481779498" endtime="1481784218"><status state="up" reason="reset" reason_ttl="255"/>
<address addr="172.21.130.235" addrtype="ipv4"/>
<hostnames>
<hostname name="localhost" type="PTR"/>
</hostnames>
<ports><extraports state="filtered" count="1000">
<extrareasons reason="no-responses" count="1000"/>
</extraports>
</ports>
<os></os>
<distance value="2"/>
<trace port="80" proto="tcp">
<hop ttl="1" ipaddr="10.0.2.2" rtt="0.34" host="localhost"/>
<hop ttl="2" ipaddr="172.21.130.235" rtt="2.12" host="localhost"/>
</trace>
<times srtt="13694" rttvar="17102" to="100000"/>
</host>
<host starttime="1481779498" endtime="1481784218"><status state="up" reason="reset" reason_ttl="255"/>
<address addr="172.21.130.236" addrtype="ipv4"/>
<hostnames>
<hostname name="localhost" type="PTR"/>
</hostnames>
<ports><extraports state="filtered" count="1000">
<extrareasons reason="no-responses" count="1000"/>
</extraports>
</ports>
<os></os>
<distance value="2"/>
<trace port="80" proto="tcp">
<hop ttl="1" ipaddr="10.0.2.2" rtt="0.34" host="localhost"/>
<hop ttl="2" ipaddr="172.21.130.236" rtt="2.04" host="localhost"/>
</trace>
<times srtt="13838" rttvar="19478" to="100000"/>
</host>
<host starttime="1481779498" endtime="1481784218"><status state="up" reason="reset" reason_ttl="255"/>
<address addr="172.21.130.237" addrtype="ipv4"/>
<hostnames>
<hostname name="localhost" type="PTR"/>
</hostnames>
<ports><extraports state="filtered" count="1000">
<extrareasons reason="no-responses" count="1000"/>
</extraports>
</ports>
<os></os>
<distance value="2"/>
<trace port="80" proto="tcp">
<hop ttl="1" ipaddr="10.0.2.2" rtt="0.34" host="localhost"/>
<hop ttl="2" ipaddr="172.21.130.237" rtt="2.00" host="localhost"/>
</trace>
<times srtt="17243" rttvar="28405" to="130863"/>
</host>
<host starttime="1481779498" endtime="1481784218"><status state="up" reason="reset" reason_ttl="255"/>
<address addr="172.21.130.238" addrtype="ipv4"/>
<hostnames>
<hostname name="localhost" type="PTR"/>
</hostnames>
<ports><extraports state="filtered" count="1000">
<extrareasons reason="no-responses" count="1000"/>
</extraports>
</ports>
<os></os>
<distance value="2"/>
<trace port="80" proto="tcp">
<hop ttl="1" ipaddr="10.0.2.2" rtt="0.34" host="localhost"/>
<hop ttl="2" ipaddr="172.21.130.238" rtt="1.93" host="localhost"/>
</trace>
<times srtt="17600" rttvar="25425" to="119300"/>
</host>
<host starttime="1481779498" endtime="1481784218"><status state="up" reason="reset" reason_ttl="255"/>
<address addr="172.21.130.239" addrtype="ipv4"/>
<hostnames>
<hostname name="localhost" type="PTR"/>
</hostnames>
<ports><extraports state="filtered" count="1000">
<extrareasons reason="no-responses" count="1000"/>
</extraports>
</ports>
<os></os>
<distance value="2"/>
<trace port="80" proto="tcp">
<hop ttl="1" ipaddr="10.0.2.2" rtt="0.34" host="localhost"/>
<hop ttl="2" ipaddr="172.21.130.239" rtt="1.90" host="localhost"/>
</trace>
<times srtt="7363" rttvar="7797" to="100000"/>
</host>
<host starttime="1481779498" endtime="1481784218"><status state="up" reason="reset" reason_ttl="255"/>
<address addr="172.21.130.240" addrtype="ipv4"/>
<hostnames>
<hostname name="localhost" type="PTR"/>
</hostnames>
<ports><extraports state="filtered" count="1000">
<extrareasons reason="no-responses" count="1000"/>
</extraports>
</ports>
<os></os>
<distance value="2"/>
<trace port="80" proto="tcp">
<hop ttl="1" ipaddr="10.0.2.2" rtt="0.34" host="localhost"/>
<hop ttl="2" ipaddr="172.21.130.240" rtt="1.94" host="localhost"/>
</trace>
<times srtt="13390" rttvar="15425" to="100000"/>
</host>
<host starttime="1481779498" endtime="1481784218"><status state="up" reason="reset" reason_ttl="255"/>
<address addr="172.21.130.241" addrtype="ipv4"/>
<hostnames>
<hostname name="localhost" type="PTR"/>
</hostnames>
<ports><extraports state="filtered" count="1000">
<extrareasons reason="no-responses" count="1000"/>
</extraports>
</ports>
<os></os>
<distance value="2"/>
<trace port="80" proto="tcp">
<hop ttl="1" ipaddr="10.0.2.2" rtt="0.34" host="localhost"/>
<hop ttl="2" ipaddr="172.21.130.241" rtt="1.92" host="localhost"/>
</trace>
<times srtt="12597" rttvar="18007" to="100000"/>
</host>
<host starttime="1481779498" endtime="1481784218"><status state="up" reason="reset" reason_ttl="255"/>
<address addr="172.21.130.242" addrtype="ipv4"/>
<hostnames>
<hostname name="localhost" type="PTR"/>
</hostnames>
<ports><extraports state="filtered" count="1000">
<extrareasons reason="no-responses" count="1000"/>
</extraports>
</ports>
<os></os>
<distance value="2"/>
<trace port="80" proto="tcp">
<hop ttl="1" ipaddr="10.0.2.2" rtt="0.34" host="localhost"/>
<hop ttl="2" ipaddr="172.21.130.242" rtt="2.36" host="localhost"/>
</trace>
<times srtt="21180" rttvar="33725" to="156080"/>
</host>
<host starttime="1481779498" endtime="1481784218"><status state="up" reason="reset" reason_ttl="255"/>
<address addr="172.21.130.243" addrtype="ipv4"/>
<hostnames>
<hostname name="localhost" type="PTR"/>
</hostnames>
<ports><extraports state="filtered" count="1000">
<extrareasons reason="no-responses" count="1000"/>
</extraports>
</ports>
<os></os>
<distance value="2"/>
<trace port="80" proto="tcp">
<hop ttl="1" ipaddr="10.0.2.2" rtt="0.34" host="localhost"/>
<hop ttl="2" ipaddr="172.21.130.243" rtt="2.24" host="localhost"/>
</trace>
<times srtt="9802" rttvar="10865" to="100000"/>
</host>
<host starttime="1481779498" endtime="1481784218"><status state="up" reason="reset" reason_ttl="255"/>
<address addr="172.21.130.244" addrtype="ipv4"/>
<hostnames>
<hostname name="localhost" type="PTR"/>
</hostnames>
<ports><extraports state="filtered" count="1000">
<extrareasons reason="no-responses" count="1000"/>
</extraports>
</ports>
<os></os>
<distance value="2"/>
<trace port="80" proto="tcp">
<hop ttl="1" ipaddr="10.0.2.2" rtt="0.34" host="localhost"/>
<hop ttl="2" ipaddr="172.21.130.244" rtt="2.25" host="localhost"/>
</trace>
<times srtt="8497" rttvar="8196" to="100000"/>
</host>
<host starttime="1481779498" endtime="1481784218"><status state="up" reason="reset" reason_ttl="255"/>
<address addr="172.21.130.245" addrtype="ipv4"/>
<hostnames>
<hostname name="localhost" type="PTR"/>
</hostnames>
<ports><extraports state="filtered" count="1000">
<extrareasons reason="no-responses" count="1000"/>
</extraports>
</ports>
<os></os>
<distance value="2"/>
<trace port="80" proto="tcp">
<hop ttl="1" ipaddr="10.0.2.2" rtt="0.34" host="localhost"/>
<hop ttl="2" ipaddr="172.21.130.245" rtt="2.23" host="localhost"/>
</trace>
<times srtt="25619" rttvar="40866" to="189083"/>
</host>
<host starttime="1481779498" endtime="1481784218"><status state="up" reason="reset" reason_ttl="255"/>
<address addr="172.21.130.246" addrtype="ipv4"/>
<hostnames>
<hostname name="localhost" type="PTR"/>
</hostnames>
<ports><extraports state="filtered" count="1000">
<extrareasons reason="no-responses" count="1000"/>
</extraports>
</ports>
<os></os>
<distance value="2"/>
<trace port="80" proto="tcp">
<hop ttl="1" ipaddr="10.0.2.2" rtt="0.34" host="localhost"/>
<hop ttl="2" ipaddr="172.21.130.246" rtt="2.18" host="localhost"/>
</trace>
<times srtt="16146" rttvar="26524" to="122242"/>
</host>
<host starttime="1481779498" endtime="1481784218"><status state="up" reason="reset" reason_ttl="255"/>
<address addr="172.21.130.247" addrtype="ipv4"/>
<hostnames>
<hostname name="localhost" type="PTR"/>
</hostnames>
<ports><extraports state="filtered" count="1000">
<extrareasons reason="no-responses" count="1000"/>
</extraports>
</ports>
<os></os>
<distance value="2"/>
<trace port="80" proto="tcp">
<hop ttl="1" ipaddr="10.0.2.2" rtt="0.34" host="localhost"/>
<hop ttl="2" ipaddr="172.21.130.247" rtt="2.17" host="localhost"/>
</trace>
<times srtt="4131" rttvar="2022" to="100000"/>
</host>
<host starttime="1481779498" endtime="1481784218"><status state="up" reason="reset" reason_ttl="255"/>
<address addr="172.21.130.248" addrtype="ipv4"/>
<hostnames>
<hostname name="localhost" type="PTR"/>
</hostnames>
<ports><extraports state="filtered" count="1000">
<extrareasons reason="no-responses" count="1000"/>
</extraports>
</ports>
<os></os>
<distance value="2"/>
<trace port="80" proto="tcp">
<hop ttl="1" ipaddr="10.0.2.2" rtt="0.34" host="localhost"/>
<hop ttl="2" ipaddr="172.21.130.248" rtt="2.22" host="localhost"/>
</trace>
<times srtt="18881" rttvar="27999" to="130877"/>
</host>
<host starttime="1481779498" endtime="1481784218"><status state="up" reason="reset" reason_ttl="255"/>
<address addr="172.21.130.249" addrtype="ipv4"/>
<hostnames>
<hostname name="localhost" type="PTR"/>
</hostnames>
<ports><extraports state="filtered" count="1000">
<extrareasons reason="no-responses" count="1000"/>
</extraports>
</ports>
<os></os>
<distance value="2"/>
<trace port="80" proto="tcp">
<hop ttl="1" ipaddr="10.0.2.2" rtt="0.34" host="localhost"/>
<hop ttl="2" ipaddr="172.21.130.249" rtt="2.18" host="localhost"/>
</trace>
<times srtt="18406" rttvar="30347" to="139794"/>
</host>
<host starttime="1481779498" endtime="1481784218"><status state="up" reason="reset" reason_ttl="255"/>
<address addr="172.21.130.250" addrtype="ipv4"/>
<hostnames>
<hostname name="localhost" type="PTR"/>
</hostnames>
<ports><extraports state="filtered" count="1000">
<extrareasons reason="no-responses" count="1000"/>
</extraports>
</ports>
<os></os>
<distance value="2"/>
<trace port="80" proto="tcp">
<hop ttl="1" ipaddr="10.0.2.2" rtt="0.34" host="localhost"/>
<hop ttl="2" ipaddr="172.21.130.250" rtt="2.16" host="localhost"/>
</trace>
<times srtt="8792" rttvar="9066" to="100000"/>
</host>
<host starttime="1481779498" endtime="1481784218"><status state="up" reason="reset" reason_ttl="255"/>
<address addr="172.21.130.251" addrtype="ipv4"/>
<hostnames>
<hostname name="localhost" type="PTR"/>
</hostnames>
<ports><extraports state="filtered" count="1000">
<extrareasons reason="no-responses" count="1000"/>
</extraports>
</ports>
<os></os>
<distance value="2"/>
<trace port="80" proto="tcp">
<hop ttl="1" ipaddr="10.0.2.2" rtt="0.34" host="localhost"/>
<hop ttl="2" ipaddr="172.21.130.251" rtt="2.14" host="localhost"/>
</trace>
<times srtt="4931" rttvar="3335" to="100000"/>
</host>
<host starttime="1481779498" endtime="1481784218"><status state="up" reason="reset" reason_ttl="255"/>
<address addr="172.21.130.252" addrtype="ipv4"/>
<hostnames>
<hostname name="localhost" type="PTR"/>
</hostnames>
<ports><extraports state="filtered" count="1000">
<extrareasons reason="no-responses" count="1000"/>
</extraports>
</ports>
<os></os>
<distance value="2"/>
<trace port="80" proto="tcp">
<hop ttl="1" ipaddr="10.0.2.2" rtt="0.34" host="localhost"/>
<hop ttl="2" ipaddr="172.21.130.252" rtt="2.06" host="localhost"/>
</trace>
<times srtt="19362" rttvar="29443" to="137134"/>
</host>
<host starttime="1481779498" endtime="1481784218"><status state="up" reason="reset" reason_ttl="255"/>
<address addr="172.21.130.253" addrtype="ipv4"/>
<hostnames>
<hostname name="localhost" type="PTR"/>
</hostnames>
<ports><extraports state="filtered" count="1000">
<extrareasons reason="no-responses" count="1000"/>
</extraports>
</ports>
<os></os>
<distance value="2"/>
<trace port="80" proto="tcp">
<hop ttl="1" ipaddr="10.0.2.2" rtt="0.34" host="localhost"/>
<hop ttl="2" ipaddr="172.21.130.253" rtt="1.98" host="localhost"/>
</trace>
<times srtt="6960" rttvar="6084" to="100000"/>
</host>
<host starttime="1481779498" endtime="1481784218"><status state="up" reason="echo-reply" reason_ttl="252"/>
<address addr="172.21.130.254" addrtype="ipv4"/>
<hostnames>
<hostname name="localhost" type="PTR"/>
</hostnames>
<ports><extraports state="filtered" count="1000">
<extrareasons reason="no-responses" count="1000"/>
</extraports>
</ports>
<os><osmatch name="AXIS 2100 Network Camera" accuracy="100" line="8166">
<osclass type="webcam" vendor="AXIS" osfamily="embedded" accuracy="100"><cpe>cpe:/h:axis:2100_network_camera</cpe></osclass>
</osmatch>
<osmatch name="Cisco 3000 switch (IOS 10.3)" accuracy="100" line="13937">
<osclass type="switch" vendor="Cisco" osfamily="IOS" osgen="10.X" accuracy="100"><cpe>cpe:/h:cisco:catalyst_3000</cpe><cpe>cpe:/o:cisco:ios:10.3</cpe></osclass>
</osmatch>
<osmatch name="Cisco 2500 router (IOS 11.1)" accuracy="100" line="13956">
<osclass type="router" vendor="Cisco" osfamily="IOS" osgen="11.X" accuracy="100"><cpe>cpe:/h:cisco:2500_router</cpe><cpe>cpe:/o:cisco:ios:11.1</cpe></osclass>
</osmatch>
<osmatch name="Linux 2.6.18 (CentOS 5, x86_64, SMP)" accuracy="100" line="56634">
<osclass type="general purpose" vendor="Linux" osfamily="Linux" accuracy="100"><cpe>cpe:/o:linux:linux_kernel:2.6.18</cpe></osclass>
</osmatch>
<osmatch name="Netgear RT311 broadband router" accuracy="100" line="73118">
<osclass type="broadband router" vendor="Netgear" osfamily="embedded" accuracy="100"><cpe>cpe:/h:netgear:rt311</cpe></osclass>
</osmatch>
</os>
<trace proto="icmp">
<hop ttl="1" ipaddr="10.0.2.2" rtt="0.34" host="localhost"/>
<hop ttl="2" ipaddr="192.168.110.254" rtt="8.51" host="localhost"/>
</trace>
<times srtt="27211" rttvar="30645" to="149791"/>
</host>
<host starttime="1481779498" endtime="1481784218"><status state="up" reason="reset" reason_ttl="255"/>
<address addr="172.21.130.255" addrtype="ipv4"/>
<hostnames>
<hostname name="localhost" type="PTR"/>
</hostnames>
<ports><extraports state="filtered" count="1000">
<extrareasons reason="no-responses" count="1000"/>
</extraports>
</ports>
<os></os>
<distance value="2"/>
<trace port="80" proto="tcp">
<hop ttl="1" ipaddr="10.0.2.2" rtt="0.34" host="localhost"/>
<hop ttl="2" ipaddr="172.21.130.255" rtt="2.04" host="localhost"/>
</trace>
<times srtt="21378" rttvar="32848" to="152770"/>
</host>
<runstats><finished time="1481784218" timestr="Thu Dec 15 01:43:38 2016" elapsed="4722.10" summary="Nmap done at Thu Dec 15 01:43:38 2016; 256 IP addresses (256 hosts up) scanned in 4722.10 seconds" exit="success"/><hosts up="256" down="0" total="256"/>
</runstats>
</nmaprun>